[2025-03-20T09:38:05.581-0700] {processor.py:186} INFO - Started process (PID=63919) to work on /Users/shwetawani/Documents/XNode Project/XNode_project/.venv/lib/python3.12/site-packages/airflow/example_dags/plugins/event_listener.py
[2025-03-20T09:38:05.582-0700] {processor.py:914} INFO - Processing file /Users/shwetawani/Documents/XNode Project/XNode_project/.venv/lib/python3.12/site-packages/airflow/example_dags/plugins/event_listener.py for tasks to queue
[2025-03-20T09:38:05.584-0700] {logging_mixin.py:190} INFO - [2025-03-20T09:38:05.583-0700] {dagbag.py:588} INFO - Filling up the DagBag from /Users/shwetawani/Documents/XNode Project/XNode_project/.venv/lib/python3.12/site-packages/airflow/example_dags/plugins/event_listener.py
[2025-03-20T09:38:05.585-0700] {processor.py:927} WARNING - No viable dags retrieved from /Users/shwetawani/Documents/XNode Project/XNode_project/.venv/lib/python3.12/site-packages/airflow/example_dags/plugins/event_listener.py
[2025-03-20T09:38:05.684-0700] {processor.py:208} INFO - Processing /Users/shwetawani/Documents/XNode Project/XNode_project/.venv/lib/python3.12/site-packages/airflow/example_dags/plugins/event_listener.py took 0.106 seconds
[2025-03-20T09:39:41.949-0700] {processor.py:186} INFO - Started process (PID=64031) to work on /Users/shwetawani/Documents/XNode Project/XNode_project/.venv/lib/python3.12/site-packages/airflow/example_dags/plugins/event_listener.py
[2025-03-20T09:39:41.951-0700] {processor.py:914} INFO - Processing file /Users/shwetawani/Documents/XNode Project/XNode_project/.venv/lib/python3.12/site-packages/airflow/example_dags/plugins/event_listener.py for tasks to queue
[2025-03-20T09:39:41.952-0700] {logging_mixin.py:190} INFO - [2025-03-20T09:39:41.952-0700] {dagbag.py:588} INFO - Filling up the DagBag from /Users/shwetawani/Documents/XNode Project/XNode_project/.venv/lib/python3.12/site-packages/airflow/example_dags/plugins/event_listener.py
[2025-03-20T09:39:41.954-0700] {processor.py:927} WARNING - No viable dags retrieved from /Users/shwetawani/Documents/XNode Project/XNode_project/.venv/lib/python3.12/site-packages/airflow/example_dags/plugins/event_listener.py
[2025-03-20T09:39:42.057-0700] {processor.py:208} INFO - Processing /Users/shwetawani/Documents/XNode Project/XNode_project/.venv/lib/python3.12/site-packages/airflow/example_dags/plugins/event_listener.py took 0.111 seconds
[2025-03-20T09:41:16.636-0700] {processor.py:186} INFO - Started process (PID=64144) to work on /Users/shwetawani/Documents/XNode Project/XNode_project/.venv/lib/python3.12/site-packages/airflow/example_dags/plugins/event_listener.py
[2025-03-20T09:41:16.637-0700] {processor.py:914} INFO - Processing file /Users/shwetawani/Documents/XNode Project/XNode_project/.venv/lib/python3.12/site-packages/airflow/example_dags/plugins/event_listener.py for tasks to queue
[2025-03-20T09:41:16.638-0700] {logging_mixin.py:190} INFO - [2025-03-20T09:41:16.637-0700] {dagbag.py:588} INFO - Filling up the DagBag from /Users/shwetawani/Documents/XNode Project/XNode_project/.venv/lib/python3.12/site-packages/airflow/example_dags/plugins/event_listener.py
[2025-03-20T09:41:16.639-0700] {processor.py:927} WARNING - No viable dags retrieved from /Users/shwetawani/Documents/XNode Project/XNode_project/.venv/lib/python3.12/site-packages/airflow/example_dags/plugins/event_listener.py
[2025-03-20T09:41:16.722-0700] {processor.py:208} INFO - Processing /Users/shwetawani/Documents/XNode Project/XNode_project/.venv/lib/python3.12/site-packages/airflow/example_dags/plugins/event_listener.py took 0.089 seconds
[2025-03-20T09:44:08.900-0700] {processor.py:186} INFO - Started process (PID=64308) to work on /Users/shwetawani/Documents/XNode Project/XNode_project/.venv/lib/python3.12/site-packages/airflow/example_dags/plugins/event_listener.py
[2025-03-20T09:44:08.907-0700] {processor.py:914} INFO - Processing file /Users/shwetawani/Documents/XNode Project/XNode_project/.venv/lib/python3.12/site-packages/airflow/example_dags/plugins/event_listener.py for tasks to queue
[2025-03-20T09:44:08.908-0700] {logging_mixin.py:190} INFO - [2025-03-20T09:44:08.908-0700] {dagbag.py:588} INFO - Filling up the DagBag from /Users/shwetawani/Documents/XNode Project/XNode_project/.venv/lib/python3.12/site-packages/airflow/example_dags/plugins/event_listener.py
[2025-03-20T09:44:08.910-0700] {processor.py:927} WARNING - No viable dags retrieved from /Users/shwetawani/Documents/XNode Project/XNode_project/.venv/lib/python3.12/site-packages/airflow/example_dags/plugins/event_listener.py
[2025-03-20T09:44:09.050-0700] {processor.py:208} INFO - Processing /Users/shwetawani/Documents/XNode Project/XNode_project/.venv/lib/python3.12/site-packages/airflow/example_dags/plugins/event_listener.py took 0.153 seconds
