[2025-03-20T09:38:02.584-0700] {processor.py:186} INFO - Started process (PID=63916) to work on /Users/shwetawani/Documents/XNode Project/XNode_project/.venv/lib/python3.12/site-packages/airflow/example_dags/plugins/listener_plugin.py
[2025-03-20T09:38:02.585-0700] {processor.py:914} INFO - Processing file /Users/shwetawani/Documents/XNode Project/XNode_project/.venv/lib/python3.12/site-packages/airflow/example_dags/plugins/listener_plugin.py for tasks to queue
[2025-03-20T09:38:02.587-0700] {logging_mixin.py:190} INFO - [2025-03-20T09:38:02.586-0700] {dagbag.py:588} INFO - Filling up the DagBag from /Users/shwetawani/Documents/XNode Project/XNode_project/.venv/lib/python3.12/site-packages/airflow/example_dags/plugins/listener_plugin.py
[2025-03-20T09:38:02.596-0700] {processor.py:927} WARNING - No viable dags retrieved from /Users/shwetawani/Documents/XNode Project/XNode_project/.venv/lib/python3.12/site-packages/airflow/example_dags/plugins/listener_plugin.py
[2025-03-20T09:38:02.696-0700] {processor.py:208} INFO - Processing /Users/shwetawani/Documents/XNode Project/XNode_project/.venv/lib/python3.12/site-packages/airflow/example_dags/plugins/listener_plugin.py took 0.116 seconds
[2025-03-20T09:39:38.712-0700] {processor.py:186} INFO - Started process (PID=64028) to work on /Users/shwetawani/Documents/XNode Project/XNode_project/.venv/lib/python3.12/site-packages/airflow/example_dags/plugins/listener_plugin.py
[2025-03-20T09:39:38.714-0700] {processor.py:914} INFO - Processing file /Users/shwetawani/Documents/XNode Project/XNode_project/.venv/lib/python3.12/site-packages/airflow/example_dags/plugins/listener_plugin.py for tasks to queue
[2025-03-20T09:39:38.715-0700] {logging_mixin.py:190} INFO - [2025-03-20T09:39:38.715-0700] {dagbag.py:588} INFO - Filling up the DagBag from /Users/shwetawani/Documents/XNode Project/XNode_project/.venv/lib/python3.12/site-packages/airflow/example_dags/plugins/listener_plugin.py
[2025-03-20T09:39:38.717-0700] {processor.py:927} WARNING - No viable dags retrieved from /Users/shwetawani/Documents/XNode Project/XNode_project/.venv/lib/python3.12/site-packages/airflow/example_dags/plugins/listener_plugin.py
[2025-03-20T09:39:38.815-0700] {processor.py:208} INFO - Processing /Users/shwetawani/Documents/XNode Project/XNode_project/.venv/lib/python3.12/site-packages/airflow/example_dags/plugins/listener_plugin.py took 0.106 seconds
[2025-03-20T09:41:13.658-0700] {processor.py:186} INFO - Started process (PID=64142) to work on /Users/shwetawani/Documents/XNode Project/XNode_project/.venv/lib/python3.12/site-packages/airflow/example_dags/plugins/listener_plugin.py
[2025-03-20T09:41:13.659-0700] {processor.py:914} INFO - Processing file /Users/shwetawani/Documents/XNode Project/XNode_project/.venv/lib/python3.12/site-packages/airflow/example_dags/plugins/listener_plugin.py for tasks to queue
[2025-03-20T09:41:13.660-0700] {logging_mixin.py:190} INFO - [2025-03-20T09:41:13.660-0700] {dagbag.py:588} INFO - Filling up the DagBag from /Users/shwetawani/Documents/XNode Project/XNode_project/.venv/lib/python3.12/site-packages/airflow/example_dags/plugins/listener_plugin.py
[2025-03-20T09:41:13.662-0700] {processor.py:927} WARNING - No viable dags retrieved from /Users/shwetawani/Documents/XNode Project/XNode_project/.venv/lib/python3.12/site-packages/airflow/example_dags/plugins/listener_plugin.py
[2025-03-20T09:41:13.747-0700] {processor.py:208} INFO - Processing /Users/shwetawani/Documents/XNode Project/XNode_project/.venv/lib/python3.12/site-packages/airflow/example_dags/plugins/listener_plugin.py took 0.092 seconds
[2025-03-20T09:44:06.461-0700] {processor.py:186} INFO - Started process (PID=64304) to work on /Users/shwetawani/Documents/XNode Project/XNode_project/.venv/lib/python3.12/site-packages/airflow/example_dags/plugins/listener_plugin.py
[2025-03-20T09:44:06.462-0700] {processor.py:914} INFO - Processing file /Users/shwetawani/Documents/XNode Project/XNode_project/.venv/lib/python3.12/site-packages/airflow/example_dags/plugins/listener_plugin.py for tasks to queue
[2025-03-20T09:44:06.468-0700] {logging_mixin.py:190} INFO - [2025-03-20T09:44:06.467-0700] {dagbag.py:588} INFO - Filling up the DagBag from /Users/shwetawani/Documents/XNode Project/XNode_project/.venv/lib/python3.12/site-packages/airflow/example_dags/plugins/listener_plugin.py
[2025-03-20T09:44:06.474-0700] {processor.py:927} WARNING - No viable dags retrieved from /Users/shwetawani/Documents/XNode Project/XNode_project/.venv/lib/python3.12/site-packages/airflow/example_dags/plugins/listener_plugin.py
[2025-03-20T09:44:06.647-0700] {processor.py:208} INFO - Processing /Users/shwetawani/Documents/XNode Project/XNode_project/.venv/lib/python3.12/site-packages/airflow/example_dags/plugins/listener_plugin.py took 0.192 seconds
