[2025-03-20T09:37:56.065-0700] {processor.py:186} INFO - Started process (PID=63914) to work on /Users/shwetawani/Documents/XNode Project/XNode_project/.venv/lib/python3.12/site-packages/airflow/example_dags/plugins/workday.py
[2025-03-20T09:37:56.066-0700] {processor.py:914} INFO - Processing file /Users/shwetawani/Documents/XNode Project/XNode_project/.venv/lib/python3.12/site-packages/airflow/example_dags/plugins/workday.py for tasks to queue
[2025-03-20T09:37:56.067-0700] {logging_mixin.py:190} INFO - [2025-03-20T09:37:56.067-0700] {dagbag.py:588} INFO - Filling up the DagBag from /Users/shwetawani/Documents/XNode Project/XNode_project/.venv/lib/python3.12/site-packages/airflow/example_dags/plugins/workday.py
[2025-03-20T09:37:56.451-0700] {processor.py:927} WARNING - No viable dags retrieved from /Users/shwetawani/Documents/XNode Project/XNode_project/.venv/lib/python3.12/site-packages/airflow/example_dags/plugins/workday.py
[2025-03-20T09:37:56.548-0700] {processor.py:208} INFO - Processing /Users/shwetawani/Documents/XNode Project/XNode_project/.venv/lib/python3.12/site-packages/airflow/example_dags/plugins/workday.py took 0.486 seconds
[2025-03-20T09:39:34.768-0700] {processor.py:186} INFO - Started process (PID=64024) to work on /Users/shwetawani/Documents/XNode Project/XNode_project/.venv/lib/python3.12/site-packages/airflow/example_dags/plugins/workday.py
[2025-03-20T09:39:34.771-0700] {processor.py:914} INFO - Processing file /Users/shwetawani/Documents/XNode Project/XNode_project/.venv/lib/python3.12/site-packages/airflow/example_dags/plugins/workday.py for tasks to queue
[2025-03-20T09:39:34.772-0700] {logging_mixin.py:190} INFO - [2025-03-20T09:39:34.772-0700] {dagbag.py:588} INFO - Filling up the DagBag from /Users/shwetawani/Documents/XNode Project/XNode_project/.venv/lib/python3.12/site-packages/airflow/example_dags/plugins/workday.py
[2025-03-20T09:39:35.273-0700] {processor.py:927} WARNING - No viable dags retrieved from /Users/shwetawani/Documents/XNode Project/XNode_project/.venv/lib/python3.12/site-packages/airflow/example_dags/plugins/workday.py
[2025-03-20T09:39:35.379-0700] {processor.py:208} INFO - Processing /Users/shwetawani/Documents/XNode Project/XNode_project/.venv/lib/python3.12/site-packages/airflow/example_dags/plugins/workday.py took 0.614 seconds
[2025-03-20T09:41:10.207-0700] {processor.py:186} INFO - Started process (PID=64140) to work on /Users/shwetawani/Documents/XNode Project/XNode_project/.venv/lib/python3.12/site-packages/airflow/example_dags/plugins/workday.py
[2025-03-20T09:41:10.208-0700] {processor.py:914} INFO - Processing file /Users/shwetawani/Documents/XNode Project/XNode_project/.venv/lib/python3.12/site-packages/airflow/example_dags/plugins/workday.py for tasks to queue
[2025-03-20T09:41:10.209-0700] {logging_mixin.py:190} INFO - [2025-03-20T09:41:10.209-0700] {dagbag.py:588} INFO - Filling up the DagBag from /Users/shwetawani/Documents/XNode Project/XNode_project/.venv/lib/python3.12/site-packages/airflow/example_dags/plugins/workday.py
[2025-03-20T09:41:10.596-0700] {processor.py:927} WARNING - No viable dags retrieved from /Users/shwetawani/Documents/XNode Project/XNode_project/.venv/lib/python3.12/site-packages/airflow/example_dags/plugins/workday.py
[2025-03-20T09:41:10.689-0700] {processor.py:208} INFO - Processing /Users/shwetawani/Documents/XNode Project/XNode_project/.venv/lib/python3.12/site-packages/airflow/example_dags/plugins/workday.py took 0.486 seconds
[2025-03-20T09:44:00.225-0700] {processor.py:186} INFO - Started process (PID=64300) to work on /Users/shwetawani/Documents/XNode Project/XNode_project/.venv/lib/python3.12/site-packages/airflow/example_dags/plugins/workday.py
[2025-03-20T09:44:00.228-0700] {processor.py:914} INFO - Processing file /Users/shwetawani/Documents/XNode Project/XNode_project/.venv/lib/python3.12/site-packages/airflow/example_dags/plugins/workday.py for tasks to queue
[2025-03-20T09:44:00.230-0700] {logging_mixin.py:190} INFO - [2025-03-20T09:44:00.230-0700] {dagbag.py:588} INFO - Filling up the DagBag from /Users/shwetawani/Documents/XNode Project/XNode_project/.venv/lib/python3.12/site-packages/airflow/example_dags/plugins/workday.py
[2025-03-20T09:44:00.911-0700] {processor.py:927} WARNING - No viable dags retrieved from /Users/shwetawani/Documents/XNode Project/XNode_project/.venv/lib/python3.12/site-packages/airflow/example_dags/plugins/workday.py
[2025-03-20T09:44:01.173-0700] {processor.py:208} INFO - Processing /Users/shwetawani/Documents/XNode Project/XNode_project/.venv/lib/python3.12/site-packages/airflow/example_dags/plugins/workday.py took 0.952 seconds
