[2025-03-20T09:38:37.079-0700] {processor.py:186} INFO - Started process (PID=63951) to work on /Users/shwetawani/Documents/XNode Project/XNode_project/.venv/lib/python3.12/site-packages/airflow/example_dags/example_xcom.py
[2025-03-20T09:38:37.080-0700] {processor.py:914} INFO - Processing file /Users/shwetawani/Documents/XNode Project/XNode_project/.venv/lib/python3.12/site-packages/airflow/example_dags/example_xcom.py for tasks to queue
[2025-03-20T09:38:37.081-0700] {logging_mixin.py:190} INFO - [2025-03-20T09:38:37.081-0700] {dagbag.py:588} INFO - Filling up the DagBag from /Users/shwetawani/Documents/XNode Project/XNode_project/.venv/lib/python3.12/site-packages/airflow/example_dags/example_xcom.py
[2025-03-20T09:38:37.147-0700] {processor.py:925} INFO - DAG(s) 'example_xcom' retrieved from /Users/shwetawani/Documents/XNode Project/XNode_project/.venv/lib/python3.12/site-packages/airflow/example_dags/example_xcom.py
[2025-03-20T09:38:37.376-0700] {logging_mixin.py:190} INFO - [2025-03-20T09:38:37.375-0700] {override.py:1930} INFO - Created Permission View: can edit on DAG:example_xcom
[2025-03-20T09:38:37.384-0700] {logging_mixin.py:190} INFO - [2025-03-20T09:38:37.384-0700] {override.py:1930} INFO - Created Permission View: can delete on DAG:example_xcom
[2025-03-20T09:38:37.389-0700] {logging_mixin.py:190} INFO - [2025-03-20T09:38:37.389-0700] {override.py:1930} INFO - Created Permission View: can read on DAG:example_xcom
[2025-03-20T09:38:37.396-0700] {logging_mixin.py:190} INFO - [2025-03-20T09:38:37.396-0700] {override.py:1930} INFO - Created Permission View: menu access on DAG Run:example_xcom
[2025-03-20T09:38:37.402-0700] {logging_mixin.py:190} INFO - [2025-03-20T09:38:37.402-0700] {override.py:1930} INFO - Created Permission View: can create on DAG Run:example_xcom
[2025-03-20T09:38:37.407-0700] {logging_mixin.py:190} INFO - [2025-03-20T09:38:37.407-0700] {override.py:1930} INFO - Created Permission View: can delete on DAG Run:example_xcom
[2025-03-20T09:38:37.412-0700] {logging_mixin.py:190} INFO - [2025-03-20T09:38:37.412-0700] {override.py:1930} INFO - Created Permission View: can read on DAG Run:example_xcom
[2025-03-20T09:38:37.413-0700] {logging_mixin.py:190} INFO - [2025-03-20T09:38:37.413-0700] {dag.py:3239} INFO - Sync 1 DAGs
[2025-03-20T09:38:37.422-0700] {logging_mixin.py:190} INFO - [2025-03-20T09:38:37.422-0700] {dag.py:3262} INFO - Creating ORM DAG for example_xcom
[2025-03-20T09:38:37.430-0700] {logging_mixin.py:190} INFO - [2025-03-20T09:38:37.429-0700] {dag.py:4180} INFO - Setting next_dagrun for example_xcom to 2021-01-01 00:00:00+00:00, run_after=2021-01-01 00:00:00+00:00
[2025-03-20T09:38:37.444-0700] {processor.py:208} INFO - Processing /Users/shwetawani/Documents/XNode Project/XNode_project/.venv/lib/python3.12/site-packages/airflow/example_dags/example_xcom.py took 0.369 seconds
[2025-03-20T09:40:13.202-0700] {processor.py:186} INFO - Started process (PID=64068) to work on /Users/shwetawani/Documents/XNode Project/XNode_project/.venv/lib/python3.12/site-packages/airflow/example_dags/example_xcom.py
[2025-03-20T09:40:13.204-0700] {processor.py:914} INFO - Processing file /Users/shwetawani/Documents/XNode Project/XNode_project/.venv/lib/python3.12/site-packages/airflow/example_dags/example_xcom.py for tasks to queue
[2025-03-20T09:40:13.206-0700] {logging_mixin.py:190} INFO - [2025-03-20T09:40:13.205-0700] {dagbag.py:588} INFO - Filling up the DagBag from /Users/shwetawani/Documents/XNode Project/XNode_project/.venv/lib/python3.12/site-packages/airflow/example_dags/example_xcom.py
[2025-03-20T09:40:13.247-0700] {processor.py:925} INFO - DAG(s) 'example_xcom' retrieved from /Users/shwetawani/Documents/XNode Project/XNode_project/.venv/lib/python3.12/site-packages/airflow/example_dags/example_xcom.py
[2025-03-20T09:40:13.432-0700] {logging_mixin.py:190} INFO - [2025-03-20T09:40:13.431-0700] {dag.py:3239} INFO - Sync 1 DAGs
[2025-03-20T09:40:13.451-0700] {logging_mixin.py:190} INFO - [2025-03-20T09:40:13.451-0700] {dag.py:4180} INFO - Setting next_dagrun for example_xcom to 2021-01-01 00:00:00+00:00, run_after=2021-01-01 00:00:00+00:00
[2025-03-20T09:40:13.470-0700] {processor.py:208} INFO - Processing /Users/shwetawani/Documents/XNode Project/XNode_project/.venv/lib/python3.12/site-packages/airflow/example_dags/example_xcom.py took 0.272 seconds
[2025-03-20T09:41:44.734-0700] {processor.py:186} INFO - Started process (PID=64171) to work on /Users/shwetawani/Documents/XNode Project/XNode_project/.venv/lib/python3.12/site-packages/airflow/example_dags/example_xcom.py
[2025-03-20T09:41:44.735-0700] {processor.py:914} INFO - Processing file /Users/shwetawani/Documents/XNode Project/XNode_project/.venv/lib/python3.12/site-packages/airflow/example_dags/example_xcom.py for tasks to queue
[2025-03-20T09:41:44.736-0700] {logging_mixin.py:190} INFO - [2025-03-20T09:41:44.736-0700] {dagbag.py:588} INFO - Filling up the DagBag from /Users/shwetawani/Documents/XNode Project/XNode_project/.venv/lib/python3.12/site-packages/airflow/example_dags/example_xcom.py
[2025-03-20T09:41:44.778-0700] {processor.py:925} INFO - DAG(s) 'example_xcom' retrieved from /Users/shwetawani/Documents/XNode Project/XNode_project/.venv/lib/python3.12/site-packages/airflow/example_dags/example_xcom.py
[2025-03-20T09:41:44.962-0700] {logging_mixin.py:190} INFO - [2025-03-20T09:41:44.962-0700] {dag.py:3239} INFO - Sync 1 DAGs
[2025-03-20T09:41:44.977-0700] {logging_mixin.py:190} INFO - [2025-03-20T09:41:44.977-0700] {dag.py:4180} INFO - Setting next_dagrun for example_xcom to 2021-01-01 00:00:00+00:00, run_after=2021-01-01 00:00:00+00:00
[2025-03-20T09:41:44.994-0700] {processor.py:208} INFO - Processing /Users/shwetawani/Documents/XNode Project/XNode_project/.venv/lib/python3.12/site-packages/airflow/example_dags/example_xcom.py took 0.263 seconds
[2025-03-20T09:44:38.154-0700] {processor.py:186} INFO - Started process (PID=64330) to work on /Users/shwetawani/Documents/XNode Project/XNode_project/.venv/lib/python3.12/site-packages/airflow/example_dags/example_xcom.py
[2025-03-20T09:44:38.156-0700] {processor.py:914} INFO - Processing file /Users/shwetawani/Documents/XNode Project/XNode_project/.venv/lib/python3.12/site-packages/airflow/example_dags/example_xcom.py for tasks to queue
[2025-03-20T09:44:38.157-0700] {logging_mixin.py:190} INFO - [2025-03-20T09:44:38.157-0700] {dagbag.py:588} INFO - Filling up the DagBag from /Users/shwetawani/Documents/XNode Project/XNode_project/.venv/lib/python3.12/site-packages/airflow/example_dags/example_xcom.py
[2025-03-20T09:44:38.192-0700] {processor.py:925} INFO - DAG(s) 'example_xcom' retrieved from /Users/shwetawani/Documents/XNode Project/XNode_project/.venv/lib/python3.12/site-packages/airflow/example_dags/example_xcom.py
[2025-03-20T09:44:38.358-0700] {logging_mixin.py:190} INFO - [2025-03-20T09:44:38.358-0700] {dag.py:3239} INFO - Sync 1 DAGs
[2025-03-20T09:44:38.374-0700] {logging_mixin.py:190} INFO - [2025-03-20T09:44:38.374-0700] {dag.py:4180} INFO - Setting next_dagrun for example_xcom to 2021-01-01 00:00:00+00:00, run_after=2021-01-01 00:00:00+00:00
[2025-03-20T09:44:38.391-0700] {processor.py:208} INFO - Processing /Users/shwetawani/Documents/XNode Project/XNode_project/.venv/lib/python3.12/site-packages/airflow/example_dags/example_xcom.py took 0.239 seconds
