[2025-03-20T09:39:02.535-0700] {processor.py:186} INFO - Started process (PID=63976) to work on /Users/shwetawani/Documents/XNode Project/XNode_project/.venv/lib/python3.12/site-packages/airflow/example_dags/example_subdag_operator.py
[2025-03-20T09:39:02.536-0700] {processor.py:914} INFO - Processing file /Users/shwetawani/Documents/XNode Project/XNode_project/.venv/lib/python3.12/site-packages/airflow/example_dags/example_subdag_operator.py for tasks to queue
[2025-03-20T09:39:02.537-0700] {logging_mixin.py:190} INFO - [2025-03-20T09:39:02.536-0700] {dagbag.py:588} INFO - Filling up the DagBag from /Users/shwetawani/Documents/XNode Project/XNode_project/.venv/lib/python3.12/site-packages/airflow/example_dags/example_subdag_operator.py
[2025-03-20T09:39:02.641-0700] {processor.py:925} INFO - DAG(s) 'example_subdag_operator.section-1', 'example_subdag_operator.section-2', 'example_subdag_operator' retrieved from /Users/shwetawani/Documents/XNode Project/XNode_project/.venv/lib/python3.12/site-packages/airflow/example_dags/example_subdag_operator.py
[2025-03-20T09:39:03.577-0700] {logging_mixin.py:190} INFO - [2025-03-20T09:39:03.576-0700] {override.py:1930} INFO - Created Permission View: can delete on DAG:example_subdag_operator
[2025-03-20T09:39:03.584-0700] {logging_mixin.py:190} INFO - [2025-03-20T09:39:03.584-0700] {override.py:1930} INFO - Created Permission View: can read on DAG:example_subdag_operator
[2025-03-20T09:39:03.589-0700] {logging_mixin.py:190} INFO - [2025-03-20T09:39:03.589-0700] {override.py:1930} INFO - Created Permission View: can edit on DAG:example_subdag_operator
[2025-03-20T09:39:03.596-0700] {logging_mixin.py:190} INFO - [2025-03-20T09:39:03.596-0700] {override.py:1930} INFO - Created Permission View: menu access on DAG Run:example_subdag_operator
[2025-03-20T09:39:03.601-0700] {logging_mixin.py:190} INFO - [2025-03-20T09:39:03.601-0700] {override.py:1930} INFO - Created Permission View: can delete on DAG Run:example_subdag_operator
[2025-03-20T09:39:03.608-0700] {logging_mixin.py:190} INFO - [2025-03-20T09:39:03.608-0700] {override.py:1930} INFO - Created Permission View: can read on DAG Run:example_subdag_operator
[2025-03-20T09:39:03.613-0700] {logging_mixin.py:190} INFO - [2025-03-20T09:39:03.613-0700] {override.py:1930} INFO - Created Permission View: can create on DAG Run:example_subdag_operator
[2025-03-20T09:39:03.613-0700] {logging_mixin.py:190} INFO - [2025-03-20T09:39:03.613-0700] {dag.py:3239} INFO - Sync 3 DAGs
[2025-03-20T09:39:03.624-0700] {logging_mixin.py:190} INFO - [2025-03-20T09:39:03.623-0700] {dag.py:3262} INFO - Creating ORM DAG for example_subdag_operator.section-1
[2025-03-20T09:39:03.625-0700] {logging_mixin.py:190} INFO - [2025-03-20T09:39:03.624-0700] {dag.py:3262} INFO - Creating ORM DAG for example_subdag_operator
[2025-03-20T09:39:03.625-0700] {logging_mixin.py:190} INFO - [2025-03-20T09:39:03.625-0700] {dag.py:3262} INFO - Creating ORM DAG for example_subdag_operator.section-2
[2025-03-20T09:39:03.632-0700] {logging_mixin.py:190} INFO - [2025-03-20T09:39:03.631-0700] {dag.py:4180} INFO - Setting next_dagrun for example_subdag_operator to 2022-01-01 00:00:00+00:00, run_after=2022-01-01 00:00:00+00:00
[2025-03-20T09:39:03.632-0700] {logging_mixin.py:190} INFO - [2025-03-20T09:39:03.632-0700] {dag.py:4180} INFO - Setting next_dagrun for example_subdag_operator.section-1 to None, run_after=None
[2025-03-20T09:39:03.633-0700] {logging_mixin.py:190} INFO - [2025-03-20T09:39:03.633-0700] {dag.py:4180} INFO - Setting next_dagrun for example_subdag_operator.section-2 to None, run_after=None
[2025-03-20T09:39:03.639-0700] {logging_mixin.py:190} INFO - [2025-03-20T09:39:03.638-0700] {dag.py:3239} INFO - Sync 2 DAGs
[2025-03-20T09:39:03.643-0700] {logging_mixin.py:190} INFO - [2025-03-20T09:39:03.642-0700] {dag.py:4180} INFO - Setting next_dagrun for example_subdag_operator.section-1 to None, run_after=None
[2025-03-20T09:39:03.644-0700] {logging_mixin.py:190} INFO - [2025-03-20T09:39:03.644-0700] {dag.py:4180} INFO - Setting next_dagrun for example_subdag_operator.section-2 to None, run_after=None
[2025-03-20T09:39:03.657-0700] {processor.py:208} INFO - Processing /Users/shwetawani/Documents/XNode Project/XNode_project/.venv/lib/python3.12/site-packages/airflow/example_dags/example_subdag_operator.py took 1.125 seconds
[2025-03-20T09:40:34.799-0700] {processor.py:186} INFO - Started process (PID=64095) to work on /Users/shwetawani/Documents/XNode Project/XNode_project/.venv/lib/python3.12/site-packages/airflow/example_dags/example_subdag_operator.py
[2025-03-20T09:40:34.802-0700] {processor.py:914} INFO - Processing file /Users/shwetawani/Documents/XNode Project/XNode_project/.venv/lib/python3.12/site-packages/airflow/example_dags/example_subdag_operator.py for tasks to queue
[2025-03-20T09:40:34.803-0700] {logging_mixin.py:190} INFO - [2025-03-20T09:40:34.803-0700] {dagbag.py:588} INFO - Filling up the DagBag from /Users/shwetawani/Documents/XNode Project/XNode_project/.venv/lib/python3.12/site-packages/airflow/example_dags/example_subdag_operator.py
[2025-03-20T09:40:34.894-0700] {processor.py:925} INFO - DAG(s) 'example_subdag_operator.section-1', 'example_subdag_operator.section-2', 'example_subdag_operator' retrieved from /Users/shwetawani/Documents/XNode Project/XNode_project/.venv/lib/python3.12/site-packages/airflow/example_dags/example_subdag_operator.py
[2025-03-20T09:40:35.303-0700] {logging_mixin.py:190} INFO - [2025-03-20T09:40:35.302-0700] {dag.py:3239} INFO - Sync 3 DAGs
[2025-03-20T09:40:35.319-0700] {logging_mixin.py:190} INFO - [2025-03-20T09:40:35.318-0700] {dag.py:4180} INFO - Setting next_dagrun for example_subdag_operator to 2022-01-01 00:00:00+00:00, run_after=2022-01-01 00:00:00+00:00
[2025-03-20T09:40:35.321-0700] {logging_mixin.py:190} INFO - [2025-03-20T09:40:35.321-0700] {dag.py:4180} INFO - Setting next_dagrun for example_subdag_operator.section-1 to None, run_after=None
[2025-03-20T09:40:35.322-0700] {logging_mixin.py:190} INFO - [2025-03-20T09:40:35.322-0700] {dag.py:4180} INFO - Setting next_dagrun for example_subdag_operator.section-2 to None, run_after=None
[2025-03-20T09:40:35.327-0700] {logging_mixin.py:190} INFO - [2025-03-20T09:40:35.326-0700] {dag.py:3239} INFO - Sync 2 DAGs
[2025-03-20T09:40:35.330-0700] {logging_mixin.py:190} INFO - [2025-03-20T09:40:35.330-0700] {dag.py:4180} INFO - Setting next_dagrun for example_subdag_operator.section-1 to None, run_after=None
[2025-03-20T09:40:35.330-0700] {logging_mixin.py:190} INFO - [2025-03-20T09:40:35.330-0700] {dag.py:4180} INFO - Setting next_dagrun for example_subdag_operator.section-2 to None, run_after=None
[2025-03-20T09:40:35.340-0700] {processor.py:208} INFO - Processing /Users/shwetawani/Documents/XNode Project/XNode_project/.venv/lib/python3.12/site-packages/airflow/example_dags/example_subdag_operator.py took 0.544 seconds
[2025-03-20T09:42:11.312-0700] {processor.py:186} INFO - Started process (PID=64194) to work on /Users/shwetawani/Documents/XNode Project/XNode_project/.venv/lib/python3.12/site-packages/airflow/example_dags/example_subdag_operator.py
[2025-03-20T09:42:11.313-0700] {processor.py:914} INFO - Processing file /Users/shwetawani/Documents/XNode Project/XNode_project/.venv/lib/python3.12/site-packages/airflow/example_dags/example_subdag_operator.py for tasks to queue
[2025-03-20T09:42:11.314-0700] {logging_mixin.py:190} INFO - [2025-03-20T09:42:11.314-0700] {dagbag.py:588} INFO - Filling up the DagBag from /Users/shwetawani/Documents/XNode Project/XNode_project/.venv/lib/python3.12/site-packages/airflow/example_dags/example_subdag_operator.py
[2025-03-20T09:42:11.413-0700] {processor.py:925} INFO - DAG(s) 'example_subdag_operator.section-1', 'example_subdag_operator.section-2', 'example_subdag_operator' retrieved from /Users/shwetawani/Documents/XNode Project/XNode_project/.venv/lib/python3.12/site-packages/airflow/example_dags/example_subdag_operator.py
[2025-03-20T09:42:12.330-0700] {logging_mixin.py:190} INFO - [2025-03-20T09:42:12.329-0700] {dag.py:3239} INFO - Sync 3 DAGs
[2025-03-20T09:42:12.349-0700] {logging_mixin.py:190} INFO - [2025-03-20T09:42:12.348-0700] {dag.py:4180} INFO - Setting next_dagrun for example_subdag_operator to 2022-01-01 00:00:00+00:00, run_after=2022-01-01 00:00:00+00:00
[2025-03-20T09:42:12.352-0700] {logging_mixin.py:190} INFO - [2025-03-20T09:42:12.352-0700] {dag.py:4180} INFO - Setting next_dagrun for example_subdag_operator.section-1 to None, run_after=None
[2025-03-20T09:42:12.353-0700] {logging_mixin.py:190} INFO - [2025-03-20T09:42:12.353-0700] {dag.py:4180} INFO - Setting next_dagrun for example_subdag_operator.section-2 to None, run_after=None
[2025-03-20T09:42:12.359-0700] {logging_mixin.py:190} INFO - [2025-03-20T09:42:12.359-0700] {dag.py:3239} INFO - Sync 2 DAGs
[2025-03-20T09:42:12.363-0700] {logging_mixin.py:190} INFO - [2025-03-20T09:42:12.362-0700] {dag.py:4180} INFO - Setting next_dagrun for example_subdag_operator.section-1 to None, run_after=None
[2025-03-20T09:42:12.363-0700] {logging_mixin.py:190} INFO - [2025-03-20T09:42:12.363-0700] {dag.py:4180} INFO - Setting next_dagrun for example_subdag_operator.section-2 to None, run_after=None
[2025-03-20T09:42:12.375-0700] {processor.py:208} INFO - Processing /Users/shwetawani/Documents/XNode Project/XNode_project/.venv/lib/python3.12/site-packages/airflow/example_dags/example_subdag_operator.py took 1.066 seconds
[2025-03-20T09:45:05.460-0700] {processor.py:186} INFO - Started process (PID=64360) to work on /Users/shwetawani/Documents/XNode Project/XNode_project/.venv/lib/python3.12/site-packages/airflow/example_dags/example_subdag_operator.py
[2025-03-20T09:45:05.462-0700] {processor.py:914} INFO - Processing file /Users/shwetawani/Documents/XNode Project/XNode_project/.venv/lib/python3.12/site-packages/airflow/example_dags/example_subdag_operator.py for tasks to queue
[2025-03-20T09:45:05.463-0700] {logging_mixin.py:190} INFO - [2025-03-20T09:45:05.463-0700] {dagbag.py:588} INFO - Filling up the DagBag from /Users/shwetawani/Documents/XNode Project/XNode_project/.venv/lib/python3.12/site-packages/airflow/example_dags/example_subdag_operator.py
[2025-03-20T09:45:05.565-0700] {processor.py:925} INFO - DAG(s) 'example_subdag_operator.section-1', 'example_subdag_operator.section-2', 'example_subdag_operator' retrieved from /Users/shwetawani/Documents/XNode Project/XNode_project/.venv/lib/python3.12/site-packages/airflow/example_dags/example_subdag_operator.py
[2025-03-20T09:45:06.310-0700] {logging_mixin.py:190} INFO - [2025-03-20T09:45:06.309-0700] {dag.py:3239} INFO - Sync 3 DAGs
[2025-03-20T09:45:06.326-0700] {logging_mixin.py:190} INFO - [2025-03-20T09:45:06.326-0700] {dag.py:4180} INFO - Setting next_dagrun for example_subdag_operator to 2022-01-01 00:00:00+00:00, run_after=2022-01-01 00:00:00+00:00
[2025-03-20T09:45:06.329-0700] {logging_mixin.py:190} INFO - [2025-03-20T09:45:06.329-0700] {dag.py:4180} INFO - Setting next_dagrun for example_subdag_operator.section-1 to None, run_after=None
[2025-03-20T09:45:06.330-0700] {logging_mixin.py:190} INFO - [2025-03-20T09:45:06.329-0700] {dag.py:4180} INFO - Setting next_dagrun for example_subdag_operator.section-2 to None, run_after=None
[2025-03-20T09:45:06.334-0700] {logging_mixin.py:190} INFO - [2025-03-20T09:45:06.334-0700] {dag.py:3239} INFO - Sync 2 DAGs
[2025-03-20T09:45:06.338-0700] {logging_mixin.py:190} INFO - [2025-03-20T09:45:06.337-0700] {dag.py:4180} INFO - Setting next_dagrun for example_subdag_operator.section-1 to None, run_after=None
[2025-03-20T09:45:06.338-0700] {logging_mixin.py:190} INFO - [2025-03-20T09:45:06.338-0700] {dag.py:4180} INFO - Setting next_dagrun for example_subdag_operator.section-2 to None, run_after=None
[2025-03-20T09:45:06.349-0700] {processor.py:208} INFO - Processing /Users/shwetawani/Documents/XNode Project/XNode_project/.venv/lib/python3.12/site-packages/airflow/example_dags/example_subdag_operator.py took 0.891 seconds
