[2025-03-20T09:39:11.028-0700] {processor.py:186} INFO - Started process (PID=63986) to work on /Users/shwetawani/Documents/XNode Project/XNode_project/.venv/lib/python3.12/site-packages/airflow/example_dags/example_skip_dag.py
[2025-03-20T09:39:11.029-0700] {processor.py:914} INFO - Processing file /Users/shwetawani/Documents/XNode Project/XNode_project/.venv/lib/python3.12/site-packages/airflow/example_dags/example_skip_dag.py for tasks to queue
[2025-03-20T09:39:11.030-0700] {logging_mixin.py:190} INFO - [2025-03-20T09:39:11.030-0700] {dagbag.py:588} INFO - Filling up the DagBag from /Users/shwetawani/Documents/XNode Project/XNode_project/.venv/lib/python3.12/site-packages/airflow/example_dags/example_skip_dag.py
[2025-03-20T09:39:11.039-0700] {processor.py:925} INFO - DAG(s) 'example_skip_dag' retrieved from /Users/shwetawani/Documents/XNode Project/XNode_project/.venv/lib/python3.12/site-packages/airflow/example_dags/example_skip_dag.py
[2025-03-20T09:39:11.320-0700] {logging_mixin.py:190} INFO - [2025-03-20T09:39:11.320-0700] {override.py:1930} INFO - Created Permission View: can read on DAG:example_skip_dag
[2025-03-20T09:39:11.330-0700] {logging_mixin.py:190} INFO - [2025-03-20T09:39:11.330-0700] {override.py:1930} INFO - Created Permission View: can delete on DAG:example_skip_dag
[2025-03-20T09:39:11.336-0700] {logging_mixin.py:190} INFO - [2025-03-20T09:39:11.336-0700] {override.py:1930} INFO - Created Permission View: can edit on DAG:example_skip_dag
[2025-03-20T09:39:11.344-0700] {logging_mixin.py:190} INFO - [2025-03-20T09:39:11.343-0700] {override.py:1930} INFO - Created Permission View: can read on DAG Run:example_skip_dag
[2025-03-20T09:39:11.349-0700] {logging_mixin.py:190} INFO - [2025-03-20T09:39:11.349-0700] {override.py:1930} INFO - Created Permission View: can create on DAG Run:example_skip_dag
[2025-03-20T09:39:11.355-0700] {logging_mixin.py:190} INFO - [2025-03-20T09:39:11.354-0700] {override.py:1930} INFO - Created Permission View: can delete on DAG Run:example_skip_dag
[2025-03-20T09:39:11.360-0700] {logging_mixin.py:190} INFO - [2025-03-20T09:39:11.360-0700] {override.py:1930} INFO - Created Permission View: menu access on DAG Run:example_skip_dag
[2025-03-20T09:39:11.361-0700] {logging_mixin.py:190} INFO - [2025-03-20T09:39:11.360-0700] {dag.py:3239} INFO - Sync 1 DAGs
[2025-03-20T09:39:11.373-0700] {logging_mixin.py:190} INFO - [2025-03-20T09:39:11.372-0700] {dag.py:3262} INFO - Creating ORM DAG for example_skip_dag
[2025-03-20T09:39:11.381-0700] {logging_mixin.py:190} INFO - [2025-03-20T09:39:11.381-0700] {dag.py:4180} INFO - Setting next_dagrun for example_skip_dag to 2025-03-19 00:00:00+00:00, run_after=2025-03-20 00:00:00+00:00
[2025-03-20T09:39:11.400-0700] {processor.py:208} INFO - Processing /Users/shwetawani/Documents/XNode Project/XNode_project/.venv/lib/python3.12/site-packages/airflow/example_dags/example_skip_dag.py took 0.375 seconds
[2025-03-20T09:40:40.854-0700] {processor.py:186} INFO - Started process (PID=64099) to work on /Users/shwetawani/Documents/XNode Project/XNode_project/.venv/lib/python3.12/site-packages/airflow/example_dags/example_skip_dag.py
[2025-03-20T09:40:40.854-0700] {processor.py:914} INFO - Processing file /Users/shwetawani/Documents/XNode Project/XNode_project/.venv/lib/python3.12/site-packages/airflow/example_dags/example_skip_dag.py for tasks to queue
[2025-03-20T09:40:40.856-0700] {logging_mixin.py:190} INFO - [2025-03-20T09:40:40.855-0700] {dagbag.py:588} INFO - Filling up the DagBag from /Users/shwetawani/Documents/XNode Project/XNode_project/.venv/lib/python3.12/site-packages/airflow/example_dags/example_skip_dag.py
[2025-03-20T09:40:40.862-0700] {processor.py:925} INFO - DAG(s) 'example_skip_dag' retrieved from /Users/shwetawani/Documents/XNode Project/XNode_project/.venv/lib/python3.12/site-packages/airflow/example_dags/example_skip_dag.py
[2025-03-20T09:40:40.954-0700] {logging_mixin.py:190} INFO - [2025-03-20T09:40:40.954-0700] {dag.py:3239} INFO - Sync 1 DAGs
[2025-03-20T09:40:41.023-0700] {logging_mixin.py:190} INFO - [2025-03-20T09:40:41.023-0700] {dag.py:4180} INFO - Setting next_dagrun for example_skip_dag to 2025-03-19 00:00:00+00:00, run_after=2025-03-20 00:00:00+00:00
[2025-03-20T09:40:41.041-0700] {processor.py:208} INFO - Processing /Users/shwetawani/Documents/XNode Project/XNode_project/.venv/lib/python3.12/site-packages/airflow/example_dags/example_skip_dag.py took 0.190 seconds
[2025-03-20T09:42:18.216-0700] {processor.py:186} INFO - Started process (PID=64198) to work on /Users/shwetawani/Documents/XNode Project/XNode_project/.venv/lib/python3.12/site-packages/airflow/example_dags/example_skip_dag.py
[2025-03-20T09:42:18.217-0700] {processor.py:914} INFO - Processing file /Users/shwetawani/Documents/XNode Project/XNode_project/.venv/lib/python3.12/site-packages/airflow/example_dags/example_skip_dag.py for tasks to queue
[2025-03-20T09:42:18.218-0700] {logging_mixin.py:190} INFO - [2025-03-20T09:42:18.218-0700] {dagbag.py:588} INFO - Filling up the DagBag from /Users/shwetawani/Documents/XNode Project/XNode_project/.venv/lib/python3.12/site-packages/airflow/example_dags/example_skip_dag.py
[2025-03-20T09:42:18.227-0700] {processor.py:925} INFO - DAG(s) 'example_skip_dag' retrieved from /Users/shwetawani/Documents/XNode Project/XNode_project/.venv/lib/python3.12/site-packages/airflow/example_dags/example_skip_dag.py
[2025-03-20T09:42:18.326-0700] {logging_mixin.py:190} INFO - [2025-03-20T09:42:18.325-0700] {dag.py:3239} INFO - Sync 1 DAGs
[2025-03-20T09:42:18.396-0700] {logging_mixin.py:190} INFO - [2025-03-20T09:42:18.396-0700] {dag.py:4180} INFO - Setting next_dagrun for example_skip_dag to 2025-03-19 00:00:00+00:00, run_after=2025-03-20 00:00:00+00:00
[2025-03-20T09:42:18.414-0700] {processor.py:208} INFO - Processing /Users/shwetawani/Documents/XNode Project/XNode_project/.venv/lib/python3.12/site-packages/airflow/example_dags/example_skip_dag.py took 0.200 seconds
[2025-03-20T09:45:12.201-0700] {processor.py:186} INFO - Started process (PID=64364) to work on /Users/shwetawani/Documents/XNode Project/XNode_project/.venv/lib/python3.12/site-packages/airflow/example_dags/example_skip_dag.py
[2025-03-20T09:45:12.203-0700] {processor.py:914} INFO - Processing file /Users/shwetawani/Documents/XNode Project/XNode_project/.venv/lib/python3.12/site-packages/airflow/example_dags/example_skip_dag.py for tasks to queue
[2025-03-20T09:45:12.204-0700] {logging_mixin.py:190} INFO - [2025-03-20T09:45:12.204-0700] {dagbag.py:588} INFO - Filling up the DagBag from /Users/shwetawani/Documents/XNode Project/XNode_project/.venv/lib/python3.12/site-packages/airflow/example_dags/example_skip_dag.py
[2025-03-20T09:45:12.212-0700] {processor.py:925} INFO - DAG(s) 'example_skip_dag' retrieved from /Users/shwetawani/Documents/XNode Project/XNode_project/.venv/lib/python3.12/site-packages/airflow/example_dags/example_skip_dag.py
[2025-03-20T09:45:12.303-0700] {logging_mixin.py:190} INFO - [2025-03-20T09:45:12.303-0700] {dag.py:3239} INFO - Sync 1 DAGs
[2025-03-20T09:45:12.373-0700] {logging_mixin.py:190} INFO - [2025-03-20T09:45:12.373-0700] {dag.py:4180} INFO - Setting next_dagrun for example_skip_dag to 2025-03-19 00:00:00+00:00, run_after=2025-03-20 00:00:00+00:00
[2025-03-20T09:45:12.391-0700] {processor.py:208} INFO - Processing /Users/shwetawani/Documents/XNode Project/XNode_project/.venv/lib/python3.12/site-packages/airflow/example_dags/example_skip_dag.py took 0.192 seconds
