[2025-03-20T09:40:00.565-0700] {processor.py:186} INFO - Started process (PID=64055) to work on /Users/shwetawani/Documents/XNode Project/XNode_project/.venv/lib/python3.12/site-packages/airflow/example_dags/example_outlet_event_extra.py
[2025-03-20T09:40:00.566-0700] {processor.py:914} INFO - Processing file /Users/shwetawani/Documents/XNode Project/XNode_project/.venv/lib/python3.12/site-packages/airflow/example_dags/example_outlet_event_extra.py for tasks to queue
[2025-03-20T09:40:00.568-0700] {logging_mixin.py:190} INFO - [2025-03-20T09:40:00.568-0700] {dagbag.py:588} INFO - Filling up the DagBag from /Users/shwetawani/Documents/XNode Project/XNode_project/.venv/lib/python3.12/site-packages/airflow/example_dags/example_outlet_event_extra.py
[2025-03-20T09:40:00.666-0700] {processor.py:925} INFO - DAG(s) 'dataset_with_extra_from_classic_operator', 'dataset_with_extra_by_yield', 'dataset_with_extra_by_context' retrieved from /Users/shwetawani/Documents/XNode Project/XNode_project/.venv/lib/python3.12/site-packages/airflow/example_dags/example_outlet_event_extra.py
[2025-03-20T09:40:01.109-0700] {logging_mixin.py:190} INFO - [2025-03-20T09:40:01.107-0700] {override.py:1930} INFO - Created Permission View: can delete on DAG:dataset_with_extra_from_classic_operator
[2025-03-20T09:40:01.118-0700] {logging_mixin.py:190} INFO - [2025-03-20T09:40:01.118-0700] {override.py:1930} INFO - Created Permission View: can read on DAG:dataset_with_extra_from_classic_operator
[2025-03-20T09:40:01.125-0700] {logging_mixin.py:190} INFO - [2025-03-20T09:40:01.125-0700] {override.py:1930} INFO - Created Permission View: can edit on DAG:dataset_with_extra_from_classic_operator
[2025-03-20T09:40:01.134-0700] {logging_mixin.py:190} INFO - [2025-03-20T09:40:01.134-0700] {override.py:1930} INFO - Created Permission View: can delete on DAG Run:dataset_with_extra_from_classic_operator
[2025-03-20T09:40:01.141-0700] {logging_mixin.py:190} INFO - [2025-03-20T09:40:01.141-0700] {override.py:1930} INFO - Created Permission View: can read on DAG Run:dataset_with_extra_from_classic_operator
[2025-03-20T09:40:01.150-0700] {logging_mixin.py:190} INFO - [2025-03-20T09:40:01.149-0700] {override.py:1930} INFO - Created Permission View: can create on DAG Run:dataset_with_extra_from_classic_operator
[2025-03-20T09:40:01.161-0700] {logging_mixin.py:190} INFO - [2025-03-20T09:40:01.161-0700] {override.py:1930} INFO - Created Permission View: menu access on DAG Run:dataset_with_extra_from_classic_operator
[2025-03-20T09:40:01.179-0700] {logging_mixin.py:190} INFO - [2025-03-20T09:40:01.178-0700] {override.py:1930} INFO - Created Permission View: can delete on DAG:dataset_with_extra_by_yield
[2025-03-20T09:40:01.188-0700] {logging_mixin.py:190} INFO - [2025-03-20T09:40:01.187-0700] {override.py:1930} INFO - Created Permission View: can read on DAG:dataset_with_extra_by_yield
[2025-03-20T09:40:01.197-0700] {logging_mixin.py:190} INFO - [2025-03-20T09:40:01.197-0700] {override.py:1930} INFO - Created Permission View: can edit on DAG:dataset_with_extra_by_yield
[2025-03-20T09:40:01.207-0700] {logging_mixin.py:190} INFO - [2025-03-20T09:40:01.207-0700] {override.py:1930} INFO - Created Permission View: can delete on DAG Run:dataset_with_extra_by_yield
[2025-03-20T09:40:01.215-0700] {logging_mixin.py:190} INFO - [2025-03-20T09:40:01.215-0700] {override.py:1930} INFO - Created Permission View: can read on DAG Run:dataset_with_extra_by_yield
[2025-03-20T09:40:01.233-0700] {logging_mixin.py:190} INFO - [2025-03-20T09:40:01.231-0700] {override.py:1930} INFO - Created Permission View: can create on DAG Run:dataset_with_extra_by_yield
[2025-03-20T09:40:01.243-0700] {logging_mixin.py:190} INFO - [2025-03-20T09:40:01.243-0700] {override.py:1930} INFO - Created Permission View: menu access on DAG Run:dataset_with_extra_by_yield
[2025-03-20T09:40:01.262-0700] {logging_mixin.py:190} INFO - [2025-03-20T09:40:01.262-0700] {override.py:1930} INFO - Created Permission View: can delete on DAG:dataset_with_extra_by_context
[2025-03-20T09:40:01.272-0700] {logging_mixin.py:190} INFO - [2025-03-20T09:40:01.271-0700] {override.py:1930} INFO - Created Permission View: can read on DAG:dataset_with_extra_by_context
[2025-03-20T09:40:01.285-0700] {logging_mixin.py:190} INFO - [2025-03-20T09:40:01.284-0700] {override.py:1930} INFO - Created Permission View: can edit on DAG:dataset_with_extra_by_context
[2025-03-20T09:40:01.300-0700] {logging_mixin.py:190} INFO - [2025-03-20T09:40:01.300-0700] {override.py:1930} INFO - Created Permission View: can delete on DAG Run:dataset_with_extra_by_context
[2025-03-20T09:40:01.311-0700] {logging_mixin.py:190} INFO - [2025-03-20T09:40:01.311-0700] {override.py:1930} INFO - Created Permission View: can read on DAG Run:dataset_with_extra_by_context
[2025-03-20T09:40:01.320-0700] {logging_mixin.py:190} INFO - [2025-03-20T09:40:01.319-0700] {override.py:1930} INFO - Created Permission View: can create on DAG Run:dataset_with_extra_by_context
[2025-03-20T09:40:01.330-0700] {logging_mixin.py:190} INFO - [2025-03-20T09:40:01.330-0700] {override.py:1930} INFO - Created Permission View: menu access on DAG Run:dataset_with_extra_by_context
[2025-03-20T09:40:01.331-0700] {logging_mixin.py:190} INFO - [2025-03-20T09:40:01.331-0700] {dag.py:3239} INFO - Sync 3 DAGs
[2025-03-20T09:40:01.352-0700] {logging_mixin.py:190} INFO - [2025-03-20T09:40:01.352-0700] {dag.py:3262} INFO - Creating ORM DAG for dataset_with_extra_by_context
[2025-03-20T09:40:01.353-0700] {logging_mixin.py:190} INFO - [2025-03-20T09:40:01.353-0700] {dag.py:3262} INFO - Creating ORM DAG for dataset_with_extra_from_classic_operator
[2025-03-20T09:40:01.355-0700] {logging_mixin.py:190} INFO - [2025-03-20T09:40:01.354-0700] {dag.py:3262} INFO - Creating ORM DAG for dataset_with_extra_by_yield
[2025-03-20T09:40:01.368-0700] {logging_mixin.py:190} INFO - [2025-03-20T09:40:01.368-0700] {dag.py:4180} INFO - Setting next_dagrun for dataset_with_extra_by_context to 2025-03-19 00:00:00+00:00, run_after=2025-03-20 00:00:00+00:00
[2025-03-20T09:40:01.372-0700] {logging_mixin.py:190} INFO - [2025-03-20T09:40:01.371-0700] {dag.py:4180} INFO - Setting next_dagrun for dataset_with_extra_by_yield to 2025-03-19 00:00:00+00:00, run_after=2025-03-20 00:00:00+00:00
[2025-03-20T09:40:01.375-0700] {logging_mixin.py:190} INFO - [2025-03-20T09:40:01.375-0700] {dag.py:4180} INFO - Setting next_dagrun for dataset_with_extra_from_classic_operator to 2025-03-19 00:00:00+00:00, run_after=2025-03-20 00:00:00+00:00
[2025-03-20T09:40:01.827-0700] {processor.py:208} INFO - Processing /Users/shwetawani/Documents/XNode Project/XNode_project/.venv/lib/python3.12/site-packages/airflow/example_dags/example_outlet_event_extra.py took 1.267 seconds
[2025-03-20T09:43:00.583-0700] {processor.py:186} INFO - Started process (PID=64225) to work on /Users/shwetawani/Documents/XNode Project/XNode_project/.venv/lib/python3.12/site-packages/airflow/example_dags/example_outlet_event_extra.py
[2025-03-20T09:43:00.584-0700] {processor.py:914} INFO - Processing file /Users/shwetawani/Documents/XNode Project/XNode_project/.venv/lib/python3.12/site-packages/airflow/example_dags/example_outlet_event_extra.py for tasks to queue
[2025-03-20T09:43:00.585-0700] {logging_mixin.py:190} INFO - [2025-03-20T09:43:00.585-0700] {dagbag.py:588} INFO - Filling up the DagBag from /Users/shwetawani/Documents/XNode Project/XNode_project/.venv/lib/python3.12/site-packages/airflow/example_dags/example_outlet_event_extra.py
[2025-03-20T09:43:00.703-0700] {processor.py:925} INFO - DAG(s) 'dataset_with_extra_by_yield', 'dataset_with_extra_by_context', 'dataset_with_extra_from_classic_operator' retrieved from /Users/shwetawani/Documents/XNode Project/XNode_project/.venv/lib/python3.12/site-packages/airflow/example_dags/example_outlet_event_extra.py
[2025-03-20T09:43:00.853-0700] {logging_mixin.py:190} INFO - [2025-03-20T09:43:00.853-0700] {dag.py:3239} INFO - Sync 3 DAGs
[2025-03-20T09:43:00.870-0700] {logging_mixin.py:190} INFO - [2025-03-20T09:43:00.870-0700] {dag.py:4180} INFO - Setting next_dagrun for dataset_with_extra_by_context to 2025-03-19 00:00:00+00:00, run_after=2025-03-20 00:00:00+00:00
[2025-03-20T09:43:00.874-0700] {logging_mixin.py:190} INFO - [2025-03-20T09:43:00.874-0700] {dag.py:4180} INFO - Setting next_dagrun for dataset_with_extra_by_yield to 2025-03-19 00:00:00+00:00, run_after=2025-03-20 00:00:00+00:00
[2025-03-20T09:43:00.876-0700] {logging_mixin.py:190} INFO - [2025-03-20T09:43:00.876-0700] {dag.py:4180} INFO - Setting next_dagrun for dataset_with_extra_from_classic_operator to 2025-03-19 00:00:00+00:00, run_after=2025-03-20 00:00:00+00:00
[2025-03-20T09:43:00.895-0700] {processor.py:208} INFO - Processing /Users/shwetawani/Documents/XNode Project/XNode_project/.venv/lib/python3.12/site-packages/airflow/example_dags/example_outlet_event_extra.py took 0.315 seconds
