[2025-03-20T09:38:48.186-0700] {processor.py:186} INFO - Started process (PID=63964) to work on /Users/shwetawani/Documents/XNode Project/XNode_project/.venv/lib/python3.12/site-packages/airflow/example_dags/example_trigger_controller_dag.py
[2025-03-20T09:38:48.187-0700] {processor.py:914} INFO - Processing file /Users/shwetawani/Documents/XNode Project/XNode_project/.venv/lib/python3.12/site-packages/airflow/example_dags/example_trigger_controller_dag.py for tasks to queue
[2025-03-20T09:38:48.188-0700] {logging_mixin.py:190} INFO - [2025-03-20T09:38:48.188-0700] {dagbag.py:588} INFO - Filling up the DagBag from /Users/shwetawani/Documents/XNode Project/XNode_project/.venv/lib/python3.12/site-packages/airflow/example_dags/example_trigger_controller_dag.py
[2025-03-20T09:38:48.201-0700] {processor.py:925} INFO - DAG(s) 'example_trigger_controller_dag' retrieved from /Users/shwetawani/Documents/XNode Project/XNode_project/.venv/lib/python3.12/site-packages/airflow/example_dags/example_trigger_controller_dag.py
[2025-03-20T09:38:48.456-0700] {logging_mixin.py:190} INFO - [2025-03-20T09:38:48.456-0700] {override.py:1930} INFO - Created Permission View: can read on DAG:example_trigger_controller_dag
[2025-03-20T09:38:48.467-0700] {logging_mixin.py:190} INFO - [2025-03-20T09:38:48.466-0700] {override.py:1930} INFO - Created Permission View: can delete on DAG:example_trigger_controller_dag
[2025-03-20T09:38:48.472-0700] {logging_mixin.py:190} INFO - [2025-03-20T09:38:48.472-0700] {override.py:1930} INFO - Created Permission View: can edit on DAG:example_trigger_controller_dag
[2025-03-20T09:38:48.480-0700] {logging_mixin.py:190} INFO - [2025-03-20T09:38:48.480-0700] {override.py:1930} INFO - Created Permission View: can read on DAG Run:example_trigger_controller_dag
[2025-03-20T09:38:48.487-0700] {logging_mixin.py:190} INFO - [2025-03-20T09:38:48.486-0700] {override.py:1930} INFO - Created Permission View: menu access on DAG Run:example_trigger_controller_dag
[2025-03-20T09:38:48.495-0700] {logging_mixin.py:190} INFO - [2025-03-20T09:38:48.495-0700] {override.py:1930} INFO - Created Permission View: can delete on DAG Run:example_trigger_controller_dag
[2025-03-20T09:38:48.503-0700] {logging_mixin.py:190} INFO - [2025-03-20T09:38:48.502-0700] {override.py:1930} INFO - Created Permission View: can create on DAG Run:example_trigger_controller_dag
[2025-03-20T09:38:48.503-0700] {logging_mixin.py:190} INFO - [2025-03-20T09:38:48.503-0700] {dag.py:3239} INFO - Sync 1 DAGs
[2025-03-20T09:38:48.515-0700] {logging_mixin.py:190} INFO - [2025-03-20T09:38:48.515-0700] {dag.py:3262} INFO - Creating ORM DAG for example_trigger_controller_dag
[2025-03-20T09:38:48.522-0700] {logging_mixin.py:190} INFO - [2025-03-20T09:38:48.522-0700] {dag.py:4180} INFO - Setting next_dagrun for example_trigger_controller_dag to 2021-01-01 00:00:00+00:00, run_after=2021-01-01 00:00:00+00:00
[2025-03-20T09:38:48.538-0700] {processor.py:208} INFO - Processing /Users/shwetawani/Documents/XNode Project/XNode_project/.venv/lib/python3.12/site-packages/airflow/example_dags/example_trigger_controller_dag.py took 0.356 seconds
[2025-03-20T09:40:22.724-0700] {processor.py:186} INFO - Started process (PID=64086) to work on /Users/shwetawani/Documents/XNode Project/XNode_project/.venv/lib/python3.12/site-packages/airflow/example_dags/example_trigger_controller_dag.py
[2025-03-20T09:40:22.726-0700] {processor.py:914} INFO - Processing file /Users/shwetawani/Documents/XNode Project/XNode_project/.venv/lib/python3.12/site-packages/airflow/example_dags/example_trigger_controller_dag.py for tasks to queue
[2025-03-20T09:40:22.727-0700] {logging_mixin.py:190} INFO - [2025-03-20T09:40:22.727-0700] {dagbag.py:588} INFO - Filling up the DagBag from /Users/shwetawani/Documents/XNode Project/XNode_project/.venv/lib/python3.12/site-packages/airflow/example_dags/example_trigger_controller_dag.py
[2025-03-20T09:40:22.738-0700] {processor.py:925} INFO - DAG(s) 'example_trigger_controller_dag' retrieved from /Users/shwetawani/Documents/XNode Project/XNode_project/.venv/lib/python3.12/site-packages/airflow/example_dags/example_trigger_controller_dag.py
[2025-03-20T09:40:22.823-0700] {logging_mixin.py:190} INFO - [2025-03-20T09:40:22.822-0700] {dag.py:3239} INFO - Sync 1 DAGs
[2025-03-20T09:40:22.839-0700] {logging_mixin.py:190} INFO - [2025-03-20T09:40:22.839-0700] {dag.py:4180} INFO - Setting next_dagrun for example_trigger_controller_dag to 2021-01-01 00:00:00+00:00, run_after=2021-01-01 00:00:00+00:00
[2025-03-20T09:40:22.919-0700] {processor.py:208} INFO - Processing /Users/shwetawani/Documents/XNode Project/XNode_project/.venv/lib/python3.12/site-packages/airflow/example_dags/example_trigger_controller_dag.py took 0.198 seconds
[2025-03-20T09:41:57.616-0700] {processor.py:186} INFO - Started process (PID=64185) to work on /Users/shwetawani/Documents/XNode Project/XNode_project/.venv/lib/python3.12/site-packages/airflow/example_dags/example_trigger_controller_dag.py
[2025-03-20T09:41:57.619-0700] {processor.py:914} INFO - Processing file /Users/shwetawani/Documents/XNode Project/XNode_project/.venv/lib/python3.12/site-packages/airflow/example_dags/example_trigger_controller_dag.py for tasks to queue
[2025-03-20T09:41:57.620-0700] {logging_mixin.py:190} INFO - [2025-03-20T09:41:57.620-0700] {dagbag.py:588} INFO - Filling up the DagBag from /Users/shwetawani/Documents/XNode Project/XNode_project/.venv/lib/python3.12/site-packages/airflow/example_dags/example_trigger_controller_dag.py
[2025-03-20T09:41:57.632-0700] {processor.py:925} INFO - DAG(s) 'example_trigger_controller_dag' retrieved from /Users/shwetawani/Documents/XNode Project/XNode_project/.venv/lib/python3.12/site-packages/airflow/example_dags/example_trigger_controller_dag.py
[2025-03-20T09:41:57.738-0700] {logging_mixin.py:190} INFO - [2025-03-20T09:41:57.737-0700] {dag.py:3239} INFO - Sync 1 DAGs
[2025-03-20T09:41:57.757-0700] {logging_mixin.py:190} INFO - [2025-03-20T09:41:57.757-0700] {dag.py:4180} INFO - Setting next_dagrun for example_trigger_controller_dag to 2021-01-01 00:00:00+00:00, run_after=2021-01-01 00:00:00+00:00
[2025-03-20T09:41:57.833-0700] {processor.py:208} INFO - Processing /Users/shwetawani/Documents/XNode Project/XNode_project/.venv/lib/python3.12/site-packages/airflow/example_dags/example_trigger_controller_dag.py took 0.220 seconds
[2025-03-20T09:44:51.324-0700] {processor.py:186} INFO - Started process (PID=64346) to work on /Users/shwetawani/Documents/XNode Project/XNode_project/.venv/lib/python3.12/site-packages/airflow/example_dags/example_trigger_controller_dag.py
[2025-03-20T09:44:51.325-0700] {processor.py:914} INFO - Processing file /Users/shwetawani/Documents/XNode Project/XNode_project/.venv/lib/python3.12/site-packages/airflow/example_dags/example_trigger_controller_dag.py for tasks to queue
[2025-03-20T09:44:51.326-0700] {logging_mixin.py:190} INFO - [2025-03-20T09:44:51.326-0700] {dagbag.py:588} INFO - Filling up the DagBag from /Users/shwetawani/Documents/XNode Project/XNode_project/.venv/lib/python3.12/site-packages/airflow/example_dags/example_trigger_controller_dag.py
[2025-03-20T09:44:51.342-0700] {processor.py:925} INFO - DAG(s) 'example_trigger_controller_dag' retrieved from /Users/shwetawani/Documents/XNode Project/XNode_project/.venv/lib/python3.12/site-packages/airflow/example_dags/example_trigger_controller_dag.py
[2025-03-20T09:44:51.468-0700] {logging_mixin.py:190} INFO - [2025-03-20T09:44:51.468-0700] {dag.py:3239} INFO - Sync 1 DAGs
[2025-03-20T09:44:51.487-0700] {logging_mixin.py:190} INFO - [2025-03-20T09:44:51.487-0700] {dag.py:4180} INFO - Setting next_dagrun for example_trigger_controller_dag to 2021-01-01 00:00:00+00:00, run_after=2021-01-01 00:00:00+00:00
[2025-03-20T09:44:51.594-0700] {processor.py:208} INFO - Processing /Users/shwetawani/Documents/XNode Project/XNode_project/.venv/lib/python3.12/site-packages/airflow/example_dags/example_trigger_controller_dag.py took 0.273 seconds
