[2025-03-20T09:39:29.240-0700] {processor.py:186} INFO - Started process (PID=64017) to work on /Users/shwetawani/Documents/XNode Project/XNode_project/.venv/lib/python3.12/site-packages/airflow/example_dags/example_setup_teardown_taskflow.py
[2025-03-20T09:39:29.241-0700] {processor.py:914} INFO - Processing file /Users/shwetawani/Documents/XNode Project/XNode_project/.venv/lib/python3.12/site-packages/airflow/example_dags/example_setup_teardown_taskflow.py for tasks to queue
[2025-03-20T09:39:29.243-0700] {logging_mixin.py:190} INFO - [2025-03-20T09:39:29.243-0700] {dagbag.py:588} INFO - Filling up the DagBag from /Users/shwetawani/Documents/XNode Project/XNode_project/.venv/lib/python3.12/site-packages/airflow/example_dags/example_setup_teardown_taskflow.py
[2025-03-20T09:39:29.295-0700] {processor.py:925} INFO - DAG(s) 'example_setup_teardown_taskflow' retrieved from /Users/shwetawani/Documents/XNode Project/XNode_project/.venv/lib/python3.12/site-packages/airflow/example_dags/example_setup_teardown_taskflow.py
[2025-03-20T09:39:29.600-0700] {logging_mixin.py:190} INFO - [2025-03-20T09:39:29.600-0700] {override.py:1930} INFO - Created Permission View: can delete on DAG:example_setup_teardown_taskflow
[2025-03-20T09:39:29.610-0700] {logging_mixin.py:190} INFO - [2025-03-20T09:39:29.609-0700] {override.py:1930} INFO - Created Permission View: can read on DAG:example_setup_teardown_taskflow
[2025-03-20T09:39:29.616-0700] {logging_mixin.py:190} INFO - [2025-03-20T09:39:29.616-0700] {override.py:1930} INFO - Created Permission View: can edit on DAG:example_setup_teardown_taskflow
[2025-03-20T09:39:29.624-0700] {logging_mixin.py:190} INFO - [2025-03-20T09:39:29.624-0700] {override.py:1930} INFO - Created Permission View: can delete on DAG Run:example_setup_teardown_taskflow
[2025-03-20T09:39:29.633-0700] {logging_mixin.py:190} INFO - [2025-03-20T09:39:29.633-0700] {override.py:1930} INFO - Created Permission View: can create on DAG Run:example_setup_teardown_taskflow
[2025-03-20T09:39:29.639-0700] {logging_mixin.py:190} INFO - [2025-03-20T09:39:29.639-0700] {override.py:1930} INFO - Created Permission View: menu access on DAG Run:example_setup_teardown_taskflow
[2025-03-20T09:39:29.646-0700] {logging_mixin.py:190} INFO - [2025-03-20T09:39:29.645-0700] {override.py:1930} INFO - Created Permission View: can read on DAG Run:example_setup_teardown_taskflow
[2025-03-20T09:39:29.646-0700] {logging_mixin.py:190} INFO - [2025-03-20T09:39:29.646-0700] {dag.py:3239} INFO - Sync 1 DAGs
[2025-03-20T09:39:29.660-0700] {logging_mixin.py:190} INFO - [2025-03-20T09:39:29.659-0700] {dag.py:3262} INFO - Creating ORM DAG for example_setup_teardown_taskflow
[2025-03-20T09:39:29.661-0700] {logging_mixin.py:190} INFO - [2025-03-20T09:39:29.660-0700] {dag.py:4180} INFO - Setting next_dagrun for example_setup_teardown_taskflow to None, run_after=None
[2025-03-20T09:39:29.684-0700] {processor.py:208} INFO - Processing /Users/shwetawani/Documents/XNode Project/XNode_project/.venv/lib/python3.12/site-packages/airflow/example_dags/example_setup_teardown_taskflow.py took 0.448 seconds
[2025-03-20T09:42:28.767-0700] {processor.py:186} INFO - Started process (PID=64207) to work on /Users/shwetawani/Documents/XNode Project/XNode_project/.venv/lib/python3.12/site-packages/airflow/example_dags/example_setup_teardown_taskflow.py
[2025-03-20T09:42:28.769-0700] {processor.py:914} INFO - Processing file /Users/shwetawani/Documents/XNode Project/XNode_project/.venv/lib/python3.12/site-packages/airflow/example_dags/example_setup_teardown_taskflow.py for tasks to queue
[2025-03-20T09:42:28.770-0700] {logging_mixin.py:190} INFO - [2025-03-20T09:42:28.770-0700] {dagbag.py:588} INFO - Filling up the DagBag from /Users/shwetawani/Documents/XNode Project/XNode_project/.venv/lib/python3.12/site-packages/airflow/example_dags/example_setup_teardown_taskflow.py
[2025-03-20T09:42:28.813-0700] {processor.py:925} INFO - DAG(s) 'example_setup_teardown_taskflow' retrieved from /Users/shwetawani/Documents/XNode Project/XNode_project/.venv/lib/python3.12/site-packages/airflow/example_dags/example_setup_teardown_taskflow.py
[2025-03-20T09:42:28.976-0700] {logging_mixin.py:190} INFO - [2025-03-20T09:42:28.976-0700] {dag.py:3239} INFO - Sync 1 DAGs
[2025-03-20T09:42:28.987-0700] {logging_mixin.py:190} INFO - [2025-03-20T09:42:28.986-0700] {dag.py:4180} INFO - Setting next_dagrun for example_setup_teardown_taskflow to None, run_after=None
[2025-03-20T09:42:29.006-0700] {processor.py:208} INFO - Processing /Users/shwetawani/Documents/XNode Project/XNode_project/.venv/lib/python3.12/site-packages/airflow/example_dags/example_setup_teardown_taskflow.py took 0.242 seconds
[2025-03-20T09:45:22.836-0700] {processor.py:186} INFO - Started process (PID=64373) to work on /Users/shwetawani/Documents/XNode Project/XNode_project/.venv/lib/python3.12/site-packages/airflow/example_dags/example_setup_teardown_taskflow.py
[2025-03-20T09:45:22.839-0700] {processor.py:914} INFO - Processing file /Users/shwetawani/Documents/XNode Project/XNode_project/.venv/lib/python3.12/site-packages/airflow/example_dags/example_setup_teardown_taskflow.py for tasks to queue
[2025-03-20T09:45:22.840-0700] {logging_mixin.py:190} INFO - [2025-03-20T09:45:22.840-0700] {dagbag.py:588} INFO - Filling up the DagBag from /Users/shwetawani/Documents/XNode Project/XNode_project/.venv/lib/python3.12/site-packages/airflow/example_dags/example_setup_teardown_taskflow.py
[2025-03-20T09:45:22.875-0700] {processor.py:925} INFO - DAG(s) 'example_setup_teardown_taskflow' retrieved from /Users/shwetawani/Documents/XNode Project/XNode_project/.venv/lib/python3.12/site-packages/airflow/example_dags/example_setup_teardown_taskflow.py
[2025-03-20T09:45:23.020-0700] {logging_mixin.py:190} INFO - [2025-03-20T09:45:23.019-0700] {dag.py:3239} INFO - Sync 1 DAGs
[2025-03-20T09:45:23.030-0700] {logging_mixin.py:190} INFO - [2025-03-20T09:45:23.030-0700] {dag.py:4180} INFO - Setting next_dagrun for example_setup_teardown_taskflow to None, run_after=None
[2025-03-20T09:45:23.048-0700] {processor.py:208} INFO - Processing /Users/shwetawani/Documents/XNode Project/XNode_project/.venv/lib/python3.12/site-packages/airflow/example_dags/example_setup_teardown_taskflow.py took 0.215 seconds
