[2025-03-20T09:40:13.731-0700] {processor.py:186} INFO - Started process (PID=64069) to work on /Users/shwetawani/Documents/XNode Project/XNode_project/.venv/lib/python3.12/site-packages/airflow/example_dags/example_latest_only_with_trigger.py
[2025-03-20T09:40:13.733-0700] {processor.py:914} INFO - Processing file /Users/shwetawani/Documents/XNode Project/XNode_project/.venv/lib/python3.12/site-packages/airflow/example_dags/example_latest_only_with_trigger.py for tasks to queue
[2025-03-20T09:40:13.735-0700] {logging_mixin.py:190} INFO - [2025-03-20T09:40:13.734-0700] {dagbag.py:588} INFO - Filling up the DagBag from /Users/shwetawani/Documents/XNode Project/XNode_project/.venv/lib/python3.12/site-packages/airflow/example_dags/example_latest_only_with_trigger.py
[2025-03-20T09:40:13.745-0700] {processor.py:925} INFO - DAG(s) 'latest_only_with_trigger' retrieved from /Users/shwetawani/Documents/XNode Project/XNode_project/.venv/lib/python3.12/site-packages/airflow/example_dags/example_latest_only_with_trigger.py
[2025-03-20T09:40:14.038-0700] {logging_mixin.py:190} INFO - [2025-03-20T09:40:14.037-0700] {override.py:1930} INFO - Created Permission View: can delete on DAG:latest_only_with_trigger
[2025-03-20T09:40:14.049-0700] {logging_mixin.py:190} INFO - [2025-03-20T09:40:14.049-0700] {override.py:1930} INFO - Created Permission View: can edit on DAG:latest_only_with_trigger
[2025-03-20T09:40:14.057-0700] {logging_mixin.py:190} INFO - [2025-03-20T09:40:14.057-0700] {override.py:1930} INFO - Created Permission View: can read on DAG:latest_only_with_trigger
[2025-03-20T09:40:14.066-0700] {logging_mixin.py:190} INFO - [2025-03-20T09:40:14.065-0700] {override.py:1930} INFO - Created Permission View: can delete on DAG Run:latest_only_with_trigger
[2025-03-20T09:40:14.073-0700] {logging_mixin.py:190} INFO - [2025-03-20T09:40:14.073-0700] {override.py:1930} INFO - Created Permission View: menu access on DAG Run:latest_only_with_trigger
[2025-03-20T09:40:14.079-0700] {logging_mixin.py:190} INFO - [2025-03-20T09:40:14.079-0700] {override.py:1930} INFO - Created Permission View: can create on DAG Run:latest_only_with_trigger
[2025-03-20T09:40:14.087-0700] {logging_mixin.py:190} INFO - [2025-03-20T09:40:14.086-0700] {override.py:1930} INFO - Created Permission View: can read on DAG Run:latest_only_with_trigger
[2025-03-20T09:40:14.087-0700] {logging_mixin.py:190} INFO - [2025-03-20T09:40:14.087-0700] {dag.py:3239} INFO - Sync 1 DAGs
[2025-03-20T09:40:14.100-0700] {logging_mixin.py:190} INFO - [2025-03-20T09:40:14.100-0700] {dag.py:3262} INFO - Creating ORM DAG for latest_only_with_trigger
[2025-03-20T09:40:14.109-0700] {logging_mixin.py:190} INFO - [2025-03-20T09:40:14.109-0700] {dag.py:4180} INFO - Setting next_dagrun for latest_only_with_trigger to 2025-03-20 12:00:00+00:00, run_after=2025-03-20 16:00:00+00:00
[2025-03-20T09:40:14.125-0700] {processor.py:208} INFO - Processing /Users/shwetawani/Documents/XNode Project/XNode_project/.venv/lib/python3.12/site-packages/airflow/example_dags/example_latest_only_with_trigger.py took 0.398 seconds
[2025-03-20T09:43:09.080-0700] {processor.py:186} INFO - Started process (PID=64231) to work on /Users/shwetawani/Documents/XNode Project/XNode_project/.venv/lib/python3.12/site-packages/airflow/example_dags/example_latest_only_with_trigger.py
[2025-03-20T09:43:09.083-0700] {processor.py:914} INFO - Processing file /Users/shwetawani/Documents/XNode Project/XNode_project/.venv/lib/python3.12/site-packages/airflow/example_dags/example_latest_only_with_trigger.py for tasks to queue
[2025-03-20T09:43:09.084-0700] {logging_mixin.py:190} INFO - [2025-03-20T09:43:09.084-0700] {dagbag.py:588} INFO - Filling up the DagBag from /Users/shwetawani/Documents/XNode Project/XNode_project/.venv/lib/python3.12/site-packages/airflow/example_dags/example_latest_only_with_trigger.py
[2025-03-20T09:43:09.096-0700] {processor.py:925} INFO - DAG(s) 'latest_only_with_trigger' retrieved from /Users/shwetawani/Documents/XNode Project/XNode_project/.venv/lib/python3.12/site-packages/airflow/example_dags/example_latest_only_with_trigger.py
[2025-03-20T09:43:09.207-0700] {logging_mixin.py:190} INFO - [2025-03-20T09:43:09.206-0700] {dag.py:3239} INFO - Sync 1 DAGs
[2025-03-20T09:43:09.285-0700] {logging_mixin.py:190} INFO - [2025-03-20T09:43:09.285-0700] {dag.py:4180} INFO - Setting next_dagrun for latest_only_with_trigger to 2025-03-20 12:00:00+00:00, run_after=2025-03-20 16:00:00+00:00
[2025-03-20T09:43:09.305-0700] {processor.py:208} INFO - Processing /Users/shwetawani/Documents/XNode Project/XNode_project/.venv/lib/python3.12/site-packages/airflow/example_dags/example_latest_only_with_trigger.py took 0.228 seconds
