[2025-03-20T09:40:04.976-0700] {processor.py:186} INFO - Started process (PID=64059) to work on /Users/shwetawani/Documents/XNode Project/XNode_project/.venv/lib/python3.12/site-packages/airflow/example_dags/example_nested_branch_dag.py
[2025-03-20T09:40:04.978-0700] {processor.py:914} INFO - Processing file /Users/shwetawani/Documents/XNode Project/XNode_project/.venv/lib/python3.12/site-packages/airflow/example_dags/example_nested_branch_dag.py for tasks to queue
[2025-03-20T09:40:04.979-0700] {logging_mixin.py:190} INFO - [2025-03-20T09:40:04.979-0700] {dagbag.py:588} INFO - Filling up the DagBag from /Users/shwetawani/Documents/XNode Project/XNode_project/.venv/lib/python3.12/site-packages/airflow/example_dags/example_nested_branch_dag.py
[2025-03-20T09:40:05.050-0700] {processor.py:925} INFO - DAG(s) 'example_nested_branch_dag' retrieved from /Users/shwetawani/Documents/XNode Project/XNode_project/.venv/lib/python3.12/site-packages/airflow/example_dags/example_nested_branch_dag.py
[2025-03-20T09:40:05.530-0700] {logging_mixin.py:190} INFO - [2025-03-20T09:40:05.529-0700] {override.py:1930} INFO - Created Permission View: can read on DAG:example_nested_branch_dag
[2025-03-20T09:40:05.545-0700] {logging_mixin.py:190} INFO - [2025-03-20T09:40:05.544-0700] {override.py:1930} INFO - Created Permission View: can delete on DAG:example_nested_branch_dag
[2025-03-20T09:40:05.554-0700] {logging_mixin.py:190} INFO - [2025-03-20T09:40:05.554-0700] {override.py:1930} INFO - Created Permission View: can edit on DAG:example_nested_branch_dag
[2025-03-20T09:40:05.567-0700] {logging_mixin.py:190} INFO - [2025-03-20T09:40:05.566-0700] {override.py:1930} INFO - Created Permission View: can read on DAG Run:example_nested_branch_dag
[2025-03-20T09:40:05.575-0700] {logging_mixin.py:190} INFO - [2025-03-20T09:40:05.575-0700] {override.py:1930} INFO - Created Permission View: can create on DAG Run:example_nested_branch_dag
[2025-03-20T09:40:05.586-0700] {logging_mixin.py:190} INFO - [2025-03-20T09:40:05.586-0700] {override.py:1930} INFO - Created Permission View: can delete on DAG Run:example_nested_branch_dag
[2025-03-20T09:40:05.595-0700] {logging_mixin.py:190} INFO - [2025-03-20T09:40:05.595-0700] {override.py:1930} INFO - Created Permission View: menu access on DAG Run:example_nested_branch_dag
[2025-03-20T09:40:05.596-0700] {logging_mixin.py:190} INFO - [2025-03-20T09:40:05.596-0700] {dag.py:3239} INFO - Sync 1 DAGs
[2025-03-20T09:40:05.613-0700] {logging_mixin.py:190} INFO - [2025-03-20T09:40:05.612-0700] {dag.py:3262} INFO - Creating ORM DAG for example_nested_branch_dag
[2025-03-20T09:40:05.628-0700] {logging_mixin.py:190} INFO - [2025-03-20T09:40:05.628-0700] {dag.py:4180} INFO - Setting next_dagrun for example_nested_branch_dag to 2025-03-19 00:00:00+00:00, run_after=2025-03-20 00:00:00+00:00
[2025-03-20T09:40:05.650-0700] {processor.py:208} INFO - Processing /Users/shwetawani/Documents/XNode Project/XNode_project/.venv/lib/python3.12/site-packages/airflow/example_dags/example_nested_branch_dag.py took 0.678 seconds
[2025-03-20T09:43:03.338-0700] {processor.py:186} INFO - Started process (PID=64227) to work on /Users/shwetawani/Documents/XNode Project/XNode_project/.venv/lib/python3.12/site-packages/airflow/example_dags/example_nested_branch_dag.py
[2025-03-20T09:43:03.341-0700] {processor.py:914} INFO - Processing file /Users/shwetawani/Documents/XNode Project/XNode_project/.venv/lib/python3.12/site-packages/airflow/example_dags/example_nested_branch_dag.py for tasks to queue
[2025-03-20T09:43:03.342-0700] {logging_mixin.py:190} INFO - [2025-03-20T09:43:03.342-0700] {dagbag.py:588} INFO - Filling up the DagBag from /Users/shwetawani/Documents/XNode Project/XNode_project/.venv/lib/python3.12/site-packages/airflow/example_dags/example_nested_branch_dag.py
[2025-03-20T09:43:03.393-0700] {processor.py:925} INFO - DAG(s) 'example_nested_branch_dag' retrieved from /Users/shwetawani/Documents/XNode Project/XNode_project/.venv/lib/python3.12/site-packages/airflow/example_dags/example_nested_branch_dag.py
[2025-03-20T09:43:03.567-0700] {logging_mixin.py:190} INFO - [2025-03-20T09:43:03.566-0700] {dag.py:3239} INFO - Sync 1 DAGs
[2025-03-20T09:43:03.585-0700] {logging_mixin.py:190} INFO - [2025-03-20T09:43:03.585-0700] {dag.py:4180} INFO - Setting next_dagrun for example_nested_branch_dag to 2025-03-19 00:00:00+00:00, run_after=2025-03-20 00:00:00+00:00
[2025-03-20T09:43:03.606-0700] {processor.py:208} INFO - Processing /Users/shwetawani/Documents/XNode Project/XNode_project/.venv/lib/python3.12/site-packages/airflow/example_dags/example_nested_branch_dag.py took 0.272 seconds
