[2025-03-20T09:38:55.417-0700] {processor.py:186} INFO - Started process (PID=63971) to work on /Users/shwetawani/Documents/XNode Project/XNode_project/.venv/lib/python3.12/site-packages/airflow/example_dags/example_task_group_decorator.py
[2025-03-20T09:38:55.418-0700] {processor.py:914} INFO - Processing file /Users/shwetawani/Documents/XNode Project/XNode_project/.venv/lib/python3.12/site-packages/airflow/example_dags/example_task_group_decorator.py for tasks to queue
[2025-03-20T09:38:55.419-0700] {logging_mixin.py:190} INFO - [2025-03-20T09:38:55.419-0700] {dagbag.py:588} INFO - Filling up the DagBag from /Users/shwetawani/Documents/XNode Project/XNode_project/.venv/lib/python3.12/site-packages/airflow/example_dags/example_task_group_decorator.py
[2025-03-20T09:38:55.479-0700] {processor.py:925} INFO - DAG(s) 'example_task_group_decorator' retrieved from /Users/shwetawani/Documents/XNode Project/XNode_project/.venv/lib/python3.12/site-packages/airflow/example_dags/example_task_group_decorator.py
[2025-03-20T09:38:55.732-0700] {logging_mixin.py:190} INFO - [2025-03-20T09:38:55.732-0700] {override.py:1930} INFO - Created Permission View: can read on DAG:example_task_group_decorator
[2025-03-20T09:38:55.742-0700] {logging_mixin.py:190} INFO - [2025-03-20T09:38:55.742-0700] {override.py:1930} INFO - Created Permission View: can delete on DAG:example_task_group_decorator
[2025-03-20T09:38:55.749-0700] {logging_mixin.py:190} INFO - [2025-03-20T09:38:55.748-0700] {override.py:1930} INFO - Created Permission View: can edit on DAG:example_task_group_decorator
[2025-03-20T09:38:55.755-0700] {logging_mixin.py:190} INFO - [2025-03-20T09:38:55.755-0700] {override.py:1930} INFO - Created Permission View: can create on DAG Run:example_task_group_decorator
[2025-03-20T09:38:55.762-0700] {logging_mixin.py:190} INFO - [2025-03-20T09:38:55.762-0700] {override.py:1930} INFO - Created Permission View: can read on DAG Run:example_task_group_decorator
[2025-03-20T09:38:55.768-0700] {logging_mixin.py:190} INFO - [2025-03-20T09:38:55.767-0700] {override.py:1930} INFO - Created Permission View: can delete on DAG Run:example_task_group_decorator
[2025-03-20T09:38:55.774-0700] {logging_mixin.py:190} INFO - [2025-03-20T09:38:55.773-0700] {override.py:1930} INFO - Created Permission View: menu access on DAG Run:example_task_group_decorator
[2025-03-20T09:38:55.775-0700] {logging_mixin.py:190} INFO - [2025-03-20T09:38:55.774-0700] {dag.py:3239} INFO - Sync 1 DAGs
[2025-03-20T09:38:55.786-0700] {logging_mixin.py:190} INFO - [2025-03-20T09:38:55.786-0700] {dag.py:3262} INFO - Creating ORM DAG for example_task_group_decorator
[2025-03-20T09:38:55.786-0700] {logging_mixin.py:190} INFO - [2025-03-20T09:38:55.786-0700] {dag.py:4180} INFO - Setting next_dagrun for example_task_group_decorator to None, run_after=None
[2025-03-20T09:38:55.802-0700] {processor.py:208} INFO - Processing /Users/shwetawani/Documents/XNode Project/XNode_project/.venv/lib/python3.12/site-packages/airflow/example_dags/example_task_group_decorator.py took 0.387 seconds
[2025-03-20T09:40:28.771-0700] {processor.py:186} INFO - Started process (PID=64090) to work on /Users/shwetawani/Documents/XNode Project/XNode_project/.venv/lib/python3.12/site-packages/airflow/example_dags/example_task_group_decorator.py
[2025-03-20T09:40:28.773-0700] {processor.py:914} INFO - Processing file /Users/shwetawani/Documents/XNode Project/XNode_project/.venv/lib/python3.12/site-packages/airflow/example_dags/example_task_group_decorator.py for tasks to queue
[2025-03-20T09:40:28.775-0700] {logging_mixin.py:190} INFO - [2025-03-20T09:40:28.774-0700] {dagbag.py:588} INFO - Filling up the DagBag from /Users/shwetawani/Documents/XNode Project/XNode_project/.venv/lib/python3.12/site-packages/airflow/example_dags/example_task_group_decorator.py
[2025-03-20T09:40:28.813-0700] {processor.py:925} INFO - DAG(s) 'example_task_group_decorator' retrieved from /Users/shwetawani/Documents/XNode Project/XNode_project/.venv/lib/python3.12/site-packages/airflow/example_dags/example_task_group_decorator.py
[2025-03-20T09:40:28.957-0700] {logging_mixin.py:190} INFO - [2025-03-20T09:40:28.957-0700] {dag.py:3239} INFO - Sync 1 DAGs
[2025-03-20T09:40:28.967-0700] {logging_mixin.py:190} INFO - [2025-03-20T09:40:28.967-0700] {dag.py:4180} INFO - Setting next_dagrun for example_task_group_decorator to None, run_after=None
[2025-03-20T09:40:28.983-0700] {processor.py:208} INFO - Processing /Users/shwetawani/Documents/XNode Project/XNode_project/.venv/lib/python3.12/site-packages/airflow/example_dags/example_task_group_decorator.py took 0.215 seconds
[2025-03-20T09:42:04.585-0700] {processor.py:186} INFO - Started process (PID=64189) to work on /Users/shwetawani/Documents/XNode Project/XNode_project/.venv/lib/python3.12/site-packages/airflow/example_dags/example_task_group_decorator.py
[2025-03-20T09:42:04.587-0700] {processor.py:914} INFO - Processing file /Users/shwetawani/Documents/XNode Project/XNode_project/.venv/lib/python3.12/site-packages/airflow/example_dags/example_task_group_decorator.py for tasks to queue
[2025-03-20T09:42:04.588-0700] {logging_mixin.py:190} INFO - [2025-03-20T09:42:04.588-0700] {dagbag.py:588} INFO - Filling up the DagBag from /Users/shwetawani/Documents/XNode Project/XNode_project/.venv/lib/python3.12/site-packages/airflow/example_dags/example_task_group_decorator.py
[2025-03-20T09:42:04.634-0700] {processor.py:925} INFO - DAG(s) 'example_task_group_decorator' retrieved from /Users/shwetawani/Documents/XNode Project/XNode_project/.venv/lib/python3.12/site-packages/airflow/example_dags/example_task_group_decorator.py
[2025-03-20T09:42:04.837-0700] {logging_mixin.py:190} INFO - [2025-03-20T09:42:04.837-0700] {dag.py:3239} INFO - Sync 1 DAGs
[2025-03-20T09:42:04.852-0700] {logging_mixin.py:190} INFO - [2025-03-20T09:42:04.852-0700] {dag.py:4180} INFO - Setting next_dagrun for example_task_group_decorator to None, run_after=None
[2025-03-20T09:42:04.877-0700] {processor.py:208} INFO - Processing /Users/shwetawani/Documents/XNode Project/XNode_project/.venv/lib/python3.12/site-packages/airflow/example_dags/example_task_group_decorator.py took 0.295 seconds
[2025-03-20T09:44:59.142-0700] {processor.py:186} INFO - Started process (PID=64353) to work on /Users/shwetawani/Documents/XNode Project/XNode_project/.venv/lib/python3.12/site-packages/airflow/example_dags/example_task_group_decorator.py
[2025-03-20T09:44:59.144-0700] {processor.py:914} INFO - Processing file /Users/shwetawani/Documents/XNode Project/XNode_project/.venv/lib/python3.12/site-packages/airflow/example_dags/example_task_group_decorator.py for tasks to queue
[2025-03-20T09:44:59.146-0700] {logging_mixin.py:190} INFO - [2025-03-20T09:44:59.146-0700] {dagbag.py:588} INFO - Filling up the DagBag from /Users/shwetawani/Documents/XNode Project/XNode_project/.venv/lib/python3.12/site-packages/airflow/example_dags/example_task_group_decorator.py
[2025-03-20T09:44:59.198-0700] {processor.py:925} INFO - DAG(s) 'example_task_group_decorator' retrieved from /Users/shwetawani/Documents/XNode Project/XNode_project/.venv/lib/python3.12/site-packages/airflow/example_dags/example_task_group_decorator.py
[2025-03-20T09:44:59.372-0700] {logging_mixin.py:190} INFO - [2025-03-20T09:44:59.372-0700] {dag.py:3239} INFO - Sync 1 DAGs
[2025-03-20T09:44:59.386-0700] {logging_mixin.py:190} INFO - [2025-03-20T09:44:59.386-0700] {dag.py:4180} INFO - Setting next_dagrun for example_task_group_decorator to None, run_after=None
[2025-03-20T09:44:59.405-0700] {processor.py:208} INFO - Processing /Users/shwetawani/Documents/XNode Project/XNode_project/.venv/lib/python3.12/site-packages/airflow/example_dags/example_task_group_decorator.py took 0.266 seconds
