[2025-03-20T09:39:53.477-0700] {processor.py:186} INFO - Started process (PID=64047) to work on /Users/shwetawani/Documents/XNode Project/XNode_project/.venv/lib/python3.12/site-packages/airflow/example_dags/example_params_ui_tutorial.py
[2025-03-20T09:39:53.478-0700] {processor.py:914} INFO - Processing file /Users/shwetawani/Documents/XNode Project/XNode_project/.venv/lib/python3.12/site-packages/airflow/example_dags/example_params_ui_tutorial.py for tasks to queue
[2025-03-20T09:39:53.479-0700] {logging_mixin.py:190} INFO - [2025-03-20T09:39:53.479-0700] {dagbag.py:588} INFO - Filling up the DagBag from /Users/shwetawani/Documents/XNode Project/XNode_project/.venv/lib/python3.12/site-packages/airflow/example_dags/example_params_ui_tutorial.py
[2025-03-20T09:39:53.522-0700] {processor.py:925} INFO - DAG(s) 'example_params_ui_tutorial' retrieved from /Users/shwetawani/Documents/XNode Project/XNode_project/.venv/lib/python3.12/site-packages/airflow/example_dags/example_params_ui_tutorial.py
[2025-03-20T09:39:53.809-0700] {logging_mixin.py:190} INFO - [2025-03-20T09:39:53.809-0700] {override.py:1930} INFO - Created Permission View: can delete on DAG:example_params_ui_tutorial
[2025-03-20T09:39:53.818-0700] {logging_mixin.py:190} INFO - [2025-03-20T09:39:53.818-0700] {override.py:1930} INFO - Created Permission View: can read on DAG:example_params_ui_tutorial
[2025-03-20T09:39:53.826-0700] {logging_mixin.py:190} INFO - [2025-03-20T09:39:53.826-0700] {override.py:1930} INFO - Created Permission View: can edit on DAG:example_params_ui_tutorial
[2025-03-20T09:39:53.834-0700] {logging_mixin.py:190} INFO - [2025-03-20T09:39:53.834-0700] {override.py:1930} INFO - Created Permission View: can delete on DAG Run:example_params_ui_tutorial
[2025-03-20T09:39:53.841-0700] {logging_mixin.py:190} INFO - [2025-03-20T09:39:53.840-0700] {override.py:1930} INFO - Created Permission View: can read on DAG Run:example_params_ui_tutorial
[2025-03-20T09:39:53.846-0700] {logging_mixin.py:190} INFO - [2025-03-20T09:39:53.846-0700] {override.py:1930} INFO - Created Permission View: can create on DAG Run:example_params_ui_tutorial
[2025-03-20T09:39:53.852-0700] {logging_mixin.py:190} INFO - [2025-03-20T09:39:53.852-0700] {override.py:1930} INFO - Created Permission View: menu access on DAG Run:example_params_ui_tutorial
[2025-03-20T09:39:53.852-0700] {logging_mixin.py:190} INFO - [2025-03-20T09:39:53.852-0700] {dag.py:3239} INFO - Sync 1 DAGs
[2025-03-20T09:39:53.866-0700] {logging_mixin.py:190} INFO - [2025-03-20T09:39:53.865-0700] {dag.py:3262} INFO - Creating ORM DAG for example_params_ui_tutorial
[2025-03-20T09:39:53.866-0700] {logging_mixin.py:190} INFO - [2025-03-20T09:39:53.866-0700] {dag.py:4180} INFO - Setting next_dagrun for example_params_ui_tutorial to None, run_after=None
[2025-03-20T09:39:53.886-0700] {processor.py:208} INFO - Processing /Users/shwetawani/Documents/XNode Project/XNode_project/.venv/lib/python3.12/site-packages/airflow/example_dags/example_params_ui_tutorial.py took 0.411 seconds
[2025-03-20T09:42:53.308-0700] {processor.py:186} INFO - Started process (PID=64221) to work on /Users/shwetawani/Documents/XNode Project/XNode_project/.venv/lib/python3.12/site-packages/airflow/example_dags/example_params_ui_tutorial.py
[2025-03-20T09:42:53.310-0700] {processor.py:914} INFO - Processing file /Users/shwetawani/Documents/XNode Project/XNode_project/.venv/lib/python3.12/site-packages/airflow/example_dags/example_params_ui_tutorial.py for tasks to queue
[2025-03-20T09:42:53.313-0700] {logging_mixin.py:190} INFO - [2025-03-20T09:42:53.313-0700] {dagbag.py:588} INFO - Filling up the DagBag from /Users/shwetawani/Documents/XNode Project/XNode_project/.venv/lib/python3.12/site-packages/airflow/example_dags/example_params_ui_tutorial.py
[2025-03-20T09:42:53.365-0700] {processor.py:925} INFO - DAG(s) 'example_params_ui_tutorial' retrieved from /Users/shwetawani/Documents/XNode Project/XNode_project/.venv/lib/python3.12/site-packages/airflow/example_dags/example_params_ui_tutorial.py
[2025-03-20T09:42:53.581-0700] {logging_mixin.py:190} INFO - [2025-03-20T09:42:53.581-0700] {dag.py:3239} INFO - Sync 1 DAGs
[2025-03-20T09:42:53.595-0700] {logging_mixin.py:190} INFO - [2025-03-20T09:42:53.595-0700] {dag.py:4180} INFO - Setting next_dagrun for example_params_ui_tutorial to None, run_after=None
[2025-03-20T09:42:53.614-0700] {processor.py:208} INFO - Processing /Users/shwetawani/Documents/XNode Project/XNode_project/.venv/lib/python3.12/site-packages/airflow/example_dags/example_params_ui_tutorial.py took 0.309 seconds
