[2025-03-20T09:39:40.600-0700] {processor.py:186} INFO - Started process (PID=64030) to work on /Users/shwetawani/Documents/XNode Project/XNode_project/.venv/lib/python3.12/site-packages/airflow/example_dags/example_sensor_decorator.py
[2025-03-20T09:39:40.601-0700] {processor.py:914} INFO - Processing file /Users/shwetawani/Documents/XNode Project/XNode_project/.venv/lib/python3.12/site-packages/airflow/example_dags/example_sensor_decorator.py for tasks to queue
[2025-03-20T09:39:40.602-0700] {logging_mixin.py:190} INFO - [2025-03-20T09:39:40.602-0700] {dagbag.py:588} INFO - Filling up the DagBag from /Users/shwetawani/Documents/XNode Project/XNode_project/.venv/lib/python3.12/site-packages/airflow/example_dags/example_sensor_decorator.py
[2025-03-20T09:39:40.637-0700] {processor.py:925} INFO - DAG(s) 'example_sensor_decorator' retrieved from /Users/shwetawani/Documents/XNode Project/XNode_project/.venv/lib/python3.12/site-packages/airflow/example_dags/example_sensor_decorator.py
[2025-03-20T09:39:41.296-0700] {logging_mixin.py:190} INFO - [2025-03-20T09:39:41.295-0700] {override.py:1930} INFO - Created Permission View: can delete on DAG:example_sensor_decorator
[2025-03-20T09:39:41.305-0700] {logging_mixin.py:190} INFO - [2025-03-20T09:39:41.305-0700] {override.py:1930} INFO - Created Permission View: can read on DAG:example_sensor_decorator
[2025-03-20T09:39:41.311-0700] {logging_mixin.py:190} INFO - [2025-03-20T09:39:41.310-0700] {override.py:1930} INFO - Created Permission View: can edit on DAG:example_sensor_decorator
[2025-03-20T09:39:41.318-0700] {logging_mixin.py:190} INFO - [2025-03-20T09:39:41.318-0700] {override.py:1930} INFO - Created Permission View: can delete on DAG Run:example_sensor_decorator
[2025-03-20T09:39:41.324-0700] {logging_mixin.py:190} INFO - [2025-03-20T09:39:41.323-0700] {override.py:1930} INFO - Created Permission View: can create on DAG Run:example_sensor_decorator
[2025-03-20T09:39:41.331-0700] {logging_mixin.py:190} INFO - [2025-03-20T09:39:41.330-0700] {override.py:1930} INFO - Created Permission View: can read on DAG Run:example_sensor_decorator
[2025-03-20T09:39:41.336-0700] {logging_mixin.py:190} INFO - [2025-03-20T09:39:41.336-0700] {override.py:1930} INFO - Created Permission View: menu access on DAG Run:example_sensor_decorator
[2025-03-20T09:39:41.337-0700] {logging_mixin.py:190} INFO - [2025-03-20T09:39:41.337-0700] {dag.py:3239} INFO - Sync 1 DAGs
[2025-03-20T09:39:41.352-0700] {logging_mixin.py:190} INFO - [2025-03-20T09:39:41.351-0700] {dag.py:3262} INFO - Creating ORM DAG for example_sensor_decorator
[2025-03-20T09:39:41.352-0700] {logging_mixin.py:190} INFO - [2025-03-20T09:39:41.352-0700] {dag.py:4180} INFO - Setting next_dagrun for example_sensor_decorator to None, run_after=None
[2025-03-20T09:39:41.370-0700] {processor.py:208} INFO - Processing /Users/shwetawani/Documents/XNode Project/XNode_project/.venv/lib/python3.12/site-packages/airflow/example_dags/example_sensor_decorator.py took 0.772 seconds
[2025-03-20T09:42:39.345-0700] {processor.py:186} INFO - Started process (PID=64213) to work on /Users/shwetawani/Documents/XNode Project/XNode_project/.venv/lib/python3.12/site-packages/airflow/example_dags/example_sensor_decorator.py
[2025-03-20T09:42:39.347-0700] {processor.py:914} INFO - Processing file /Users/shwetawani/Documents/XNode Project/XNode_project/.venv/lib/python3.12/site-packages/airflow/example_dags/example_sensor_decorator.py for tasks to queue
[2025-03-20T09:42:39.349-0700] {logging_mixin.py:190} INFO - [2025-03-20T09:42:39.349-0700] {dagbag.py:588} INFO - Filling up the DagBag from /Users/shwetawani/Documents/XNode Project/XNode_project/.venv/lib/python3.12/site-packages/airflow/example_dags/example_sensor_decorator.py
[2025-03-20T09:42:39.389-0700] {processor.py:925} INFO - DAG(s) 'example_sensor_decorator' retrieved from /Users/shwetawani/Documents/XNode Project/XNode_project/.venv/lib/python3.12/site-packages/airflow/example_dags/example_sensor_decorator.py
[2025-03-20T09:42:39.974-0700] {logging_mixin.py:190} INFO - [2025-03-20T09:42:39.973-0700] {dag.py:3239} INFO - Sync 1 DAGs
[2025-03-20T09:42:39.984-0700] {logging_mixin.py:190} INFO - [2025-03-20T09:42:39.984-0700] {dag.py:4180} INFO - Setting next_dagrun for example_sensor_decorator to None, run_after=None
[2025-03-20T09:42:40.006-0700] {processor.py:208} INFO - Processing /Users/shwetawani/Documents/XNode Project/XNode_project/.venv/lib/python3.12/site-packages/airflow/example_dags/example_sensor_decorator.py took 0.664 seconds
