[2025-03-20T09:38:44.657-0700] {processor.py:186} INFO - Started process (PID=63961) to work on /Users/shwetawani/Documents/XNode Project/XNode_project/.venv/lib/python3.12/site-packages/airflow/example_dags/example_trigger_target_dag.py
[2025-03-20T09:38:44.659-0700] {processor.py:914} INFO - Processing file /Users/shwetawani/Documents/XNode Project/XNode_project/.venv/lib/python3.12/site-packages/airflow/example_dags/example_trigger_target_dag.py for tasks to queue
[2025-03-20T09:38:44.660-0700] {logging_mixin.py:190} INFO - [2025-03-20T09:38:44.660-0700] {dagbag.py:588} INFO - Filling up the DagBag from /Users/shwetawani/Documents/XNode Project/XNode_project/.venv/lib/python3.12/site-packages/airflow/example_dags/example_trigger_target_dag.py
[2025-03-20T09:38:44.699-0700] {processor.py:925} INFO - DAG(s) 'example_trigger_target_dag' retrieved from /Users/shwetawani/Documents/XNode Project/XNode_project/.venv/lib/python3.12/site-packages/airflow/example_dags/example_trigger_target_dag.py
[2025-03-20T09:38:44.992-0700] {logging_mixin.py:190} INFO - [2025-03-20T09:38:44.991-0700] {override.py:1930} INFO - Created Permission View: can read on DAG:example_trigger_target_dag
[2025-03-20T09:38:45.002-0700] {logging_mixin.py:190} INFO - [2025-03-20T09:38:45.001-0700] {override.py:1930} INFO - Created Permission View: can delete on DAG:example_trigger_target_dag
[2025-03-20T09:38:45.008-0700] {logging_mixin.py:190} INFO - [2025-03-20T09:38:45.008-0700] {override.py:1930} INFO - Created Permission View: can edit on DAG:example_trigger_target_dag
[2025-03-20T09:38:45.017-0700] {logging_mixin.py:190} INFO - [2025-03-20T09:38:45.016-0700] {override.py:1930} INFO - Created Permission View: can read on DAG Run:example_trigger_target_dag
[2025-03-20T09:38:45.022-0700] {logging_mixin.py:190} INFO - [2025-03-20T09:38:45.022-0700] {override.py:1930} INFO - Created Permission View: can delete on DAG Run:example_trigger_target_dag
[2025-03-20T09:38:45.031-0700] {logging_mixin.py:190} INFO - [2025-03-20T09:38:45.031-0700] {override.py:1930} INFO - Created Permission View: menu access on DAG Run:example_trigger_target_dag
[2025-03-20T09:38:45.039-0700] {logging_mixin.py:190} INFO - [2025-03-20T09:38:45.039-0700] {override.py:1930} INFO - Created Permission View: can create on DAG Run:example_trigger_target_dag
[2025-03-20T09:38:45.040-0700] {logging_mixin.py:190} INFO - [2025-03-20T09:38:45.039-0700] {dag.py:3239} INFO - Sync 1 DAGs
[2025-03-20T09:38:45.053-0700] {logging_mixin.py:190} INFO - [2025-03-20T09:38:45.053-0700] {dag.py:3262} INFO - Creating ORM DAG for example_trigger_target_dag
[2025-03-20T09:38:45.054-0700] {logging_mixin.py:190} INFO - [2025-03-20T09:38:45.054-0700] {dag.py:4180} INFO - Setting next_dagrun for example_trigger_target_dag to None, run_after=None
[2025-03-20T09:38:45.077-0700] {processor.py:208} INFO - Processing /Users/shwetawani/Documents/XNode Project/XNode_project/.venv/lib/python3.12/site-packages/airflow/example_dags/example_trigger_target_dag.py took 0.423 seconds
[2025-03-20T09:40:19.668-0700] {processor.py:186} INFO - Started process (PID=64084) to work on /Users/shwetawani/Documents/XNode Project/XNode_project/.venv/lib/python3.12/site-packages/airflow/example_dags/example_trigger_target_dag.py
[2025-03-20T09:40:19.670-0700] {processor.py:914} INFO - Processing file /Users/shwetawani/Documents/XNode Project/XNode_project/.venv/lib/python3.12/site-packages/airflow/example_dags/example_trigger_target_dag.py for tasks to queue
[2025-03-20T09:40:19.671-0700] {logging_mixin.py:190} INFO - [2025-03-20T09:40:19.671-0700] {dagbag.py:588} INFO - Filling up the DagBag from /Users/shwetawani/Documents/XNode Project/XNode_project/.venv/lib/python3.12/site-packages/airflow/example_dags/example_trigger_target_dag.py
[2025-03-20T09:40:19.707-0700] {processor.py:925} INFO - DAG(s) 'example_trigger_target_dag' retrieved from /Users/shwetawani/Documents/XNode Project/XNode_project/.venv/lib/python3.12/site-packages/airflow/example_dags/example_trigger_target_dag.py
[2025-03-20T09:40:19.876-0700] {logging_mixin.py:190} INFO - [2025-03-20T09:40:19.876-0700] {dag.py:3239} INFO - Sync 1 DAGs
[2025-03-20T09:40:19.887-0700] {logging_mixin.py:190} INFO - [2025-03-20T09:40:19.886-0700] {dag.py:4180} INFO - Setting next_dagrun for example_trigger_target_dag to None, run_after=None
[2025-03-20T09:40:19.903-0700] {processor.py:208} INFO - Processing /Users/shwetawani/Documents/XNode Project/XNode_project/.venv/lib/python3.12/site-packages/airflow/example_dags/example_trigger_target_dag.py took 0.238 seconds
[2025-03-20T09:41:53.879-0700] {processor.py:186} INFO - Started process (PID=64175) to work on /Users/shwetawani/Documents/XNode Project/XNode_project/.venv/lib/python3.12/site-packages/airflow/example_dags/example_trigger_target_dag.py
[2025-03-20T09:41:53.883-0700] {processor.py:914} INFO - Processing file /Users/shwetawani/Documents/XNode Project/XNode_project/.venv/lib/python3.12/site-packages/airflow/example_dags/example_trigger_target_dag.py for tasks to queue
[2025-03-20T09:41:53.892-0700] {logging_mixin.py:190} INFO - [2025-03-20T09:41:53.889-0700] {dagbag.py:588} INFO - Filling up the DagBag from /Users/shwetawani/Documents/XNode Project/XNode_project/.venv/lib/python3.12/site-packages/airflow/example_dags/example_trigger_target_dag.py
[2025-03-20T09:41:53.964-0700] {processor.py:925} INFO - DAG(s) 'example_trigger_target_dag' retrieved from /Users/shwetawani/Documents/XNode Project/XNode_project/.venv/lib/python3.12/site-packages/airflow/example_dags/example_trigger_target_dag.py
[2025-03-20T09:41:54.284-0700] {logging_mixin.py:190} INFO - [2025-03-20T09:41:54.284-0700] {dag.py:3239} INFO - Sync 1 DAGs
[2025-03-20T09:41:54.298-0700] {logging_mixin.py:190} INFO - [2025-03-20T09:41:54.297-0700] {dag.py:4180} INFO - Setting next_dagrun for example_trigger_target_dag to None, run_after=None
[2025-03-20T09:41:54.317-0700] {processor.py:208} INFO - Processing /Users/shwetawani/Documents/XNode Project/XNode_project/.venv/lib/python3.12/site-packages/airflow/example_dags/example_trigger_target_dag.py took 0.443 seconds
[2025-03-20T09:44:46.767-0700] {processor.py:186} INFO - Started process (PID=64335) to work on /Users/shwetawani/Documents/XNode Project/XNode_project/.venv/lib/python3.12/site-packages/airflow/example_dags/example_trigger_target_dag.py
[2025-03-20T09:44:46.768-0700] {processor.py:914} INFO - Processing file /Users/shwetawani/Documents/XNode Project/XNode_project/.venv/lib/python3.12/site-packages/airflow/example_dags/example_trigger_target_dag.py for tasks to queue
[2025-03-20T09:44:46.769-0700] {logging_mixin.py:190} INFO - [2025-03-20T09:44:46.769-0700] {dagbag.py:588} INFO - Filling up the DagBag from /Users/shwetawani/Documents/XNode Project/XNode_project/.venv/lib/python3.12/site-packages/airflow/example_dags/example_trigger_target_dag.py
[2025-03-20T09:44:46.811-0700] {processor.py:925} INFO - DAG(s) 'example_trigger_target_dag' retrieved from /Users/shwetawani/Documents/XNode Project/XNode_project/.venv/lib/python3.12/site-packages/airflow/example_dags/example_trigger_target_dag.py
[2025-03-20T09:44:46.977-0700] {logging_mixin.py:190} INFO - [2025-03-20T09:44:46.977-0700] {dag.py:3239} INFO - Sync 1 DAGs
[2025-03-20T09:44:47.008-0700] {logging_mixin.py:190} INFO - [2025-03-20T09:44:47.007-0700] {dag.py:4180} INFO - Setting next_dagrun for example_trigger_target_dag to None, run_after=None
[2025-03-20T09:44:47.033-0700] {processor.py:208} INFO - Processing /Users/shwetawani/Documents/XNode Project/XNode_project/.venv/lib/python3.12/site-packages/airflow/example_dags/example_trigger_target_dag.py took 0.270 seconds
