[2025-03-20T09:38:32.535-0700] {processor.py:186} INFO - Started process (PID=63949) to work on /Users/shwetawani/Documents/XNode Project/XNode_project/.venv/lib/python3.12/site-packages/airflow/example_dags/example_xcomargs.py
[2025-03-20T09:38:32.537-0700] {processor.py:914} INFO - Processing file /Users/shwetawani/Documents/XNode Project/XNode_project/.venv/lib/python3.12/site-packages/airflow/example_dags/example_xcomargs.py for tasks to queue
[2025-03-20T09:38:32.539-0700] {logging_mixin.py:190} INFO - [2025-03-20T09:38:32.538-0700] {dagbag.py:588} INFO - Filling up the DagBag from /Users/shwetawani/Documents/XNode Project/XNode_project/.venv/lib/python3.12/site-packages/airflow/example_dags/example_xcomargs.py
[2025-03-20T09:38:32.596-0700] {processor.py:925} INFO - DAG(s) 'example_xcom_args_with_operators', 'example_xcom_args' retrieved from /Users/shwetawani/Documents/XNode Project/XNode_project/.venv/lib/python3.12/site-packages/airflow/example_dags/example_xcomargs.py
[2025-03-20T09:38:33.175-0700] {logging_mixin.py:190} INFO - [2025-03-20T09:38:33.174-0700] {override.py:1930} INFO - Created Permission View: can read on DAG:example_xcom_args_with_operators
[2025-03-20T09:38:33.200-0700] {logging_mixin.py:190} INFO - [2025-03-20T09:38:33.199-0700] {override.py:1930} INFO - Created Permission View: can delete on DAG:example_xcom_args_with_operators
[2025-03-20T09:38:33.207-0700] {logging_mixin.py:190} INFO - [2025-03-20T09:38:33.207-0700] {override.py:1930} INFO - Created Permission View: can edit on DAG:example_xcom_args_with_operators
[2025-03-20T09:38:33.222-0700] {logging_mixin.py:190} INFO - [2025-03-20T09:38:33.222-0700] {override.py:1930} INFO - Created Permission View: menu access on DAG Run:example_xcom_args_with_operators
[2025-03-20T09:38:33.229-0700] {logging_mixin.py:190} INFO - [2025-03-20T09:38:33.229-0700] {override.py:1930} INFO - Created Permission View: can read on DAG Run:example_xcom_args_with_operators
[2025-03-20T09:38:33.238-0700] {logging_mixin.py:190} INFO - [2025-03-20T09:38:33.238-0700] {override.py:1930} INFO - Created Permission View: can delete on DAG Run:example_xcom_args_with_operators
[2025-03-20T09:38:33.250-0700] {logging_mixin.py:190} INFO - [2025-03-20T09:38:33.249-0700] {override.py:1930} INFO - Created Permission View: can create on DAG Run:example_xcom_args_with_operators
[2025-03-20T09:38:33.380-0700] {logging_mixin.py:190} INFO - [2025-03-20T09:38:33.379-0700] {override.py:1930} INFO - Created Permission View: can read on DAG:example_xcom_args
[2025-03-20T09:38:33.479-0700] {logging_mixin.py:190} INFO - [2025-03-20T09:38:33.441-0700] {override.py:1930} INFO - Created Permission View: can delete on DAG:example_xcom_args
[2025-03-20T09:38:33.496-0700] {logging_mixin.py:190} INFO - [2025-03-20T09:38:33.496-0700] {override.py:1930} INFO - Created Permission View: can edit on DAG:example_xcom_args
[2025-03-20T09:38:33.517-0700] {logging_mixin.py:190} INFO - [2025-03-20T09:38:33.516-0700] {override.py:1930} INFO - Created Permission View: menu access on DAG Run:example_xcom_args
[2025-03-20T09:38:33.542-0700] {logging_mixin.py:190} INFO - [2025-03-20T09:38:33.540-0700] {override.py:1930} INFO - Created Permission View: can read on DAG Run:example_xcom_args
[2025-03-20T09:38:33.556-0700] {logging_mixin.py:190} INFO - [2025-03-20T09:38:33.555-0700] {override.py:1930} INFO - Created Permission View: can delete on DAG Run:example_xcom_args
[2025-03-20T09:38:33.569-0700] {logging_mixin.py:190} INFO - [2025-03-20T09:38:33.569-0700] {override.py:1930} INFO - Created Permission View: can create on DAG Run:example_xcom_args
[2025-03-20T09:38:33.571-0700] {logging_mixin.py:190} INFO - [2025-03-20T09:38:33.570-0700] {dag.py:3239} INFO - Sync 2 DAGs
[2025-03-20T09:38:33.613-0700] {logging_mixin.py:190} INFO - [2025-03-20T09:38:33.612-0700] {dag.py:3262} INFO - Creating ORM DAG for example_xcom_args_with_operators
[2025-03-20T09:38:33.614-0700] {logging_mixin.py:190} INFO - [2025-03-20T09:38:33.613-0700] {dag.py:3262} INFO - Creating ORM DAG for example_xcom_args
[2025-03-20T09:38:33.614-0700] {logging_mixin.py:190} INFO - [2025-03-20T09:38:33.614-0700] {dag.py:4180} INFO - Setting next_dagrun for example_xcom_args to None, run_after=None
[2025-03-20T09:38:33.615-0700] {logging_mixin.py:190} INFO - [2025-03-20T09:38:33.615-0700] {dag.py:4180} INFO - Setting next_dagrun for example_xcom_args_with_operators to None, run_after=None
[2025-03-20T09:38:33.648-0700] {processor.py:208} INFO - Processing /Users/shwetawani/Documents/XNode Project/XNode_project/.venv/lib/python3.12/site-packages/airflow/example_dags/example_xcomargs.py took 1.118 seconds
[2025-03-20T09:40:08.776-0700] {processor.py:186} INFO - Started process (PID=64063) to work on /Users/shwetawani/Documents/XNode Project/XNode_project/.venv/lib/python3.12/site-packages/airflow/example_dags/example_xcomargs.py
[2025-03-20T09:40:08.779-0700] {processor.py:914} INFO - Processing file /Users/shwetawani/Documents/XNode Project/XNode_project/.venv/lib/python3.12/site-packages/airflow/example_dags/example_xcomargs.py for tasks to queue
[2025-03-20T09:40:08.781-0700] {logging_mixin.py:190} INFO - [2025-03-20T09:40:08.780-0700] {dagbag.py:588} INFO - Filling up the DagBag from /Users/shwetawani/Documents/XNode Project/XNode_project/.venv/lib/python3.12/site-packages/airflow/example_dags/example_xcomargs.py
[2025-03-20T09:40:08.835-0700] {processor.py:925} INFO - DAG(s) 'example_xcom_args', 'example_xcom_args_with_operators' retrieved from /Users/shwetawani/Documents/XNode Project/XNode_project/.venv/lib/python3.12/site-packages/airflow/example_dags/example_xcomargs.py
[2025-03-20T09:40:09.069-0700] {logging_mixin.py:190} INFO - [2025-03-20T09:40:09.069-0700] {dag.py:3239} INFO - Sync 2 DAGs
[2025-03-20T09:40:09.083-0700] {logging_mixin.py:190} INFO - [2025-03-20T09:40:09.083-0700] {dag.py:4180} INFO - Setting next_dagrun for example_xcom_args to None, run_after=None
[2025-03-20T09:40:09.087-0700] {logging_mixin.py:190} INFO - [2025-03-20T09:40:09.087-0700] {dag.py:4180} INFO - Setting next_dagrun for example_xcom_args_with_operators to None, run_after=None
[2025-03-20T09:40:09.117-0700] {processor.py:208} INFO - Processing /Users/shwetawani/Documents/XNode Project/XNode_project/.venv/lib/python3.12/site-packages/airflow/example_dags/example_xcomargs.py took 0.347 seconds
[2025-03-20T09:41:41.401-0700] {processor.py:186} INFO - Started process (PID=64169) to work on /Users/shwetawani/Documents/XNode Project/XNode_project/.venv/lib/python3.12/site-packages/airflow/example_dags/example_xcomargs.py
[2025-03-20T09:41:41.402-0700] {processor.py:914} INFO - Processing file /Users/shwetawani/Documents/XNode Project/XNode_project/.venv/lib/python3.12/site-packages/airflow/example_dags/example_xcomargs.py for tasks to queue
[2025-03-20T09:41:41.403-0700] {logging_mixin.py:190} INFO - [2025-03-20T09:41:41.402-0700] {dagbag.py:588} INFO - Filling up the DagBag from /Users/shwetawani/Documents/XNode Project/XNode_project/.venv/lib/python3.12/site-packages/airflow/example_dags/example_xcomargs.py
[2025-03-20T09:41:41.436-0700] {processor.py:925} INFO - DAG(s) 'example_xcom_args_with_operators', 'example_xcom_args' retrieved from /Users/shwetawani/Documents/XNode Project/XNode_project/.venv/lib/python3.12/site-packages/airflow/example_dags/example_xcomargs.py
[2025-03-20T09:41:41.578-0700] {logging_mixin.py:190} INFO - [2025-03-20T09:41:41.578-0700] {dag.py:3239} INFO - Sync 2 DAGs
[2025-03-20T09:41:41.587-0700] {logging_mixin.py:190} INFO - [2025-03-20T09:41:41.587-0700] {dag.py:4180} INFO - Setting next_dagrun for example_xcom_args to None, run_after=None
[2025-03-20T09:41:41.590-0700] {logging_mixin.py:190} INFO - [2025-03-20T09:41:41.590-0700] {dag.py:4180} INFO - Setting next_dagrun for example_xcom_args_with_operators to None, run_after=None
[2025-03-20T09:41:41.606-0700] {processor.py:208} INFO - Processing /Users/shwetawani/Documents/XNode Project/XNode_project/.venv/lib/python3.12/site-packages/airflow/example_dags/example_xcomargs.py took 0.208 seconds
[2025-03-20T09:44:34.949-0700] {processor.py:186} INFO - Started process (PID=64328) to work on /Users/shwetawani/Documents/XNode Project/XNode_project/.venv/lib/python3.12/site-packages/airflow/example_dags/example_xcomargs.py
[2025-03-20T09:44:34.951-0700] {processor.py:914} INFO - Processing file /Users/shwetawani/Documents/XNode Project/XNode_project/.venv/lib/python3.12/site-packages/airflow/example_dags/example_xcomargs.py for tasks to queue
[2025-03-20T09:44:34.953-0700] {logging_mixin.py:190} INFO - [2025-03-20T09:44:34.952-0700] {dagbag.py:588} INFO - Filling up the DagBag from /Users/shwetawani/Documents/XNode Project/XNode_project/.venv/lib/python3.12/site-packages/airflow/example_dags/example_xcomargs.py
[2025-03-20T09:44:34.992-0700] {processor.py:925} INFO - DAG(s) 'example_xcom_args', 'example_xcom_args_with_operators' retrieved from /Users/shwetawani/Documents/XNode Project/XNode_project/.venv/lib/python3.12/site-packages/airflow/example_dags/example_xcomargs.py
[2025-03-20T09:44:35.138-0700] {logging_mixin.py:190} INFO - [2025-03-20T09:44:35.138-0700] {dag.py:3239} INFO - Sync 2 DAGs
[2025-03-20T09:44:35.147-0700] {logging_mixin.py:190} INFO - [2025-03-20T09:44:35.147-0700] {dag.py:4180} INFO - Setting next_dagrun for example_xcom_args to None, run_after=None
[2025-03-20T09:44:35.150-0700] {logging_mixin.py:190} INFO - [2025-03-20T09:44:35.150-0700] {dag.py:4180} INFO - Setting next_dagrun for example_xcom_args_with_operators to None, run_after=None
[2025-03-20T09:44:35.164-0700] {processor.py:208} INFO - Processing /Users/shwetawani/Documents/XNode Project/XNode_project/.venv/lib/python3.12/site-packages/airflow/example_dags/example_xcomargs.py took 0.218 seconds
