[2025-03-20T09:38:59.092-0700] {processor.py:186} INFO - Started process (PID=63974) to work on /Users/shwetawani/Documents/XNode Project/XNode_project/.venv/lib/python3.12/site-packages/airflow/example_dags/example_task_group.py
[2025-03-20T09:38:59.093-0700] {processor.py:914} INFO - Processing file /Users/shwetawani/Documents/XNode Project/XNode_project/.venv/lib/python3.12/site-packages/airflow/example_dags/example_task_group.py for tasks to queue
[2025-03-20T09:38:59.094-0700] {logging_mixin.py:190} INFO - [2025-03-20T09:38:59.094-0700] {dagbag.py:588} INFO - Filling up the DagBag from /Users/shwetawani/Documents/XNode Project/XNode_project/.venv/lib/python3.12/site-packages/airflow/example_dags/example_task_group.py
[2025-03-20T09:38:59.105-0700] {processor.py:925} INFO - DAG(s) 'example_task_group' retrieved from /Users/shwetawani/Documents/XNode Project/XNode_project/.venv/lib/python3.12/site-packages/airflow/example_dags/example_task_group.py
[2025-03-20T09:38:59.397-0700] {logging_mixin.py:190} INFO - [2025-03-20T09:38:59.397-0700] {override.py:1930} INFO - Created Permission View: can delete on DAG:example_task_group
[2025-03-20T09:38:59.411-0700] {logging_mixin.py:190} INFO - [2025-03-20T09:38:59.410-0700] {override.py:1930} INFO - Created Permission View: can read on DAG:example_task_group
[2025-03-20T09:38:59.416-0700] {logging_mixin.py:190} INFO - [2025-03-20T09:38:59.415-0700] {override.py:1930} INFO - Created Permission View: can edit on DAG:example_task_group
[2025-03-20T09:38:59.425-0700] {logging_mixin.py:190} INFO - [2025-03-20T09:38:59.425-0700] {override.py:1930} INFO - Created Permission View: can delete on DAG Run:example_task_group
[2025-03-20T09:38:59.431-0700] {logging_mixin.py:190} INFO - [2025-03-20T09:38:59.431-0700] {override.py:1930} INFO - Created Permission View: menu access on DAG Run:example_task_group
[2025-03-20T09:38:59.438-0700] {logging_mixin.py:190} INFO - [2025-03-20T09:38:59.438-0700] {override.py:1930} INFO - Created Permission View: can read on DAG Run:example_task_group
[2025-03-20T09:38:59.445-0700] {logging_mixin.py:190} INFO - [2025-03-20T09:38:59.445-0700] {override.py:1930} INFO - Created Permission View: can create on DAG Run:example_task_group
[2025-03-20T09:38:59.445-0700] {logging_mixin.py:190} INFO - [2025-03-20T09:38:59.445-0700] {dag.py:3239} INFO - Sync 1 DAGs
[2025-03-20T09:38:59.457-0700] {logging_mixin.py:190} INFO - [2025-03-20T09:38:59.457-0700] {dag.py:3262} INFO - Creating ORM DAG for example_task_group
[2025-03-20T09:38:59.458-0700] {logging_mixin.py:190} INFO - [2025-03-20T09:38:59.458-0700] {dag.py:4180} INFO - Setting next_dagrun for example_task_group to None, run_after=None
[2025-03-20T09:38:59.478-0700] {processor.py:208} INFO - Processing /Users/shwetawani/Documents/XNode Project/XNode_project/.venv/lib/python3.12/site-packages/airflow/example_dags/example_task_group.py took 0.390 seconds
[2025-03-20T09:40:31.788-0700] {processor.py:186} INFO - Started process (PID=64093) to work on /Users/shwetawani/Documents/XNode Project/XNode_project/.venv/lib/python3.12/site-packages/airflow/example_dags/example_task_group.py
[2025-03-20T09:40:31.790-0700] {processor.py:914} INFO - Processing file /Users/shwetawani/Documents/XNode Project/XNode_project/.venv/lib/python3.12/site-packages/airflow/example_dags/example_task_group.py for tasks to queue
[2025-03-20T09:40:31.794-0700] {logging_mixin.py:190} INFO - [2025-03-20T09:40:31.794-0700] {dagbag.py:588} INFO - Filling up the DagBag from /Users/shwetawani/Documents/XNode Project/XNode_project/.venv/lib/python3.12/site-packages/airflow/example_dags/example_task_group.py
[2025-03-20T09:40:31.805-0700] {processor.py:925} INFO - DAG(s) 'example_task_group' retrieved from /Users/shwetawani/Documents/XNode Project/XNode_project/.venv/lib/python3.12/site-packages/airflow/example_dags/example_task_group.py
[2025-03-20T09:40:31.895-0700] {logging_mixin.py:190} INFO - [2025-03-20T09:40:31.895-0700] {dag.py:3239} INFO - Sync 1 DAGs
[2025-03-20T09:40:31.905-0700] {logging_mixin.py:190} INFO - [2025-03-20T09:40:31.905-0700] {dag.py:4180} INFO - Setting next_dagrun for example_task_group to None, run_after=None
[2025-03-20T09:40:31.974-0700] {processor.py:208} INFO - Processing /Users/shwetawani/Documents/XNode Project/XNode_project/.venv/lib/python3.12/site-packages/airflow/example_dags/example_task_group.py took 0.188 seconds
[2025-03-20T09:42:07.932-0700] {processor.py:186} INFO - Started process (PID=64191) to work on /Users/shwetawani/Documents/XNode Project/XNode_project/.venv/lib/python3.12/site-packages/airflow/example_dags/example_task_group.py
[2025-03-20T09:42:07.935-0700] {processor.py:914} INFO - Processing file /Users/shwetawani/Documents/XNode Project/XNode_project/.venv/lib/python3.12/site-packages/airflow/example_dags/example_task_group.py for tasks to queue
[2025-03-20T09:42:07.936-0700] {logging_mixin.py:190} INFO - [2025-03-20T09:42:07.936-0700] {dagbag.py:588} INFO - Filling up the DagBag from /Users/shwetawani/Documents/XNode Project/XNode_project/.venv/lib/python3.12/site-packages/airflow/example_dags/example_task_group.py
[2025-03-20T09:42:07.947-0700] {processor.py:925} INFO - DAG(s) 'example_task_group' retrieved from /Users/shwetawani/Documents/XNode Project/XNode_project/.venv/lib/python3.12/site-packages/airflow/example_dags/example_task_group.py
[2025-03-20T09:42:08.061-0700] {logging_mixin.py:190} INFO - [2025-03-20T09:42:08.061-0700] {dag.py:3239} INFO - Sync 1 DAGs
[2025-03-20T09:42:08.075-0700] {logging_mixin.py:190} INFO - [2025-03-20T09:42:08.074-0700] {dag.py:4180} INFO - Setting next_dagrun for example_task_group to None, run_after=None
[2025-03-20T09:42:08.156-0700] {processor.py:208} INFO - Processing /Users/shwetawani/Documents/XNode Project/XNode_project/.venv/lib/python3.12/site-packages/airflow/example_dags/example_task_group.py took 0.226 seconds
[2025-03-20T09:45:02.241-0700] {processor.py:186} INFO - Started process (PID=64357) to work on /Users/shwetawani/Documents/XNode Project/XNode_project/.venv/lib/python3.12/site-packages/airflow/example_dags/example_task_group.py
[2025-03-20T09:45:02.243-0700] {processor.py:914} INFO - Processing file /Users/shwetawani/Documents/XNode Project/XNode_project/.venv/lib/python3.12/site-packages/airflow/example_dags/example_task_group.py for tasks to queue
[2025-03-20T09:45:02.244-0700] {logging_mixin.py:190} INFO - [2025-03-20T09:45:02.244-0700] {dagbag.py:588} INFO - Filling up the DagBag from /Users/shwetawani/Documents/XNode Project/XNode_project/.venv/lib/python3.12/site-packages/airflow/example_dags/example_task_group.py
[2025-03-20T09:45:02.254-0700] {processor.py:925} INFO - DAG(s) 'example_task_group' retrieved from /Users/shwetawani/Documents/XNode Project/XNode_project/.venv/lib/python3.12/site-packages/airflow/example_dags/example_task_group.py
[2025-03-20T09:45:02.353-0700] {logging_mixin.py:190} INFO - [2025-03-20T09:45:02.353-0700] {dag.py:3239} INFO - Sync 1 DAGs
[2025-03-20T09:45:02.364-0700] {logging_mixin.py:190} INFO - [2025-03-20T09:45:02.364-0700] {dag.py:4180} INFO - Setting next_dagrun for example_task_group to None, run_after=None
[2025-03-20T09:45:02.434-0700] {processor.py:208} INFO - Processing /Users/shwetawani/Documents/XNode Project/XNode_project/.venv/lib/python3.12/site-packages/airflow/example_dags/example_task_group.py took 0.196 seconds
