[2025-03-20T09:39:15.620-0700] {processor.py:186} INFO - Started process (PID=63996) to work on /Users/shwetawani/Documents/XNode Project/XNode_project/.venv/lib/python3.12/site-packages/airflow/example_dags/example_short_circuit_operator.py
[2025-03-20T09:39:15.621-0700] {processor.py:914} INFO - Processing file /Users/shwetawani/Documents/XNode Project/XNode_project/.venv/lib/python3.12/site-packages/airflow/example_dags/example_short_circuit_operator.py for tasks to queue
[2025-03-20T09:39:15.623-0700] {logging_mixin.py:190} INFO - [2025-03-20T09:39:15.623-0700] {dagbag.py:588} INFO - Filling up the DagBag from /Users/shwetawani/Documents/XNode Project/XNode_project/.venv/lib/python3.12/site-packages/airflow/example_dags/example_short_circuit_operator.py
[2025-03-20T09:39:15.683-0700] {processor.py:925} INFO - DAG(s) 'example_short_circuit_operator' retrieved from /Users/shwetawani/Documents/XNode Project/XNode_project/.venv/lib/python3.12/site-packages/airflow/example_dags/example_short_circuit_operator.py
[2025-03-20T09:39:16.236-0700] {logging_mixin.py:190} INFO - [2025-03-20T09:39:16.234-0700] {override.py:1930} INFO - Created Permission View: can read on DAG:example_short_circuit_operator
[2025-03-20T09:39:16.254-0700] {logging_mixin.py:190} INFO - [2025-03-20T09:39:16.253-0700] {override.py:1930} INFO - Created Permission View: can edit on DAG:example_short_circuit_operator
[2025-03-20T09:39:16.264-0700] {logging_mixin.py:190} INFO - [2025-03-20T09:39:16.264-0700] {override.py:1930} INFO - Created Permission View: can delete on DAG:example_short_circuit_operator
[2025-03-20T09:39:16.277-0700] {logging_mixin.py:190} INFO - [2025-03-20T09:39:16.276-0700] {override.py:1930} INFO - Created Permission View: menu access on DAG Run:example_short_circuit_operator
[2025-03-20T09:39:16.287-0700] {logging_mixin.py:190} INFO - [2025-03-20T09:39:16.286-0700] {override.py:1930} INFO - Created Permission View: can delete on DAG Run:example_short_circuit_operator
[2025-03-20T09:39:16.298-0700] {logging_mixin.py:190} INFO - [2025-03-20T09:39:16.297-0700] {override.py:1930} INFO - Created Permission View: can read on DAG Run:example_short_circuit_operator
[2025-03-20T09:39:16.322-0700] {logging_mixin.py:190} INFO - [2025-03-20T09:39:16.322-0700] {override.py:1930} INFO - Created Permission View: can create on DAG Run:example_short_circuit_operator
[2025-03-20T09:39:16.323-0700] {logging_mixin.py:190} INFO - [2025-03-20T09:39:16.322-0700] {dag.py:3239} INFO - Sync 1 DAGs
[2025-03-20T09:39:16.358-0700] {logging_mixin.py:190} INFO - [2025-03-20T09:39:16.358-0700] {dag.py:3262} INFO - Creating ORM DAG for example_short_circuit_operator
[2025-03-20T09:39:16.359-0700] {logging_mixin.py:190} INFO - [2025-03-20T09:39:16.359-0700] {dag.py:4180} INFO - Setting next_dagrun for example_short_circuit_operator to None, run_after=None
[2025-03-20T09:39:16.389-0700] {processor.py:208} INFO - Processing /Users/shwetawani/Documents/XNode Project/XNode_project/.venv/lib/python3.12/site-packages/airflow/example_dags/example_short_circuit_operator.py took 0.774 seconds
[2025-03-20T09:40:43.872-0700] {processor.py:186} INFO - Started process (PID=64101) to work on /Users/shwetawani/Documents/XNode Project/XNode_project/.venv/lib/python3.12/site-packages/airflow/example_dags/example_short_circuit_operator.py
[2025-03-20T09:40:43.874-0700] {processor.py:914} INFO - Processing file /Users/shwetawani/Documents/XNode Project/XNode_project/.venv/lib/python3.12/site-packages/airflow/example_dags/example_short_circuit_operator.py for tasks to queue
[2025-03-20T09:40:43.875-0700] {logging_mixin.py:190} INFO - [2025-03-20T09:40:43.875-0700] {dagbag.py:588} INFO - Filling up the DagBag from /Users/shwetawani/Documents/XNode Project/XNode_project/.venv/lib/python3.12/site-packages/airflow/example_dags/example_short_circuit_operator.py
[2025-03-20T09:40:43.901-0700] {processor.py:925} INFO - DAG(s) 'example_short_circuit_operator' retrieved from /Users/shwetawani/Documents/XNode Project/XNode_project/.venv/lib/python3.12/site-packages/airflow/example_dags/example_short_circuit_operator.py
[2025-03-20T09:40:43.993-0700] {logging_mixin.py:190} INFO - [2025-03-20T09:40:43.993-0700] {dag.py:3239} INFO - Sync 1 DAGs
[2025-03-20T09:40:44.055-0700] {logging_mixin.py:190} INFO - [2025-03-20T09:40:44.055-0700] {dag.py:4180} INFO - Setting next_dagrun for example_short_circuit_operator to None, run_after=None
[2025-03-20T09:40:44.074-0700] {processor.py:208} INFO - Processing /Users/shwetawani/Documents/XNode Project/XNode_project/.venv/lib/python3.12/site-packages/airflow/example_dags/example_short_circuit_operator.py took 0.204 seconds
[2025-03-20T09:42:22.438-0700] {processor.py:186} INFO - Started process (PID=64202) to work on /Users/shwetawani/Documents/XNode Project/XNode_project/.venv/lib/python3.12/site-packages/airflow/example_dags/example_short_circuit_operator.py
[2025-03-20T09:42:22.441-0700] {processor.py:914} INFO - Processing file /Users/shwetawani/Documents/XNode Project/XNode_project/.venv/lib/python3.12/site-packages/airflow/example_dags/example_short_circuit_operator.py for tasks to queue
[2025-03-20T09:42:22.442-0700] {logging_mixin.py:190} INFO - [2025-03-20T09:42:22.442-0700] {dagbag.py:588} INFO - Filling up the DagBag from /Users/shwetawani/Documents/XNode Project/XNode_project/.venv/lib/python3.12/site-packages/airflow/example_dags/example_short_circuit_operator.py
[2025-03-20T09:42:22.470-0700] {processor.py:925} INFO - DAG(s) 'example_short_circuit_operator' retrieved from /Users/shwetawani/Documents/XNode Project/XNode_project/.venv/lib/python3.12/site-packages/airflow/example_dags/example_short_circuit_operator.py
[2025-03-20T09:42:22.581-0700] {logging_mixin.py:190} INFO - [2025-03-20T09:42:22.580-0700] {dag.py:3239} INFO - Sync 1 DAGs
[2025-03-20T09:42:22.649-0700] {logging_mixin.py:190} INFO - [2025-03-20T09:42:22.649-0700] {dag.py:4180} INFO - Setting next_dagrun for example_short_circuit_operator to None, run_after=None
[2025-03-20T09:42:22.670-0700] {processor.py:208} INFO - Processing /Users/shwetawani/Documents/XNode Project/XNode_project/.venv/lib/python3.12/site-packages/airflow/example_dags/example_short_circuit_operator.py took 0.234 seconds
[2025-03-20T09:45:16.261-0700] {processor.py:186} INFO - Started process (PID=64366) to work on /Users/shwetawani/Documents/XNode Project/XNode_project/.venv/lib/python3.12/site-packages/airflow/example_dags/example_short_circuit_operator.py
[2025-03-20T09:45:16.263-0700] {processor.py:914} INFO - Processing file /Users/shwetawani/Documents/XNode Project/XNode_project/.venv/lib/python3.12/site-packages/airflow/example_dags/example_short_circuit_operator.py for tasks to queue
[2025-03-20T09:45:16.264-0700] {logging_mixin.py:190} INFO - [2025-03-20T09:45:16.264-0700] {dagbag.py:588} INFO - Filling up the DagBag from /Users/shwetawani/Documents/XNode Project/XNode_project/.venv/lib/python3.12/site-packages/airflow/example_dags/example_short_circuit_operator.py
[2025-03-20T09:45:16.296-0700] {processor.py:925} INFO - DAG(s) 'example_short_circuit_operator' retrieved from /Users/shwetawani/Documents/XNode Project/XNode_project/.venv/lib/python3.12/site-packages/airflow/example_dags/example_short_circuit_operator.py
[2025-03-20T09:45:16.412-0700] {logging_mixin.py:190} INFO - [2025-03-20T09:45:16.412-0700] {dag.py:3239} INFO - Sync 1 DAGs
[2025-03-20T09:45:16.486-0700] {logging_mixin.py:190} INFO - [2025-03-20T09:45:16.486-0700] {dag.py:4180} INFO - Setting next_dagrun for example_short_circuit_operator to None, run_after=None
[2025-03-20T09:45:16.506-0700] {processor.py:208} INFO - Processing /Users/shwetawani/Documents/XNode Project/XNode_project/.venv/lib/python3.12/site-packages/airflow/example_dags/example_short_circuit_operator.py took 0.248 seconds
