[2025-03-20T09:39:07.373-0700] {processor.py:186} INFO - Started process (PID=63979) to work on /Users/shwetawani/Documents/XNode Project/XNode_project/.venv/lib/python3.12/site-packages/airflow/example_dags/example_sla_dag.py
[2025-03-20T09:39:07.374-0700] {processor.py:914} INFO - Processing file /Users/shwetawani/Documents/XNode Project/XNode_project/.venv/lib/python3.12/site-packages/airflow/example_dags/example_sla_dag.py for tasks to queue
[2025-03-20T09:39:07.375-0700] {logging_mixin.py:190} INFO - [2025-03-20T09:39:07.375-0700] {dagbag.py:588} INFO - Filling up the DagBag from /Users/shwetawani/Documents/XNode Project/XNode_project/.venv/lib/python3.12/site-packages/airflow/example_dags/example_sla_dag.py
[2025-03-20T09:39:07.427-0700] {processor.py:925} INFO - DAG(s) 'example_sla_dag' retrieved from /Users/shwetawani/Documents/XNode Project/XNode_project/.venv/lib/python3.12/site-packages/airflow/example_dags/example_sla_dag.py
[2025-03-20T09:39:07.808-0700] {logging_mixin.py:190} INFO - [2025-03-20T09:39:07.808-0700] {override.py:1930} INFO - Created Permission View: can edit on DAG:example_sla_dag
[2025-03-20T09:39:07.825-0700] {logging_mixin.py:190} INFO - [2025-03-20T09:39:07.824-0700] {override.py:1930} INFO - Created Permission View: can delete on DAG:example_sla_dag
[2025-03-20T09:39:07.835-0700] {logging_mixin.py:190} INFO - [2025-03-20T09:39:07.834-0700] {override.py:1930} INFO - Created Permission View: can read on DAG:example_sla_dag
[2025-03-20T09:39:07.850-0700] {logging_mixin.py:190} INFO - [2025-03-20T09:39:07.849-0700] {override.py:1930} INFO - Created Permission View: menu access on DAG Run:example_sla_dag
[2025-03-20T09:39:07.859-0700] {logging_mixin.py:190} INFO - [2025-03-20T09:39:07.859-0700] {override.py:1930} INFO - Created Permission View: can delete on DAG Run:example_sla_dag
[2025-03-20T09:39:07.870-0700] {logging_mixin.py:190} INFO - [2025-03-20T09:39:07.869-0700] {override.py:1930} INFO - Created Permission View: can read on DAG Run:example_sla_dag
[2025-03-20T09:39:07.882-0700] {logging_mixin.py:190} INFO - [2025-03-20T09:39:07.882-0700] {override.py:1930} INFO - Created Permission View: can create on DAG Run:example_sla_dag
[2025-03-20T09:39:07.883-0700] {logging_mixin.py:190} INFO - [2025-03-20T09:39:07.883-0700] {dag.py:3239} INFO - Sync 1 DAGs
[2025-03-20T09:39:07.906-0700] {logging_mixin.py:190} INFO - [2025-03-20T09:39:07.905-0700] {dag.py:3262} INFO - Creating ORM DAG for example_sla_dag
[2025-03-20T09:39:07.927-0700] {logging_mixin.py:190} INFO - [2025-03-20T09:39:07.927-0700] {dag.py:4180} INFO - Setting next_dagrun for example_sla_dag to 2025-03-20 16:36:00+00:00, run_after=2025-03-20 16:38:00+00:00
[2025-03-20T09:39:07.952-0700] {processor.py:208} INFO - Processing /Users/shwetawani/Documents/XNode Project/XNode_project/.venv/lib/python3.12/site-packages/airflow/example_dags/example_sla_dag.py took 0.581 seconds
[2025-03-20T09:40:37.817-0700] {processor.py:186} INFO - Started process (PID=64097) to work on /Users/shwetawani/Documents/XNode Project/XNode_project/.venv/lib/python3.12/site-packages/airflow/example_dags/example_sla_dag.py
[2025-03-20T09:40:37.818-0700] {processor.py:914} INFO - Processing file /Users/shwetawani/Documents/XNode Project/XNode_project/.venv/lib/python3.12/site-packages/airflow/example_dags/example_sla_dag.py for tasks to queue
[2025-03-20T09:40:37.819-0700] {logging_mixin.py:190} INFO - [2025-03-20T09:40:37.818-0700] {dagbag.py:588} INFO - Filling up the DagBag from /Users/shwetawani/Documents/XNode Project/XNode_project/.venv/lib/python3.12/site-packages/airflow/example_dags/example_sla_dag.py
[2025-03-20T09:40:37.851-0700] {processor.py:925} INFO - DAG(s) 'example_sla_dag' retrieved from /Users/shwetawani/Documents/XNode Project/XNode_project/.venv/lib/python3.12/site-packages/airflow/example_dags/example_sla_dag.py
[2025-03-20T09:40:37.990-0700] {logging_mixin.py:190} INFO - [2025-03-20T09:40:37.989-0700] {dag.py:3239} INFO - Sync 1 DAGs
[2025-03-20T09:40:38.007-0700] {logging_mixin.py:190} INFO - [2025-03-20T09:40:38.007-0700] {dag.py:4180} INFO - Setting next_dagrun for example_sla_dag to 2025-03-20 16:38:00+00:00, run_after=2025-03-20 16:40:00+00:00
[2025-03-20T09:40:38.023-0700] {processor.py:208} INFO - Processing /Users/shwetawani/Documents/XNode Project/XNode_project/.venv/lib/python3.12/site-packages/airflow/example_dags/example_sla_dag.py took 0.209 seconds
[2025-03-20T09:42:15.184-0700] {processor.py:186} INFO - Started process (PID=64196) to work on /Users/shwetawani/Documents/XNode Project/XNode_project/.venv/lib/python3.12/site-packages/airflow/example_dags/example_sla_dag.py
[2025-03-20T09:42:15.186-0700] {processor.py:914} INFO - Processing file /Users/shwetawani/Documents/XNode Project/XNode_project/.venv/lib/python3.12/site-packages/airflow/example_dags/example_sla_dag.py for tasks to queue
[2025-03-20T09:42:15.187-0700] {logging_mixin.py:190} INFO - [2025-03-20T09:42:15.187-0700] {dagbag.py:588} INFO - Filling up the DagBag from /Users/shwetawani/Documents/XNode Project/XNode_project/.venv/lib/python3.12/site-packages/airflow/example_dags/example_sla_dag.py
[2025-03-20T09:42:15.224-0700] {processor.py:925} INFO - DAG(s) 'example_sla_dag' retrieved from /Users/shwetawani/Documents/XNode Project/XNode_project/.venv/lib/python3.12/site-packages/airflow/example_dags/example_sla_dag.py
[2025-03-20T09:42:15.368-0700] {logging_mixin.py:190} INFO - [2025-03-20T09:42:15.368-0700] {dag.py:3239} INFO - Sync 1 DAGs
[2025-03-20T09:42:15.388-0700] {logging_mixin.py:190} INFO - [2025-03-20T09:42:15.388-0700] {dag.py:4180} INFO - Setting next_dagrun for example_sla_dag to 2025-03-20 16:40:00+00:00, run_after=2025-03-20 16:42:00+00:00
[2025-03-20T09:42:15.404-0700] {processor.py:208} INFO - Processing /Users/shwetawani/Documents/XNode Project/XNode_project/.venv/lib/python3.12/site-packages/airflow/example_dags/example_sla_dag.py took 0.222 seconds
[2025-03-20T09:45:09.002-0700] {processor.py:186} INFO - Started process (PID=64362) to work on /Users/shwetawani/Documents/XNode Project/XNode_project/.venv/lib/python3.12/site-packages/airflow/example_dags/example_sla_dag.py
[2025-03-20T09:45:09.004-0700] {processor.py:914} INFO - Processing file /Users/shwetawani/Documents/XNode Project/XNode_project/.venv/lib/python3.12/site-packages/airflow/example_dags/example_sla_dag.py for tasks to queue
[2025-03-20T09:45:09.005-0700] {logging_mixin.py:190} INFO - [2025-03-20T09:45:09.005-0700] {dagbag.py:588} INFO - Filling up the DagBag from /Users/shwetawani/Documents/XNode Project/XNode_project/.venv/lib/python3.12/site-packages/airflow/example_dags/example_sla_dag.py
[2025-03-20T09:45:09.046-0700] {processor.py:925} INFO - DAG(s) 'example_sla_dag' retrieved from /Users/shwetawani/Documents/XNode Project/XNode_project/.venv/lib/python3.12/site-packages/airflow/example_dags/example_sla_dag.py
[2025-03-20T09:45:09.207-0700] {logging_mixin.py:190} INFO - [2025-03-20T09:45:09.207-0700] {dag.py:3239} INFO - Sync 1 DAGs
[2025-03-20T09:45:09.226-0700] {logging_mixin.py:190} INFO - [2025-03-20T09:45:09.226-0700] {dag.py:4180} INFO - Setting next_dagrun for example_sla_dag to 2025-03-20 16:42:00+00:00, run_after=2025-03-20 16:44:00+00:00
[2025-03-20T09:45:09.241-0700] {processor.py:208} INFO - Processing /Users/shwetawani/Documents/XNode Project/XNode_project/.venv/lib/python3.12/site-packages/airflow/example_dags/example_sla_dag.py took 0.242 seconds
