[2025-03-20T09:39:47.168-0700] {processor.py:186} INFO - Started process (PID=64038) to work on /Users/shwetawani/Documents/XNode Project/XNode_project/.venv/lib/python3.12/site-packages/airflow/example_dags/example_python_decorator.py
[2025-03-20T09:39:47.169-0700] {processor.py:914} INFO - Processing file /Users/shwetawani/Documents/XNode Project/XNode_project/.venv/lib/python3.12/site-packages/airflow/example_dags/example_python_decorator.py for tasks to queue
[2025-03-20T09:39:47.170-0700] {logging_mixin.py:190} INFO - [2025-03-20T09:39:47.170-0700] {dagbag.py:588} INFO - Filling up the DagBag from /Users/shwetawani/Documents/XNode Project/XNode_project/.venv/lib/python3.12/site-packages/airflow/example_dags/example_python_decorator.py
[2025-03-20T09:39:47.207-0700] {logging_mixin.py:190} INFO - [2025-03-20T09:39:47.207-0700] {example_python_decorator.py:80} WARNING - The virtalenv_python example task requires virtualenv, please install it.
[2025-03-20T09:39:47.209-0700] {processor.py:925} INFO - DAG(s) 'example_python_decorator' retrieved from /Users/shwetawani/Documents/XNode Project/XNode_project/.venv/lib/python3.12/site-packages/airflow/example_dags/example_python_decorator.py
[2025-03-20T09:39:47.462-0700] {logging_mixin.py:190} INFO - [2025-03-20T09:39:47.462-0700] {override.py:1930} INFO - Created Permission View: can read on DAG:example_python_decorator
[2025-03-20T09:39:47.474-0700] {logging_mixin.py:190} INFO - [2025-03-20T09:39:47.473-0700] {override.py:1930} INFO - Created Permission View: can edit on DAG:example_python_decorator
[2025-03-20T09:39:47.479-0700] {logging_mixin.py:190} INFO - [2025-03-20T09:39:47.479-0700] {override.py:1930} INFO - Created Permission View: can delete on DAG:example_python_decorator
[2025-03-20T09:39:47.488-0700] {logging_mixin.py:190} INFO - [2025-03-20T09:39:47.488-0700] {override.py:1930} INFO - Created Permission View: can read on DAG Run:example_python_decorator
[2025-03-20T09:39:47.496-0700] {logging_mixin.py:190} INFO - [2025-03-20T09:39:47.495-0700] {override.py:1930} INFO - Created Permission View: menu access on DAG Run:example_python_decorator
[2025-03-20T09:39:47.502-0700] {logging_mixin.py:190} INFO - [2025-03-20T09:39:47.502-0700] {override.py:1930} INFO - Created Permission View: can create on DAG Run:example_python_decorator
[2025-03-20T09:39:47.508-0700] {logging_mixin.py:190} INFO - [2025-03-20T09:39:47.508-0700] {override.py:1930} INFO - Created Permission View: can delete on DAG Run:example_python_decorator
[2025-03-20T09:39:47.509-0700] {logging_mixin.py:190} INFO - [2025-03-20T09:39:47.508-0700] {dag.py:3239} INFO - Sync 1 DAGs
[2025-03-20T09:39:47.520-0700] {logging_mixin.py:190} INFO - [2025-03-20T09:39:47.520-0700] {dag.py:3262} INFO - Creating ORM DAG for example_python_decorator
[2025-03-20T09:39:47.520-0700] {logging_mixin.py:190} INFO - [2025-03-20T09:39:47.520-0700] {dag.py:4180} INFO - Setting next_dagrun for example_python_decorator to None, run_after=None
[2025-03-20T09:39:47.537-0700] {processor.py:208} INFO - Processing /Users/shwetawani/Documents/XNode Project/XNode_project/.venv/lib/python3.12/site-packages/airflow/example_dags/example_python_decorator.py took 0.372 seconds
[2025-03-20T09:42:46.618-0700] {processor.py:186} INFO - Started process (PID=64217) to work on /Users/shwetawani/Documents/XNode Project/XNode_project/.venv/lib/python3.12/site-packages/airflow/example_dags/example_python_decorator.py
[2025-03-20T09:42:46.620-0700] {processor.py:914} INFO - Processing file /Users/shwetawani/Documents/XNode Project/XNode_project/.venv/lib/python3.12/site-packages/airflow/example_dags/example_python_decorator.py for tasks to queue
[2025-03-20T09:42:46.622-0700] {logging_mixin.py:190} INFO - [2025-03-20T09:42:46.621-0700] {dagbag.py:588} INFO - Filling up the DagBag from /Users/shwetawani/Documents/XNode Project/XNode_project/.venv/lib/python3.12/site-packages/airflow/example_dags/example_python_decorator.py
[2025-03-20T09:42:46.661-0700] {logging_mixin.py:190} INFO - [2025-03-20T09:42:46.661-0700] {example_python_decorator.py:80} WARNING - The virtalenv_python example task requires virtualenv, please install it.
[2025-03-20T09:42:46.664-0700] {processor.py:925} INFO - DAG(s) 'example_python_decorator' retrieved from /Users/shwetawani/Documents/XNode Project/XNode_project/.venv/lib/python3.12/site-packages/airflow/example_dags/example_python_decorator.py
[2025-03-20T09:42:46.874-0700] {logging_mixin.py:190} INFO - [2025-03-20T09:42:46.873-0700] {dag.py:3239} INFO - Sync 1 DAGs
[2025-03-20T09:42:46.885-0700] {logging_mixin.py:190} INFO - [2025-03-20T09:42:46.884-0700] {dag.py:4180} INFO - Setting next_dagrun for example_python_decorator to None, run_after=None
[2025-03-20T09:42:46.904-0700] {processor.py:208} INFO - Processing /Users/shwetawani/Documents/XNode Project/XNode_project/.venv/lib/python3.12/site-packages/airflow/example_dags/example_python_decorator.py took 0.288 seconds
