[2025-03-20T09:39:56.968-0700] {processor.py:186} INFO - Started process (PID=64051) to work on /Users/shwetawani/Documents/XNode Project/XNode_project/.venv/lib/python3.12/site-packages/airflow/example_dags/example_params_trigger_ui.py
[2025-03-20T09:39:56.969-0700] {processor.py:914} INFO - Processing file /Users/shwetawani/Documents/XNode Project/XNode_project/.venv/lib/python3.12/site-packages/airflow/example_dags/example_params_trigger_ui.py for tasks to queue
[2025-03-20T09:39:56.970-0700] {logging_mixin.py:190} INFO - [2025-03-20T09:39:56.970-0700] {dagbag.py:588} INFO - Filling up the DagBag from /Users/shwetawani/Documents/XNode Project/XNode_project/.venv/lib/python3.12/site-packages/airflow/example_dags/example_params_trigger_ui.py
[2025-03-20T09:39:57.012-0700] {processor.py:925} INFO - DAG(s) 'example_params_trigger_ui' retrieved from /Users/shwetawani/Documents/XNode Project/XNode_project/.venv/lib/python3.12/site-packages/airflow/example_dags/example_params_trigger_ui.py
[2025-03-20T09:39:57.311-0700] {logging_mixin.py:190} INFO - [2025-03-20T09:39:57.310-0700] {override.py:1930} INFO - Created Permission View: can read on DAG:example_params_trigger_ui
[2025-03-20T09:39:57.319-0700] {logging_mixin.py:190} INFO - [2025-03-20T09:39:57.319-0700] {override.py:1930} INFO - Created Permission View: can edit on DAG:example_params_trigger_ui
[2025-03-20T09:39:57.325-0700] {logging_mixin.py:190} INFO - [2025-03-20T09:39:57.325-0700] {override.py:1930} INFO - Created Permission View: can delete on DAG:example_params_trigger_ui
[2025-03-20T09:39:57.333-0700] {logging_mixin.py:190} INFO - [2025-03-20T09:39:57.333-0700] {override.py:1930} INFO - Created Permission View: menu access on DAG Run:example_params_trigger_ui
[2025-03-20T09:39:57.339-0700] {logging_mixin.py:190} INFO - [2025-03-20T09:39:57.339-0700] {override.py:1930} INFO - Created Permission View: can read on DAG Run:example_params_trigger_ui
[2025-03-20T09:39:57.345-0700] {logging_mixin.py:190} INFO - [2025-03-20T09:39:57.345-0700] {override.py:1930} INFO - Created Permission View: can delete on DAG Run:example_params_trigger_ui
[2025-03-20T09:39:57.351-0700] {logging_mixin.py:190} INFO - [2025-03-20T09:39:57.351-0700] {override.py:1930} INFO - Created Permission View: can create on DAG Run:example_params_trigger_ui
[2025-03-20T09:39:57.352-0700] {logging_mixin.py:190} INFO - [2025-03-20T09:39:57.351-0700] {dag.py:3239} INFO - Sync 1 DAGs
[2025-03-20T09:39:57.365-0700] {logging_mixin.py:190} INFO - [2025-03-20T09:39:57.365-0700] {dag.py:3262} INFO - Creating ORM DAG for example_params_trigger_ui
[2025-03-20T09:39:57.366-0700] {logging_mixin.py:190} INFO - [2025-03-20T09:39:57.366-0700] {dag.py:4180} INFO - Setting next_dagrun for example_params_trigger_ui to None, run_after=None
[2025-03-20T09:39:57.382-0700] {processor.py:208} INFO - Processing /Users/shwetawani/Documents/XNode Project/XNode_project/.venv/lib/python3.12/site-packages/airflow/example_dags/example_params_trigger_ui.py took 0.418 seconds
[2025-03-20T09:42:56.750-0700] {processor.py:186} INFO - Started process (PID=64223) to work on /Users/shwetawani/Documents/XNode Project/XNode_project/.venv/lib/python3.12/site-packages/airflow/example_dags/example_params_trigger_ui.py
[2025-03-20T09:42:56.752-0700] {processor.py:914} INFO - Processing file /Users/shwetawani/Documents/XNode Project/XNode_project/.venv/lib/python3.12/site-packages/airflow/example_dags/example_params_trigger_ui.py for tasks to queue
[2025-03-20T09:42:56.753-0700] {logging_mixin.py:190} INFO - [2025-03-20T09:42:56.753-0700] {dagbag.py:588} INFO - Filling up the DagBag from /Users/shwetawani/Documents/XNode Project/XNode_project/.venv/lib/python3.12/site-packages/airflow/example_dags/example_params_trigger_ui.py
[2025-03-20T09:42:56.794-0700] {processor.py:925} INFO - DAG(s) 'example_params_trigger_ui' retrieved from /Users/shwetawani/Documents/XNode Project/XNode_project/.venv/lib/python3.12/site-packages/airflow/example_dags/example_params_trigger_ui.py
[2025-03-20T09:42:56.986-0700] {logging_mixin.py:190} INFO - [2025-03-20T09:42:56.986-0700] {dag.py:3239} INFO - Sync 1 DAGs
[2025-03-20T09:42:56.998-0700] {logging_mixin.py:190} INFO - [2025-03-20T09:42:56.998-0700] {dag.py:4180} INFO - Setting next_dagrun for example_params_trigger_ui to None, run_after=None
[2025-03-20T09:42:57.017-0700] {processor.py:208} INFO - Processing /Users/shwetawani/Documents/XNode Project/XNode_project/.venv/lib/python3.12/site-packages/airflow/example_dags/example_params_trigger_ui.py took 0.270 seconds
