[2025-03-20T09:38:51.231-0700] {processor.py:186} INFO - Started process (PID=63966) to work on /Users/shwetawani/Documents/XNode Project/XNode_project/.venv/lib/python3.12/site-packages/airflow/example_dags/example_time_delta_sensor_async.py
[2025-03-20T09:38:51.233-0700] {processor.py:914} INFO - Processing file /Users/shwetawani/Documents/XNode Project/XNode_project/.venv/lib/python3.12/site-packages/airflow/example_dags/example_time_delta_sensor_async.py for tasks to queue
[2025-03-20T09:38:51.235-0700] {logging_mixin.py:190} INFO - [2025-03-20T09:38:51.234-0700] {dagbag.py:588} INFO - Filling up the DagBag from /Users/shwetawani/Documents/XNode Project/XNode_project/.venv/lib/python3.12/site-packages/airflow/example_dags/example_time_delta_sensor_async.py
[2025-03-20T09:38:51.248-0700] {processor.py:925} INFO - DAG(s) 'example_time_delta_sensor_async' retrieved from /Users/shwetawani/Documents/XNode Project/XNode_project/.venv/lib/python3.12/site-packages/airflow/example_dags/example_time_delta_sensor_async.py
[2025-03-20T09:38:52.296-0700] {logging_mixin.py:190} INFO - [2025-03-20T09:38:52.295-0700] {override.py:1930} INFO - Created Permission View: can delete on DAG:example_time_delta_sensor_async
[2025-03-20T09:38:52.305-0700] {logging_mixin.py:190} INFO - [2025-03-20T09:38:52.305-0700] {override.py:1930} INFO - Created Permission View: can edit on DAG:example_time_delta_sensor_async
[2025-03-20T09:38:52.311-0700] {logging_mixin.py:190} INFO - [2025-03-20T09:38:52.311-0700] {override.py:1930} INFO - Created Permission View: can read on DAG:example_time_delta_sensor_async
[2025-03-20T09:38:52.320-0700] {logging_mixin.py:190} INFO - [2025-03-20T09:38:52.320-0700] {override.py:1930} INFO - Created Permission View: can delete on DAG Run:example_time_delta_sensor_async
[2025-03-20T09:38:52.327-0700] {logging_mixin.py:190} INFO - [2025-03-20T09:38:52.327-0700] {override.py:1930} INFO - Created Permission View: can create on DAG Run:example_time_delta_sensor_async
[2025-03-20T09:38:52.333-0700] {logging_mixin.py:190} INFO - [2025-03-20T09:38:52.333-0700] {override.py:1930} INFO - Created Permission View: menu access on DAG Run:example_time_delta_sensor_async
[2025-03-20T09:38:52.339-0700] {logging_mixin.py:190} INFO - [2025-03-20T09:38:52.338-0700] {override.py:1930} INFO - Created Permission View: can read on DAG Run:example_time_delta_sensor_async
[2025-03-20T09:38:52.339-0700] {logging_mixin.py:190} INFO - [2025-03-20T09:38:52.339-0700] {dag.py:3239} INFO - Sync 1 DAGs
[2025-03-20T09:38:52.350-0700] {logging_mixin.py:190} INFO - [2025-03-20T09:38:52.350-0700] {dag.py:3262} INFO - Creating ORM DAG for example_time_delta_sensor_async
[2025-03-20T09:38:52.350-0700] {logging_mixin.py:190} INFO - [2025-03-20T09:38:52.350-0700] {dag.py:4180} INFO - Setting next_dagrun for example_time_delta_sensor_async to None, run_after=None
[2025-03-20T09:38:52.365-0700] {processor.py:208} INFO - Processing /Users/shwetawani/Documents/XNode Project/XNode_project/.venv/lib/python3.12/site-packages/airflow/example_dags/example_time_delta_sensor_async.py took 1.137 seconds
[2025-03-20T09:40:25.386-0700] {processor.py:186} INFO - Started process (PID=64088) to work on /Users/shwetawani/Documents/XNode Project/XNode_project/.venv/lib/python3.12/site-packages/airflow/example_dags/example_time_delta_sensor_async.py
[2025-03-20T09:40:25.388-0700] {processor.py:914} INFO - Processing file /Users/shwetawani/Documents/XNode Project/XNode_project/.venv/lib/python3.12/site-packages/airflow/example_dags/example_time_delta_sensor_async.py for tasks to queue
[2025-03-20T09:40:25.389-0700] {logging_mixin.py:190} INFO - [2025-03-20T09:40:25.389-0700] {dagbag.py:588} INFO - Filling up the DagBag from /Users/shwetawani/Documents/XNode Project/XNode_project/.venv/lib/python3.12/site-packages/airflow/example_dags/example_time_delta_sensor_async.py
[2025-03-20T09:40:25.396-0700] {processor.py:925} INFO - DAG(s) 'example_time_delta_sensor_async' retrieved from /Users/shwetawani/Documents/XNode Project/XNode_project/.venv/lib/python3.12/site-packages/airflow/example_dags/example_time_delta_sensor_async.py
[2025-03-20T09:40:25.871-0700] {logging_mixin.py:190} INFO - [2025-03-20T09:40:25.871-0700] {dag.py:3239} INFO - Sync 1 DAGs
[2025-03-20T09:40:25.881-0700] {logging_mixin.py:190} INFO - [2025-03-20T09:40:25.881-0700] {dag.py:4180} INFO - Setting next_dagrun for example_time_delta_sensor_async to None, run_after=None
[2025-03-20T09:40:25.899-0700] {processor.py:208} INFO - Processing /Users/shwetawani/Documents/XNode Project/XNode_project/.venv/lib/python3.12/site-packages/airflow/example_dags/example_time_delta_sensor_async.py took 0.515 seconds
[2025-03-20T09:42:00.178-0700] {processor.py:186} INFO - Started process (PID=64187) to work on /Users/shwetawani/Documents/XNode Project/XNode_project/.venv/lib/python3.12/site-packages/airflow/example_dags/example_time_delta_sensor_async.py
[2025-03-20T09:42:00.180-0700] {processor.py:914} INFO - Processing file /Users/shwetawani/Documents/XNode Project/XNode_project/.venv/lib/python3.12/site-packages/airflow/example_dags/example_time_delta_sensor_async.py for tasks to queue
[2025-03-20T09:42:00.182-0700] {logging_mixin.py:190} INFO - [2025-03-20T09:42:00.181-0700] {dagbag.py:588} INFO - Filling up the DagBag from /Users/shwetawani/Documents/XNode Project/XNode_project/.venv/lib/python3.12/site-packages/airflow/example_dags/example_time_delta_sensor_async.py
[2025-03-20T09:42:00.192-0700] {processor.py:925} INFO - DAG(s) 'example_time_delta_sensor_async' retrieved from /Users/shwetawani/Documents/XNode Project/XNode_project/.venv/lib/python3.12/site-packages/airflow/example_dags/example_time_delta_sensor_async.py
[2025-03-20T09:42:01.101-0700] {logging_mixin.py:190} INFO - [2025-03-20T09:42:01.100-0700] {dag.py:3239} INFO - Sync 1 DAGs
[2025-03-20T09:42:01.113-0700] {logging_mixin.py:190} INFO - [2025-03-20T09:42:01.113-0700] {dag.py:4180} INFO - Setting next_dagrun for example_time_delta_sensor_async to None, run_after=None
[2025-03-20T09:42:01.130-0700] {processor.py:208} INFO - Processing /Users/shwetawani/Documents/XNode Project/XNode_project/.venv/lib/python3.12/site-packages/airflow/example_dags/example_time_delta_sensor_async.py took 0.955 seconds
[2025-03-20T09:44:54.834-0700] {processor.py:186} INFO - Started process (PID=64351) to work on /Users/shwetawani/Documents/XNode Project/XNode_project/.venv/lib/python3.12/site-packages/airflow/example_dags/example_time_delta_sensor_async.py
[2025-03-20T09:44:54.836-0700] {processor.py:914} INFO - Processing file /Users/shwetawani/Documents/XNode Project/XNode_project/.venv/lib/python3.12/site-packages/airflow/example_dags/example_time_delta_sensor_async.py for tasks to queue
[2025-03-20T09:44:54.837-0700] {logging_mixin.py:190} INFO - [2025-03-20T09:44:54.837-0700] {dagbag.py:588} INFO - Filling up the DagBag from /Users/shwetawani/Documents/XNode Project/XNode_project/.venv/lib/python3.12/site-packages/airflow/example_dags/example_time_delta_sensor_async.py
[2025-03-20T09:44:54.845-0700] {processor.py:925} INFO - DAG(s) 'example_time_delta_sensor_async' retrieved from /Users/shwetawani/Documents/XNode Project/XNode_project/.venv/lib/python3.12/site-packages/airflow/example_dags/example_time_delta_sensor_async.py
[2025-03-20T09:44:55.850-0700] {logging_mixin.py:190} INFO - [2025-03-20T09:44:55.850-0700] {dag.py:3239} INFO - Sync 1 DAGs
[2025-03-20T09:44:55.861-0700] {logging_mixin.py:190} INFO - [2025-03-20T09:44:55.860-0700] {dag.py:4180} INFO - Setting next_dagrun for example_time_delta_sensor_async to None, run_after=None
[2025-03-20T09:44:55.884-0700] {processor.py:208} INFO - Processing /Users/shwetawani/Documents/XNode Project/XNode_project/.venv/lib/python3.12/site-packages/airflow/example_dags/example_time_delta_sensor_async.py took 1.053 seconds
