[2025-03-20T09:39:32.947-0700] {processor.py:186} INFO - Started process (PID=64021) to work on /Users/shwetawani/Documents/XNode Project/XNode_project/.venv/lib/python3.12/site-packages/airflow/example_dags/example_setup_teardown.py
[2025-03-20T09:39:32.948-0700] {processor.py:914} INFO - Processing file /Users/shwetawani/Documents/XNode Project/XNode_project/.venv/lib/python3.12/site-packages/airflow/example_dags/example_setup_teardown.py for tasks to queue
[2025-03-20T09:39:32.949-0700] {logging_mixin.py:190} INFO - [2025-03-20T09:39:32.949-0700] {dagbag.py:588} INFO - Filling up the DagBag from /Users/shwetawani/Documents/XNode Project/XNode_project/.venv/lib/python3.12/site-packages/airflow/example_dags/example_setup_teardown.py
[2025-03-20T09:39:32.958-0700] {processor.py:925} INFO - DAG(s) 'example_setup_teardown' retrieved from /Users/shwetawani/Documents/XNode Project/XNode_project/.venv/lib/python3.12/site-packages/airflow/example_dags/example_setup_teardown.py
[2025-03-20T09:39:33.252-0700] {logging_mixin.py:190} INFO - [2025-03-20T09:39:33.252-0700] {override.py:1930} INFO - Created Permission View: can edit on DAG:example_setup_teardown
[2025-03-20T09:39:33.264-0700] {logging_mixin.py:190} INFO - [2025-03-20T09:39:33.264-0700] {override.py:1930} INFO - Created Permission View: can delete on DAG:example_setup_teardown
[2025-03-20T09:39:33.270-0700] {logging_mixin.py:190} INFO - [2025-03-20T09:39:33.269-0700] {override.py:1930} INFO - Created Permission View: can read on DAG:example_setup_teardown
[2025-03-20T09:39:33.279-0700] {logging_mixin.py:190} INFO - [2025-03-20T09:39:33.278-0700] {override.py:1930} INFO - Created Permission View: can create on DAG Run:example_setup_teardown
[2025-03-20T09:39:33.284-0700] {logging_mixin.py:190} INFO - [2025-03-20T09:39:33.284-0700] {override.py:1930} INFO - Created Permission View: can delete on DAG Run:example_setup_teardown
[2025-03-20T09:39:33.292-0700] {logging_mixin.py:190} INFO - [2025-03-20T09:39:33.291-0700] {override.py:1930} INFO - Created Permission View: menu access on DAG Run:example_setup_teardown
[2025-03-20T09:39:33.299-0700] {logging_mixin.py:190} INFO - [2025-03-20T09:39:33.298-0700] {override.py:1930} INFO - Created Permission View: can read on DAG Run:example_setup_teardown
[2025-03-20T09:39:33.299-0700] {logging_mixin.py:190} INFO - [2025-03-20T09:39:33.299-0700] {dag.py:3239} INFO - Sync 1 DAGs
[2025-03-20T09:39:33.314-0700] {logging_mixin.py:190} INFO - [2025-03-20T09:39:33.313-0700] {dag.py:3262} INFO - Creating ORM DAG for example_setup_teardown
[2025-03-20T09:39:33.314-0700] {logging_mixin.py:190} INFO - [2025-03-20T09:39:33.314-0700] {dag.py:4180} INFO - Setting next_dagrun for example_setup_teardown to None, run_after=None
[2025-03-20T09:39:33.335-0700] {processor.py:208} INFO - Processing /Users/shwetawani/Documents/XNode Project/XNode_project/.venv/lib/python3.12/site-packages/airflow/example_dags/example_setup_teardown.py took 0.390 seconds
[2025-03-20T09:42:31.924-0700] {processor.py:186} INFO - Started process (PID=64209) to work on /Users/shwetawani/Documents/XNode Project/XNode_project/.venv/lib/python3.12/site-packages/airflow/example_dags/example_setup_teardown.py
[2025-03-20T09:42:31.927-0700] {processor.py:914} INFO - Processing file /Users/shwetawani/Documents/XNode Project/XNode_project/.venv/lib/python3.12/site-packages/airflow/example_dags/example_setup_teardown.py for tasks to queue
[2025-03-20T09:42:31.928-0700] {logging_mixin.py:190} INFO - [2025-03-20T09:42:31.928-0700] {dagbag.py:588} INFO - Filling up the DagBag from /Users/shwetawani/Documents/XNode Project/XNode_project/.venv/lib/python3.12/site-packages/airflow/example_dags/example_setup_teardown.py
[2025-03-20T09:42:31.938-0700] {processor.py:925} INFO - DAG(s) 'example_setup_teardown' retrieved from /Users/shwetawani/Documents/XNode Project/XNode_project/.venv/lib/python3.12/site-packages/airflow/example_dags/example_setup_teardown.py
[2025-03-20T09:42:32.043-0700] {logging_mixin.py:190} INFO - [2025-03-20T09:42:32.043-0700] {dag.py:3239} INFO - Sync 1 DAGs
[2025-03-20T09:42:32.054-0700] {logging_mixin.py:190} INFO - [2025-03-20T09:42:32.054-0700] {dag.py:4180} INFO - Setting next_dagrun for example_setup_teardown to None, run_after=None
[2025-03-20T09:42:32.133-0700] {processor.py:208} INFO - Processing /Users/shwetawani/Documents/XNode Project/XNode_project/.venv/lib/python3.12/site-packages/airflow/example_dags/example_setup_teardown.py took 0.212 seconds
[2025-03-20T09:45:26.075-0700] {processor.py:186} INFO - Started process (PID=64375) to work on /Users/shwetawani/Documents/XNode Project/XNode_project/.venv/lib/python3.12/site-packages/airflow/example_dags/example_setup_teardown.py
[2025-03-20T09:45:26.076-0700] {processor.py:914} INFO - Processing file /Users/shwetawani/Documents/XNode Project/XNode_project/.venv/lib/python3.12/site-packages/airflow/example_dags/example_setup_teardown.py for tasks to queue
[2025-03-20T09:45:26.078-0700] {logging_mixin.py:190} INFO - [2025-03-20T09:45:26.077-0700] {dagbag.py:588} INFO - Filling up the DagBag from /Users/shwetawani/Documents/XNode Project/XNode_project/.venv/lib/python3.12/site-packages/airflow/example_dags/example_setup_teardown.py
[2025-03-20T09:45:26.087-0700] {processor.py:925} INFO - DAG(s) 'example_setup_teardown' retrieved from /Users/shwetawani/Documents/XNode Project/XNode_project/.venv/lib/python3.12/site-packages/airflow/example_dags/example_setup_teardown.py
[2025-03-20T09:45:26.181-0700] {logging_mixin.py:190} INFO - [2025-03-20T09:45:26.180-0700] {dag.py:3239} INFO - Sync 1 DAGs
[2025-03-20T09:45:26.193-0700] {logging_mixin.py:190} INFO - [2025-03-20T09:45:26.192-0700] {dag.py:4180} INFO - Setting next_dagrun for example_setup_teardown to None, run_after=None
[2025-03-20T09:45:26.287-0700] {processor.py:208} INFO - Processing /Users/shwetawani/Documents/XNode Project/XNode_project/.venv/lib/python3.12/site-packages/airflow/example_dags/example_setup_teardown.py took 0.215 seconds
