[2025-03-20T09:39:23.016-0700] {processor.py:186} INFO - Started process (PID=64010) to work on /Users/shwetawani/Documents/XNode Project/XNode_project/.venv/lib/python3.12/site-packages/airflow/example_dags/example_short_circuit_decorator.py
[2025-03-20T09:39:23.018-0700] {processor.py:914} INFO - Processing file /Users/shwetawani/Documents/XNode Project/XNode_project/.venv/lib/python3.12/site-packages/airflow/example_dags/example_short_circuit_decorator.py for tasks to queue
[2025-03-20T09:39:23.020-0700] {logging_mixin.py:190} INFO - [2025-03-20T09:39:23.019-0700] {dagbag.py:588} INFO - Filling up the DagBag from /Users/shwetawani/Documents/XNode Project/XNode_project/.venv/lib/python3.12/site-packages/airflow/example_dags/example_short_circuit_decorator.py
[2025-03-20T09:39:23.099-0700] {processor.py:925} INFO - DAG(s) 'example_short_circuit_decorator' retrieved from /Users/shwetawani/Documents/XNode Project/XNode_project/.venv/lib/python3.12/site-packages/airflow/example_dags/example_short_circuit_decorator.py
[2025-03-20T09:39:23.546-0700] {logging_mixin.py:190} INFO - [2025-03-20T09:39:23.545-0700] {override.py:1930} INFO - Created Permission View: can read on DAG:example_short_circuit_decorator
[2025-03-20T09:39:23.560-0700] {logging_mixin.py:190} INFO - [2025-03-20T09:39:23.559-0700] {override.py:1930} INFO - Created Permission View: can delete on DAG:example_short_circuit_decorator
[2025-03-20T09:39:23.569-0700] {logging_mixin.py:190} INFO - [2025-03-20T09:39:23.569-0700] {override.py:1930} INFO - Created Permission View: can edit on DAG:example_short_circuit_decorator
[2025-03-20T09:39:23.582-0700] {logging_mixin.py:190} INFO - [2025-03-20T09:39:23.581-0700] {override.py:1930} INFO - Created Permission View: can read on DAG Run:example_short_circuit_decorator
[2025-03-20T09:39:23.592-0700] {logging_mixin.py:190} INFO - [2025-03-20T09:39:23.592-0700] {override.py:1930} INFO - Created Permission View: menu access on DAG Run:example_short_circuit_decorator
[2025-03-20T09:39:23.603-0700] {logging_mixin.py:190} INFO - [2025-03-20T09:39:23.603-0700] {override.py:1930} INFO - Created Permission View: can delete on DAG Run:example_short_circuit_decorator
[2025-03-20T09:39:23.615-0700] {logging_mixin.py:190} INFO - [2025-03-20T09:39:23.615-0700] {override.py:1930} INFO - Created Permission View: can create on DAG Run:example_short_circuit_decorator
[2025-03-20T09:39:23.616-0700] {logging_mixin.py:190} INFO - [2025-03-20T09:39:23.615-0700] {dag.py:3239} INFO - Sync 1 DAGs
[2025-03-20T09:39:23.637-0700] {logging_mixin.py:190} INFO - [2025-03-20T09:39:23.637-0700] {dag.py:3262} INFO - Creating ORM DAG for example_short_circuit_decorator
[2025-03-20T09:39:23.638-0700] {logging_mixin.py:190} INFO - [2025-03-20T09:39:23.638-0700] {dag.py:4180} INFO - Setting next_dagrun for example_short_circuit_decorator to None, run_after=None
[2025-03-20T09:39:23.666-0700] {processor.py:208} INFO - Processing /Users/shwetawani/Documents/XNode Project/XNode_project/.venv/lib/python3.12/site-packages/airflow/example_dags/example_short_circuit_decorator.py took 0.655 seconds
[2025-03-20T09:40:47.183-0700] {processor.py:186} INFO - Started process (PID=64104) to work on /Users/shwetawani/Documents/XNode Project/XNode_project/.venv/lib/python3.12/site-packages/airflow/example_dags/example_short_circuit_decorator.py
[2025-03-20T09:40:47.184-0700] {processor.py:914} INFO - Processing file /Users/shwetawani/Documents/XNode Project/XNode_project/.venv/lib/python3.12/site-packages/airflow/example_dags/example_short_circuit_decorator.py for tasks to queue
[2025-03-20T09:40:47.185-0700] {logging_mixin.py:190} INFO - [2025-03-20T09:40:47.185-0700] {dagbag.py:588} INFO - Filling up the DagBag from /Users/shwetawani/Documents/XNode Project/XNode_project/.venv/lib/python3.12/site-packages/airflow/example_dags/example_short_circuit_decorator.py
[2025-03-20T09:40:47.225-0700] {processor.py:925} INFO - DAG(s) 'example_short_circuit_decorator' retrieved from /Users/shwetawani/Documents/XNode Project/XNode_project/.venv/lib/python3.12/site-packages/airflow/example_dags/example_short_circuit_decorator.py
[2025-03-20T09:40:47.396-0700] {logging_mixin.py:190} INFO - [2025-03-20T09:40:47.396-0700] {dag.py:3239} INFO - Sync 1 DAGs
[2025-03-20T09:40:47.408-0700] {logging_mixin.py:190} INFO - [2025-03-20T09:40:47.408-0700] {dag.py:4180} INFO - Setting next_dagrun for example_short_circuit_decorator to None, run_after=None
[2025-03-20T09:40:47.426-0700] {processor.py:208} INFO - Processing /Users/shwetawani/Documents/XNode Project/XNode_project/.venv/lib/python3.12/site-packages/airflow/example_dags/example_short_circuit_decorator.py took 0.246 seconds
[2025-03-20T09:42:25.580-0700] {processor.py:186} INFO - Started process (PID=64205) to work on /Users/shwetawani/Documents/XNode Project/XNode_project/.venv/lib/python3.12/site-packages/airflow/example_dags/example_short_circuit_decorator.py
[2025-03-20T09:42:25.582-0700] {processor.py:914} INFO - Processing file /Users/shwetawani/Documents/XNode Project/XNode_project/.venv/lib/python3.12/site-packages/airflow/example_dags/example_short_circuit_decorator.py for tasks to queue
[2025-03-20T09:42:25.583-0700] {logging_mixin.py:190} INFO - [2025-03-20T09:42:25.583-0700] {dagbag.py:588} INFO - Filling up the DagBag from /Users/shwetawani/Documents/XNode Project/XNode_project/.venv/lib/python3.12/site-packages/airflow/example_dags/example_short_circuit_decorator.py
[2025-03-20T09:42:25.619-0700] {processor.py:925} INFO - DAG(s) 'example_short_circuit_decorator' retrieved from /Users/shwetawani/Documents/XNode Project/XNode_project/.venv/lib/python3.12/site-packages/airflow/example_dags/example_short_circuit_decorator.py
[2025-03-20T09:42:25.780-0700] {logging_mixin.py:190} INFO - [2025-03-20T09:42:25.780-0700] {dag.py:3239} INFO - Sync 1 DAGs
[2025-03-20T09:42:25.791-0700] {logging_mixin.py:190} INFO - [2025-03-20T09:42:25.790-0700] {dag.py:4180} INFO - Setting next_dagrun for example_short_circuit_decorator to None, run_after=None
[2025-03-20T09:42:25.809-0700] {processor.py:208} INFO - Processing /Users/shwetawani/Documents/XNode Project/XNode_project/.venv/lib/python3.12/site-packages/airflow/example_dags/example_short_circuit_decorator.py took 0.231 seconds
[2025-03-20T09:45:19.467-0700] {processor.py:186} INFO - Started process (PID=64368) to work on /Users/shwetawani/Documents/XNode Project/XNode_project/.venv/lib/python3.12/site-packages/airflow/example_dags/example_short_circuit_decorator.py
[2025-03-20T09:45:19.469-0700] {processor.py:914} INFO - Processing file /Users/shwetawani/Documents/XNode Project/XNode_project/.venv/lib/python3.12/site-packages/airflow/example_dags/example_short_circuit_decorator.py for tasks to queue
[2025-03-20T09:45:19.470-0700] {logging_mixin.py:190} INFO - [2025-03-20T09:45:19.470-0700] {dagbag.py:588} INFO - Filling up the DagBag from /Users/shwetawani/Documents/XNode Project/XNode_project/.venv/lib/python3.12/site-packages/airflow/example_dags/example_short_circuit_decorator.py
[2025-03-20T09:45:19.522-0700] {processor.py:925} INFO - DAG(s) 'example_short_circuit_decorator' retrieved from /Users/shwetawani/Documents/XNode Project/XNode_project/.venv/lib/python3.12/site-packages/airflow/example_dags/example_short_circuit_decorator.py
[2025-03-20T09:45:19.700-0700] {logging_mixin.py:190} INFO - [2025-03-20T09:45:19.699-0700] {dag.py:3239} INFO - Sync 1 DAGs
[2025-03-20T09:45:19.712-0700] {logging_mixin.py:190} INFO - [2025-03-20T09:45:19.712-0700] {dag.py:4180} INFO - Setting next_dagrun for example_short_circuit_decorator to None, run_after=None
[2025-03-20T09:45:19.729-0700] {processor.py:208} INFO - Processing /Users/shwetawani/Documents/XNode Project/XNode_project/.venv/lib/python3.12/site-packages/airflow/example_dags/example_short_circuit_decorator.py took 0.264 seconds
