[2025-03-20T09:38:40.859-0700] {processor.py:186} INFO - Started process (PID=63958) to work on /Users/shwetawani/Documents/XNode Project/XNode_project/.venv/lib/python3.12/site-packages/airflow/example_dags/example_workday_timetable.py
[2025-03-20T09:38:40.860-0700] {processor.py:914} INFO - Processing file /Users/shwetawani/Documents/XNode Project/XNode_project/.venv/lib/python3.12/site-packages/airflow/example_dags/example_workday_timetable.py for tasks to queue
[2025-03-20T09:38:40.861-0700] {logging_mixin.py:190} INFO - [2025-03-20T09:38:40.861-0700] {dagbag.py:588} INFO - Filling up the DagBag from /Users/shwetawani/Documents/XNode Project/XNode_project/.venv/lib/python3.12/site-packages/airflow/example_dags/example_workday_timetable.py
[2025-03-20T09:38:41.277-0700] {processor.py:925} INFO - DAG(s) 'example_workday_timetable' retrieved from /Users/shwetawani/Documents/XNode Project/XNode_project/.venv/lib/python3.12/site-packages/airflow/example_dags/example_workday_timetable.py
[2025-03-20T09:38:41.470-0700] {logging_mixin.py:190} INFO - [2025-03-20T09:38:41.469-0700] {override.py:1930} INFO - Created Permission View: can edit on DAG:example_workday_timetable
[2025-03-20T09:38:41.478-0700] {logging_mixin.py:190} INFO - [2025-03-20T09:38:41.477-0700] {override.py:1930} INFO - Created Permission View: can delete on DAG:example_workday_timetable
[2025-03-20T09:38:41.483-0700] {logging_mixin.py:190} INFO - [2025-03-20T09:38:41.482-0700] {override.py:1930} INFO - Created Permission View: can read on DAG:example_workday_timetable
[2025-03-20T09:38:41.490-0700] {logging_mixin.py:190} INFO - [2025-03-20T09:38:41.489-0700] {override.py:1930} INFO - Created Permission View: can create on DAG Run:example_workday_timetable
[2025-03-20T09:38:41.495-0700] {logging_mixin.py:190} INFO - [2025-03-20T09:38:41.494-0700] {override.py:1930} INFO - Created Permission View: can delete on DAG Run:example_workday_timetable
[2025-03-20T09:38:41.499-0700] {logging_mixin.py:190} INFO - [2025-03-20T09:38:41.499-0700] {override.py:1930} INFO - Created Permission View: menu access on DAG Run:example_workday_timetable
[2025-03-20T09:38:41.504-0700] {logging_mixin.py:190} INFO - [2025-03-20T09:38:41.504-0700] {override.py:1930} INFO - Created Permission View: can read on DAG Run:example_workday_timetable
[2025-03-20T09:38:41.505-0700] {logging_mixin.py:190} INFO - [2025-03-20T09:38:41.505-0700] {dag.py:3239} INFO - Sync 1 DAGs
[2025-03-20T09:38:41.515-0700] {logging_mixin.py:190} INFO - [2025-03-20T09:38:41.515-0700] {dag.py:3262} INFO - Creating ORM DAG for example_workday_timetable
[2025-03-20T09:38:41.643-0700] {logging_mixin.py:190} INFO - [2025-03-20T09:38:41.643-0700] {dag.py:4180} INFO - Setting next_dagrun for example_workday_timetable to 2021-01-04 00:00:00+00:00, run_after=2021-01-05 00:00:00+00:00
[2025-03-20T09:38:41.661-0700] {processor.py:208} INFO - Processing /Users/shwetawani/Documents/XNode Project/XNode_project/.venv/lib/python3.12/site-packages/airflow/example_dags/example_workday_timetable.py took 0.805 seconds
[2025-03-20T09:40:16.778-0700] {processor.py:186} INFO - Started process (PID=64080) to work on /Users/shwetawani/Documents/XNode Project/XNode_project/.venv/lib/python3.12/site-packages/airflow/example_dags/example_workday_timetable.py
[2025-03-20T09:40:16.781-0700] {processor.py:914} INFO - Processing file /Users/shwetawani/Documents/XNode Project/XNode_project/.venv/lib/python3.12/site-packages/airflow/example_dags/example_workday_timetable.py for tasks to queue
[2025-03-20T09:40:16.783-0700] {logging_mixin.py:190} INFO - [2025-03-20T09:40:16.783-0700] {dagbag.py:588} INFO - Filling up the DagBag from /Users/shwetawani/Documents/XNode Project/XNode_project/.venv/lib/python3.12/site-packages/airflow/example_dags/example_workday_timetable.py
[2025-03-20T09:40:17.275-0700] {processor.py:925} INFO - DAG(s) 'example_workday_timetable' retrieved from /Users/shwetawani/Documents/XNode Project/XNode_project/.venv/lib/python3.12/site-packages/airflow/example_dags/example_workday_timetable.py
[2025-03-20T09:40:17.397-0700] {logging_mixin.py:190} INFO - [2025-03-20T09:40:17.397-0700] {dag.py:3239} INFO - Sync 1 DAGs
[2025-03-20T09:40:17.453-0700] {logging_mixin.py:190} INFO - [2025-03-20T09:40:17.453-0700] {dag.py:4180} INFO - Setting next_dagrun for example_workday_timetable to 2021-01-04 00:00:00+00:00, run_after=2021-01-05 00:00:00+00:00
[2025-03-20T09:40:17.470-0700] {processor.py:208} INFO - Processing /Users/shwetawani/Documents/XNode Project/XNode_project/.venv/lib/python3.12/site-packages/airflow/example_dags/example_workday_timetable.py took 0.696 seconds
[2025-03-20T09:41:47.602-0700] {processor.py:186} INFO - Started process (PID=64173) to work on /Users/shwetawani/Documents/XNode Project/XNode_project/.venv/lib/python3.12/site-packages/airflow/example_dags/example_workday_timetable.py
[2025-03-20T09:41:47.603-0700] {processor.py:914} INFO - Processing file /Users/shwetawani/Documents/XNode Project/XNode_project/.venv/lib/python3.12/site-packages/airflow/example_dags/example_workday_timetable.py for tasks to queue
[2025-03-20T09:41:47.604-0700] {logging_mixin.py:190} INFO - [2025-03-20T09:41:47.604-0700] {dagbag.py:588} INFO - Filling up the DagBag from /Users/shwetawani/Documents/XNode Project/XNode_project/.venv/lib/python3.12/site-packages/airflow/example_dags/example_workday_timetable.py
[2025-03-20T09:41:48.044-0700] {processor.py:925} INFO - DAG(s) 'example_workday_timetable' retrieved from /Users/shwetawani/Documents/XNode Project/XNode_project/.venv/lib/python3.12/site-packages/airflow/example_dags/example_workday_timetable.py
[2025-03-20T09:41:48.155-0700] {logging_mixin.py:190} INFO - [2025-03-20T09:41:48.154-0700] {dag.py:3239} INFO - Sync 1 DAGs
[2025-03-20T09:41:48.209-0700] {logging_mixin.py:190} INFO - [2025-03-20T09:41:48.208-0700] {dag.py:4180} INFO - Setting next_dagrun for example_workday_timetable to 2021-01-04 00:00:00+00:00, run_after=2021-01-05 00:00:00+00:00
[2025-03-20T09:41:48.233-0700] {processor.py:208} INFO - Processing /Users/shwetawani/Documents/XNode Project/XNode_project/.venv/lib/python3.12/site-packages/airflow/example_dags/example_workday_timetable.py took 0.634 seconds
[2025-03-20T09:44:42.372-0700] {processor.py:186} INFO - Started process (PID=64333) to work on /Users/shwetawani/Documents/XNode Project/XNode_project/.venv/lib/python3.12/site-packages/airflow/example_dags/example_workday_timetable.py
[2025-03-20T09:44:42.373-0700] {processor.py:914} INFO - Processing file /Users/shwetawani/Documents/XNode Project/XNode_project/.venv/lib/python3.12/site-packages/airflow/example_dags/example_workday_timetable.py for tasks to queue
[2025-03-20T09:44:42.375-0700] {logging_mixin.py:190} INFO - [2025-03-20T09:44:42.374-0700] {dagbag.py:588} INFO - Filling up the DagBag from /Users/shwetawani/Documents/XNode Project/XNode_project/.venv/lib/python3.12/site-packages/airflow/example_dags/example_workday_timetable.py
[2025-03-20T09:44:42.777-0700] {processor.py:925} INFO - DAG(s) 'example_workday_timetable' retrieved from /Users/shwetawani/Documents/XNode Project/XNode_project/.venv/lib/python3.12/site-packages/airflow/example_dags/example_workday_timetable.py
[2025-03-20T09:44:42.898-0700] {logging_mixin.py:190} INFO - [2025-03-20T09:44:42.897-0700] {dag.py:3239} INFO - Sync 1 DAGs
[2025-03-20T09:44:42.953-0700] {logging_mixin.py:190} INFO - [2025-03-20T09:44:42.953-0700] {dag.py:4180} INFO - Setting next_dagrun for example_workday_timetable to 2021-01-04 00:00:00+00:00, run_after=2021-01-05 00:00:00+00:00
[2025-03-20T09:44:42.969-0700] {processor.py:208} INFO - Processing /Users/shwetawani/Documents/XNode Project/XNode_project/.venv/lib/python3.12/site-packages/airflow/example_dags/example_workday_timetable.py took 0.599 seconds
