[2025-03-20T09:38:11.609-0700] {processor.py:186} INFO - Started process (PID=63934) to work on /Users/shwetawani/Documents/XNode Project/XNode_project/.venv/lib/python3.12/site-packages/airflow/example_dags/tutorial_taskflow_templates.py
[2025-03-20T09:38:11.609-0700] {processor.py:914} INFO - Processing file /Users/shwetawani/Documents/XNode Project/XNode_project/.venv/lib/python3.12/site-packages/airflow/example_dags/tutorial_taskflow_templates.py for tasks to queue
[2025-03-20T09:38:11.611-0700] {logging_mixin.py:190} INFO - [2025-03-20T09:38:11.610-0700] {dagbag.py:588} INFO - Filling up the DagBag from /Users/shwetawani/Documents/XNode Project/XNode_project/.venv/lib/python3.12/site-packages/airflow/example_dags/tutorial_taskflow_templates.py
[2025-03-20T09:38:11.672-0700] {processor.py:925} INFO - DAG(s) 'tutorial_taskflow_templates' retrieved from /Users/shwetawani/Documents/XNode Project/XNode_project/.venv/lib/python3.12/site-packages/airflow/example_dags/tutorial_taskflow_templates.py
[2025-03-20T09:38:11.977-0700] {logging_mixin.py:190} INFO - [2025-03-20T09:38:11.977-0700] {override.py:1930} INFO - Created Permission View: can read on DAG:tutorial_taskflow_templates
[2025-03-20T09:38:11.986-0700] {logging_mixin.py:190} INFO - [2025-03-20T09:38:11.985-0700] {override.py:1930} INFO - Created Permission View: can delete on DAG:tutorial_taskflow_templates
[2025-03-20T09:38:11.992-0700] {logging_mixin.py:190} INFO - [2025-03-20T09:38:11.992-0700] {override.py:1930} INFO - Created Permission View: can edit on DAG:tutorial_taskflow_templates
[2025-03-20T09:38:12.001-0700] {logging_mixin.py:190} INFO - [2025-03-20T09:38:12.001-0700] {override.py:1930} INFO - Created Permission View: can read on DAG Run:tutorial_taskflow_templates
[2025-03-20T09:38:12.007-0700] {logging_mixin.py:190} INFO - [2025-03-20T09:38:12.006-0700] {override.py:1930} INFO - Created Permission View: can create on DAG Run:tutorial_taskflow_templates
[2025-03-20T09:38:12.014-0700] {logging_mixin.py:190} INFO - [2025-03-20T09:38:12.014-0700] {override.py:1930} INFO - Created Permission View: can delete on DAG Run:tutorial_taskflow_templates
[2025-03-20T09:38:12.020-0700] {logging_mixin.py:190} INFO - [2025-03-20T09:38:12.019-0700] {override.py:1930} INFO - Created Permission View: menu access on DAG Run:tutorial_taskflow_templates
[2025-03-20T09:38:12.020-0700] {logging_mixin.py:190} INFO - [2025-03-20T09:38:12.020-0700] {dag.py:3239} INFO - Sync 1 DAGs
[2025-03-20T09:38:12.033-0700] {logging_mixin.py:190} INFO - [2025-03-20T09:38:12.033-0700] {dag.py:3262} INFO - Creating ORM DAG for tutorial_taskflow_templates
[2025-03-20T09:38:12.042-0700] {logging_mixin.py:190} INFO - [2025-03-20T09:38:12.042-0700] {dag.py:4180} INFO - Setting next_dagrun for tutorial_taskflow_templates to 2025-03-19 00:00:00+00:00, run_after=2025-03-20 00:00:00+00:00
[2025-03-20T09:38:12.060-0700] {processor.py:208} INFO - Processing /Users/shwetawani/Documents/XNode Project/XNode_project/.venv/lib/python3.12/site-packages/airflow/example_dags/tutorial_taskflow_templates.py took 0.454 seconds
[2025-03-20T09:39:48.327-0700] {processor.py:186} INFO - Started process (PID=64040) to work on /Users/shwetawani/Documents/XNode Project/XNode_project/.venv/lib/python3.12/site-packages/airflow/example_dags/tutorial_taskflow_templates.py
[2025-03-20T09:39:48.329-0700] {processor.py:914} INFO - Processing file /Users/shwetawani/Documents/XNode Project/XNode_project/.venv/lib/python3.12/site-packages/airflow/example_dags/tutorial_taskflow_templates.py for tasks to queue
[2025-03-20T09:39:48.330-0700] {logging_mixin.py:190} INFO - [2025-03-20T09:39:48.330-0700] {dagbag.py:588} INFO - Filling up the DagBag from /Users/shwetawani/Documents/XNode Project/XNode_project/.venv/lib/python3.12/site-packages/airflow/example_dags/tutorial_taskflow_templates.py
[2025-03-20T09:39:48.370-0700] {processor.py:925} INFO - DAG(s) 'tutorial_taskflow_templates' retrieved from /Users/shwetawani/Documents/XNode Project/XNode_project/.venv/lib/python3.12/site-packages/airflow/example_dags/tutorial_taskflow_templates.py
[2025-03-20T09:39:48.542-0700] {logging_mixin.py:190} INFO - [2025-03-20T09:39:48.541-0700] {dag.py:3239} INFO - Sync 1 DAGs
[2025-03-20T09:39:48.559-0700] {logging_mixin.py:190} INFO - [2025-03-20T09:39:48.559-0700] {dag.py:4180} INFO - Setting next_dagrun for tutorial_taskflow_templates to 2025-03-19 00:00:00+00:00, run_after=2025-03-20 00:00:00+00:00
[2025-03-20T09:39:48.577-0700] {processor.py:208} INFO - Processing /Users/shwetawani/Documents/XNode Project/XNode_project/.venv/lib/python3.12/site-packages/airflow/example_dags/tutorial_taskflow_templates.py took 0.253 seconds
[2025-03-20T09:41:22.403-0700] {processor.py:186} INFO - Started process (PID=64148) to work on /Users/shwetawani/Documents/XNode Project/XNode_project/.venv/lib/python3.12/site-packages/airflow/example_dags/tutorial_taskflow_templates.py
[2025-03-20T09:41:22.404-0700] {processor.py:914} INFO - Processing file /Users/shwetawani/Documents/XNode Project/XNode_project/.venv/lib/python3.12/site-packages/airflow/example_dags/tutorial_taskflow_templates.py for tasks to queue
[2025-03-20T09:41:22.405-0700] {logging_mixin.py:190} INFO - [2025-03-20T09:41:22.405-0700] {dagbag.py:588} INFO - Filling up the DagBag from /Users/shwetawani/Documents/XNode Project/XNode_project/.venv/lib/python3.12/site-packages/airflow/example_dags/tutorial_taskflow_templates.py
[2025-03-20T09:41:22.443-0700] {processor.py:925} INFO - DAG(s) 'tutorial_taskflow_templates' retrieved from /Users/shwetawani/Documents/XNode Project/XNode_project/.venv/lib/python3.12/site-packages/airflow/example_dags/tutorial_taskflow_templates.py
[2025-03-20T09:41:22.586-0700] {logging_mixin.py:190} INFO - [2025-03-20T09:41:22.586-0700] {dag.py:3239} INFO - Sync 1 DAGs
[2025-03-20T09:41:22.603-0700] {logging_mixin.py:190} INFO - [2025-03-20T09:41:22.602-0700] {dag.py:4180} INFO - Setting next_dagrun for tutorial_taskflow_templates to 2025-03-19 00:00:00+00:00, run_after=2025-03-20 00:00:00+00:00
[2025-03-20T09:41:22.619-0700] {processor.py:208} INFO - Processing /Users/shwetawani/Documents/XNode Project/XNode_project/.venv/lib/python3.12/site-packages/airflow/example_dags/tutorial_taskflow_templates.py took 0.218 seconds
[2025-03-20T09:44:15.074-0700] {processor.py:186} INFO - Started process (PID=64312) to work on /Users/shwetawani/Documents/XNode Project/XNode_project/.venv/lib/python3.12/site-packages/airflow/example_dags/tutorial_taskflow_templates.py
[2025-03-20T09:44:15.077-0700] {processor.py:914} INFO - Processing file /Users/shwetawani/Documents/XNode Project/XNode_project/.venv/lib/python3.12/site-packages/airflow/example_dags/tutorial_taskflow_templates.py for tasks to queue
[2025-03-20T09:44:15.078-0700] {logging_mixin.py:190} INFO - [2025-03-20T09:44:15.078-0700] {dagbag.py:588} INFO - Filling up the DagBag from /Users/shwetawani/Documents/XNode Project/XNode_project/.venv/lib/python3.12/site-packages/airflow/example_dags/tutorial_taskflow_templates.py
[2025-03-20T09:44:15.161-0700] {processor.py:925} INFO - DAG(s) 'tutorial_taskflow_templates' retrieved from /Users/shwetawani/Documents/XNode Project/XNode_project/.venv/lib/python3.12/site-packages/airflow/example_dags/tutorial_taskflow_templates.py
[2025-03-20T09:44:15.322-0700] {logging_mixin.py:190} INFO - [2025-03-20T09:44:15.322-0700] {dag.py:3239} INFO - Sync 1 DAGs
[2025-03-20T09:44:15.343-0700] {logging_mixin.py:190} INFO - [2025-03-20T09:44:15.342-0700] {dag.py:4180} INFO - Setting next_dagrun for tutorial_taskflow_templates to 2025-03-19 00:00:00+00:00, run_after=2025-03-20 00:00:00+00:00
[2025-03-20T09:44:15.360-0700] {processor.py:208} INFO - Processing /Users/shwetawani/Documents/XNode Project/XNode_project/.venv/lib/python3.12/site-packages/airflow/example_dags/tutorial_taskflow_templates.py took 0.289 seconds
