[2025-03-20T09:38:27.890-0700] {processor.py:186} INFO - Started process (PID=63947) to work on /Users/shwetawani/Documents/XNode Project/XNode_project/.venv/lib/python3.12/site-packages/airflow/example_dags/tutorial.py
[2025-03-20T09:38:27.891-0700] {processor.py:914} INFO - Processing file /Users/shwetawani/Documents/XNode Project/XNode_project/.venv/lib/python3.12/site-packages/airflow/example_dags/tutorial.py for tasks to queue
[2025-03-20T09:38:27.892-0700] {logging_mixin.py:190} INFO - [2025-03-20T09:38:27.892-0700] {dagbag.py:588} INFO - Filling up the DagBag from /Users/shwetawani/Documents/XNode Project/XNode_project/.venv/lib/python3.12/site-packages/airflow/example_dags/tutorial.py
[2025-03-20T09:38:27.900-0700] {processor.py:925} INFO - DAG(s) 'tutorial' retrieved from /Users/shwetawani/Documents/XNode Project/XNode_project/.venv/lib/python3.12/site-packages/airflow/example_dags/tutorial.py
[2025-03-20T09:38:28.142-0700] {logging_mixin.py:190} INFO - [2025-03-20T09:38:28.141-0700] {override.py:1930} INFO - Created Permission View: can edit on DAG:tutorial
[2025-03-20T09:38:28.152-0700] {logging_mixin.py:190} INFO - [2025-03-20T09:38:28.152-0700] {override.py:1930} INFO - Created Permission View: can delete on DAG:tutorial
[2025-03-20T09:38:28.159-0700] {logging_mixin.py:190} INFO - [2025-03-20T09:38:28.158-0700] {override.py:1930} INFO - Created Permission View: can read on DAG:tutorial
[2025-03-20T09:38:28.167-0700] {logging_mixin.py:190} INFO - [2025-03-20T09:38:28.166-0700] {override.py:1930} INFO - Created Permission View: can create on DAG Run:tutorial
[2025-03-20T09:38:28.172-0700] {logging_mixin.py:190} INFO - [2025-03-20T09:38:28.172-0700] {override.py:1930} INFO - Created Permission View: menu access on DAG Run:tutorial
[2025-03-20T09:38:28.179-0700] {logging_mixin.py:190} INFO - [2025-03-20T09:38:28.178-0700] {override.py:1930} INFO - Created Permission View: can delete on DAG Run:tutorial
[2025-03-20T09:38:28.184-0700] {logging_mixin.py:190} INFO - [2025-03-20T09:38:28.184-0700] {override.py:1930} INFO - Created Permission View: can read on DAG Run:tutorial
[2025-03-20T09:38:28.185-0700] {logging_mixin.py:190} INFO - [2025-03-20T09:38:28.185-0700] {dag.py:3239} INFO - Sync 1 DAGs
[2025-03-20T09:38:28.197-0700] {logging_mixin.py:190} INFO - [2025-03-20T09:38:28.196-0700] {dag.py:3262} INFO - Creating ORM DAG for tutorial
[2025-03-20T09:38:28.204-0700] {logging_mixin.py:190} INFO - [2025-03-20T09:38:28.204-0700] {dag.py:4180} INFO - Setting next_dagrun for tutorial to 2025-03-19 00:00:00+00:00, run_after=2025-03-20 00:00:00+00:00
[2025-03-20T09:38:28.220-0700] {processor.py:208} INFO - Processing /Users/shwetawani/Documents/XNode Project/XNode_project/.venv/lib/python3.12/site-packages/airflow/example_dags/tutorial.py took 0.333 seconds
[2025-03-20T09:40:05.816-0700] {processor.py:186} INFO - Started process (PID=64060) to work on /Users/shwetawani/Documents/XNode Project/XNode_project/.venv/lib/python3.12/site-packages/airflow/example_dags/tutorial.py
[2025-03-20T09:40:05.817-0700] {processor.py:914} INFO - Processing file /Users/shwetawani/Documents/XNode Project/XNode_project/.venv/lib/python3.12/site-packages/airflow/example_dags/tutorial.py for tasks to queue
[2025-03-20T09:40:05.819-0700] {logging_mixin.py:190} INFO - [2025-03-20T09:40:05.819-0700] {dagbag.py:588} INFO - Filling up the DagBag from /Users/shwetawani/Documents/XNode Project/XNode_project/.venv/lib/python3.12/site-packages/airflow/example_dags/tutorial.py
[2025-03-20T09:40:05.830-0700] {processor.py:925} INFO - DAG(s) 'tutorial' retrieved from /Users/shwetawani/Documents/XNode Project/XNode_project/.venv/lib/python3.12/site-packages/airflow/example_dags/tutorial.py
[2025-03-20T09:40:05.967-0700] {logging_mixin.py:190} INFO - [2025-03-20T09:40:05.967-0700] {dag.py:3239} INFO - Sync 1 DAGs
[2025-03-20T09:40:06.073-0700] {logging_mixin.py:190} INFO - [2025-03-20T09:40:06.073-0700] {dag.py:4180} INFO - Setting next_dagrun for tutorial to 2025-03-19 00:00:00+00:00, run_after=2025-03-20 00:00:00+00:00
[2025-03-20T09:40:06.091-0700] {processor.py:208} INFO - Processing /Users/shwetawani/Documents/XNode Project/XNode_project/.venv/lib/python3.12/site-packages/airflow/example_dags/tutorial.py took 0.278 seconds
[2025-03-20T09:41:38.264-0700] {processor.py:186} INFO - Started process (PID=64167) to work on /Users/shwetawani/Documents/XNode Project/XNode_project/.venv/lib/python3.12/site-packages/airflow/example_dags/tutorial.py
[2025-03-20T09:41:38.265-0700] {processor.py:914} INFO - Processing file /Users/shwetawani/Documents/XNode Project/XNode_project/.venv/lib/python3.12/site-packages/airflow/example_dags/tutorial.py for tasks to queue
[2025-03-20T09:41:38.266-0700] {logging_mixin.py:190} INFO - [2025-03-20T09:41:38.266-0700] {dagbag.py:588} INFO - Filling up the DagBag from /Users/shwetawani/Documents/XNode Project/XNode_project/.venv/lib/python3.12/site-packages/airflow/example_dags/tutorial.py
[2025-03-20T09:41:38.275-0700] {processor.py:925} INFO - DAG(s) 'tutorial' retrieved from /Users/shwetawani/Documents/XNode Project/XNode_project/.venv/lib/python3.12/site-packages/airflow/example_dags/tutorial.py
[2025-03-20T09:41:38.383-0700] {logging_mixin.py:190} INFO - [2025-03-20T09:41:38.383-0700] {dag.py:3239} INFO - Sync 1 DAGs
[2025-03-20T09:41:38.466-0700] {logging_mixin.py:190} INFO - [2025-03-20T09:41:38.465-0700] {dag.py:4180} INFO - Setting next_dagrun for tutorial to 2025-03-19 00:00:00+00:00, run_after=2025-03-20 00:00:00+00:00
[2025-03-20T09:41:38.488-0700] {processor.py:208} INFO - Processing /Users/shwetawani/Documents/XNode Project/XNode_project/.venv/lib/python3.12/site-packages/airflow/example_dags/tutorial.py took 0.227 seconds
[2025-03-20T09:44:31.632-0700] {processor.py:186} INFO - Started process (PID=64326) to work on /Users/shwetawani/Documents/XNode Project/XNode_project/.venv/lib/python3.12/site-packages/airflow/example_dags/tutorial.py
[2025-03-20T09:44:31.633-0700] {processor.py:914} INFO - Processing file /Users/shwetawani/Documents/XNode Project/XNode_project/.venv/lib/python3.12/site-packages/airflow/example_dags/tutorial.py for tasks to queue
[2025-03-20T09:44:31.634-0700] {logging_mixin.py:190} INFO - [2025-03-20T09:44:31.634-0700] {dagbag.py:588} INFO - Filling up the DagBag from /Users/shwetawani/Documents/XNode Project/XNode_project/.venv/lib/python3.12/site-packages/airflow/example_dags/tutorial.py
[2025-03-20T09:44:31.644-0700] {processor.py:925} INFO - DAG(s) 'tutorial' retrieved from /Users/shwetawani/Documents/XNode Project/XNode_project/.venv/lib/python3.12/site-packages/airflow/example_dags/tutorial.py
[2025-03-20T09:44:31.747-0700] {logging_mixin.py:190} INFO - [2025-03-20T09:44:31.747-0700] {dag.py:3239} INFO - Sync 1 DAGs
[2025-03-20T09:44:31.823-0700] {logging_mixin.py:190} INFO - [2025-03-20T09:44:31.823-0700] {dag.py:4180} INFO - Setting next_dagrun for tutorial to 2025-03-19 00:00:00+00:00, run_after=2025-03-20 00:00:00+00:00
[2025-03-20T09:44:31.841-0700] {processor.py:208} INFO - Processing /Users/shwetawani/Documents/XNode Project/XNode_project/.venv/lib/python3.12/site-packages/airflow/example_dags/tutorial.py took 0.212 seconds
