[2025-03-20T09:38:20.857-0700] {processor.py:186} INFO - Started process (PID=63940) to work on /Users/shwetawani/Documents/XNode Project/XNode_project/.venv/lib/python3.12/site-packages/airflow/example_dags/tutorial_objectstorage.py
[2025-03-20T09:38:20.859-0700] {processor.py:914} INFO - Processing file /Users/shwetawani/Documents/XNode Project/XNode_project/.venv/lib/python3.12/site-packages/airflow/example_dags/tutorial_objectstorage.py for tasks to queue
[2025-03-20T09:38:20.860-0700] {logging_mixin.py:190} INFO - [2025-03-20T09:38:20.860-0700] {dagbag.py:588} INFO - Filling up the DagBag from /Users/shwetawani/Documents/XNode Project/XNode_project/.venv/lib/python3.12/site-packages/airflow/example_dags/tutorial_objectstorage.py
[2025-03-20T09:38:20.896-0700] {processor.py:925} INFO - DAG(s) 'tutorial_objectstorage' retrieved from /Users/shwetawani/Documents/XNode Project/XNode_project/.venv/lib/python3.12/site-packages/airflow/example_dags/tutorial_objectstorage.py
[2025-03-20T09:38:21.145-0700] {logging_mixin.py:190} INFO - [2025-03-20T09:38:21.145-0700] {override.py:1930} INFO - Created Permission View: can read on DAG:tutorial_objectstorage
[2025-03-20T09:38:21.156-0700] {logging_mixin.py:190} INFO - [2025-03-20T09:38:21.155-0700] {override.py:1930} INFO - Created Permission View: can delete on DAG:tutorial_objectstorage
[2025-03-20T09:38:21.162-0700] {logging_mixin.py:190} INFO - [2025-03-20T09:38:21.162-0700] {override.py:1930} INFO - Created Permission View: can edit on DAG:tutorial_objectstorage
[2025-03-20T09:38:21.171-0700] {logging_mixin.py:190} INFO - [2025-03-20T09:38:21.170-0700] {override.py:1930} INFO - Created Permission View: can delete on DAG Run:tutorial_objectstorage
[2025-03-20T09:38:21.176-0700] {logging_mixin.py:190} INFO - [2025-03-20T09:38:21.176-0700] {override.py:1930} INFO - Created Permission View: can read on DAG Run:tutorial_objectstorage
[2025-03-20T09:38:21.182-0700] {logging_mixin.py:190} INFO - [2025-03-20T09:38:21.181-0700] {override.py:1930} INFO - Created Permission View: can create on DAG Run:tutorial_objectstorage
[2025-03-20T09:38:21.187-0700] {logging_mixin.py:190} INFO - [2025-03-20T09:38:21.187-0700] {override.py:1930} INFO - Created Permission View: menu access on DAG Run:tutorial_objectstorage
[2025-03-20T09:38:21.188-0700] {logging_mixin.py:190} INFO - [2025-03-20T09:38:21.187-0700] {dag.py:3239} INFO - Sync 1 DAGs
[2025-03-20T09:38:21.200-0700] {logging_mixin.py:190} INFO - [2025-03-20T09:38:21.200-0700] {dag.py:3262} INFO - Creating ORM DAG for tutorial_objectstorage
[2025-03-20T09:38:21.201-0700] {logging_mixin.py:190} INFO - [2025-03-20T09:38:21.201-0700] {dag.py:4180} INFO - Setting next_dagrun for tutorial_objectstorage to None, run_after=None
[2025-03-20T09:38:21.216-0700] {processor.py:208} INFO - Processing /Users/shwetawani/Documents/XNode Project/XNode_project/.venv/lib/python3.12/site-packages/airflow/example_dags/tutorial_objectstorage.py took 0.362 seconds
[2025-03-20T09:39:57.640-0700] {processor.py:186} INFO - Started process (PID=64052) to work on /Users/shwetawani/Documents/XNode Project/XNode_project/.venv/lib/python3.12/site-packages/airflow/example_dags/tutorial_objectstorage.py
[2025-03-20T09:39:57.643-0700] {processor.py:914} INFO - Processing file /Users/shwetawani/Documents/XNode Project/XNode_project/.venv/lib/python3.12/site-packages/airflow/example_dags/tutorial_objectstorage.py for tasks to queue
[2025-03-20T09:39:57.644-0700] {logging_mixin.py:190} INFO - [2025-03-20T09:39:57.644-0700] {dagbag.py:588} INFO - Filling up the DagBag from /Users/shwetawani/Documents/XNode Project/XNode_project/.venv/lib/python3.12/site-packages/airflow/example_dags/tutorial_objectstorage.py
[2025-03-20T09:39:57.683-0700] {processor.py:925} INFO - DAG(s) 'tutorial_objectstorage' retrieved from /Users/shwetawani/Documents/XNode Project/XNode_project/.venv/lib/python3.12/site-packages/airflow/example_dags/tutorial_objectstorage.py
[2025-03-20T09:39:57.879-0700] {logging_mixin.py:190} INFO - [2025-03-20T09:39:57.879-0700] {dag.py:3239} INFO - Sync 1 DAGs
[2025-03-20T09:39:57.892-0700] {logging_mixin.py:190} INFO - [2025-03-20T09:39:57.891-0700] {dag.py:4180} INFO - Setting next_dagrun for tutorial_objectstorage to None, run_after=None
[2025-03-20T09:39:57.911-0700] {processor.py:208} INFO - Processing /Users/shwetawani/Documents/XNode Project/XNode_project/.venv/lib/python3.12/site-packages/airflow/example_dags/tutorial_objectstorage.py took 0.274 seconds
[2025-03-20T09:41:31.895-0700] {processor.py:186} INFO - Started process (PID=64158) to work on /Users/shwetawani/Documents/XNode Project/XNode_project/.venv/lib/python3.12/site-packages/airflow/example_dags/tutorial_objectstorage.py
[2025-03-20T09:41:31.896-0700] {processor.py:914} INFO - Processing file /Users/shwetawani/Documents/XNode Project/XNode_project/.venv/lib/python3.12/site-packages/airflow/example_dags/tutorial_objectstorage.py for tasks to queue
[2025-03-20T09:41:31.897-0700] {logging_mixin.py:190} INFO - [2025-03-20T09:41:31.896-0700] {dagbag.py:588} INFO - Filling up the DagBag from /Users/shwetawani/Documents/XNode Project/XNode_project/.venv/lib/python3.12/site-packages/airflow/example_dags/tutorial_objectstorage.py
[2025-03-20T09:41:31.928-0700] {processor.py:925} INFO - DAG(s) 'tutorial_objectstorage' retrieved from /Users/shwetawani/Documents/XNode Project/XNode_project/.venv/lib/python3.12/site-packages/airflow/example_dags/tutorial_objectstorage.py
[2025-03-20T09:41:32.073-0700] {logging_mixin.py:190} INFO - [2025-03-20T09:41:32.073-0700] {dag.py:3239} INFO - Sync 1 DAGs
[2025-03-20T09:41:32.082-0700] {logging_mixin.py:190} INFO - [2025-03-20T09:41:32.082-0700] {dag.py:4180} INFO - Setting next_dagrun for tutorial_objectstorage to None, run_after=None
[2025-03-20T09:41:32.101-0700] {processor.py:208} INFO - Processing /Users/shwetawani/Documents/XNode Project/XNode_project/.venv/lib/python3.12/site-packages/airflow/example_dags/tutorial_objectstorage.py took 0.208 seconds
[2025-03-20T09:44:25.226-0700] {processor.py:186} INFO - Started process (PID=64318) to work on /Users/shwetawani/Documents/XNode Project/XNode_project/.venv/lib/python3.12/site-packages/airflow/example_dags/tutorial_objectstorage.py
[2025-03-20T09:44:25.228-0700] {processor.py:914} INFO - Processing file /Users/shwetawani/Documents/XNode Project/XNode_project/.venv/lib/python3.12/site-packages/airflow/example_dags/tutorial_objectstorage.py for tasks to queue
[2025-03-20T09:44:25.229-0700] {logging_mixin.py:190} INFO - [2025-03-20T09:44:25.229-0700] {dagbag.py:588} INFO - Filling up the DagBag from /Users/shwetawani/Documents/XNode Project/XNode_project/.venv/lib/python3.12/site-packages/airflow/example_dags/tutorial_objectstorage.py
[2025-03-20T09:44:25.263-0700] {processor.py:925} INFO - DAG(s) 'tutorial_objectstorage' retrieved from /Users/shwetawani/Documents/XNode Project/XNode_project/.venv/lib/python3.12/site-packages/airflow/example_dags/tutorial_objectstorage.py
[2025-03-20T09:44:25.409-0700] {logging_mixin.py:190} INFO - [2025-03-20T09:44:25.408-0700] {dag.py:3239} INFO - Sync 1 DAGs
[2025-03-20T09:44:25.418-0700] {logging_mixin.py:190} INFO - [2025-03-20T09:44:25.418-0700] {dag.py:4180} INFO - Setting next_dagrun for tutorial_objectstorage to None, run_after=None
[2025-03-20T09:44:25.435-0700] {processor.py:208} INFO - Processing /Users/shwetawani/Documents/XNode Project/XNode_project/.venv/lib/python3.12/site-packages/airflow/example_dags/tutorial_objectstorage.py took 0.212 seconds
