[2025-03-20T09:38:24.468-0700] {processor.py:186} INFO - Started process (PID=63944) to work on /Users/shwetawani/Documents/XNode Project/XNode_project/.venv/lib/python3.12/site-packages/airflow/example_dags/tutorial_dag.py
[2025-03-20T09:38:24.469-0700] {processor.py:914} INFO - Processing file /Users/shwetawani/Documents/XNode Project/XNode_project/.venv/lib/python3.12/site-packages/airflow/example_dags/tutorial_dag.py for tasks to queue
[2025-03-20T09:38:24.470-0700] {logging_mixin.py:190} INFO - [2025-03-20T09:38:24.470-0700] {dagbag.py:588} INFO - Filling up the DagBag from /Users/shwetawani/Documents/XNode Project/XNode_project/.venv/lib/python3.12/site-packages/airflow/example_dags/tutorial_dag.py
[2025-03-20T09:38:24.497-0700] {processor.py:925} INFO - DAG(s) 'tutorial_dag' retrieved from /Users/shwetawani/Documents/XNode Project/XNode_project/.venv/lib/python3.12/site-packages/airflow/example_dags/tutorial_dag.py
[2025-03-20T09:38:24.753-0700] {logging_mixin.py:190} INFO - [2025-03-20T09:38:24.753-0700] {override.py:1930} INFO - Created Permission View: can delete on DAG:tutorial_dag
[2025-03-20T09:38:24.765-0700] {logging_mixin.py:190} INFO - [2025-03-20T09:38:24.764-0700] {override.py:1930} INFO - Created Permission View: can edit on DAG:tutorial_dag
[2025-03-20T09:38:24.771-0700] {logging_mixin.py:190} INFO - [2025-03-20T09:38:24.770-0700] {override.py:1930} INFO - Created Permission View: can read on DAG:tutorial_dag
[2025-03-20T09:38:24.779-0700] {logging_mixin.py:190} INFO - [2025-03-20T09:38:24.778-0700] {override.py:1930} INFO - Created Permission View: can delete on DAG Run:tutorial_dag
[2025-03-20T09:38:24.785-0700] {logging_mixin.py:190} INFO - [2025-03-20T09:38:24.784-0700] {override.py:1930} INFO - Created Permission View: can create on DAG Run:tutorial_dag
[2025-03-20T09:38:24.791-0700] {logging_mixin.py:190} INFO - [2025-03-20T09:38:24.791-0700] {override.py:1930} INFO - Created Permission View: menu access on DAG Run:tutorial_dag
[2025-03-20T09:38:24.797-0700] {logging_mixin.py:190} INFO - [2025-03-20T09:38:24.797-0700] {override.py:1930} INFO - Created Permission View: can read on DAG Run:tutorial_dag
[2025-03-20T09:38:24.798-0700] {logging_mixin.py:190} INFO - [2025-03-20T09:38:24.798-0700] {dag.py:3239} INFO - Sync 1 DAGs
[2025-03-20T09:38:24.809-0700] {logging_mixin.py:190} INFO - [2025-03-20T09:38:24.809-0700] {dag.py:3262} INFO - Creating ORM DAG for tutorial_dag
[2025-03-20T09:38:24.810-0700] {logging_mixin.py:190} INFO - [2025-03-20T09:38:24.810-0700] {dag.py:4180} INFO - Setting next_dagrun for tutorial_dag to None, run_after=None
[2025-03-20T09:38:24.826-0700] {processor.py:208} INFO - Processing /Users/shwetawani/Documents/XNode Project/XNode_project/.venv/lib/python3.12/site-packages/airflow/example_dags/tutorial_dag.py took 0.361 seconds
[2025-03-20T09:40:01.344-0700] {processor.py:186} INFO - Started process (PID=64056) to work on /Users/shwetawani/Documents/XNode Project/XNode_project/.venv/lib/python3.12/site-packages/airflow/example_dags/tutorial_dag.py
[2025-03-20T09:40:01.346-0700] {processor.py:914} INFO - Processing file /Users/shwetawani/Documents/XNode Project/XNode_project/.venv/lib/python3.12/site-packages/airflow/example_dags/tutorial_dag.py for tasks to queue
[2025-03-20T09:40:01.348-0700] {logging_mixin.py:190} INFO - [2025-03-20T09:40:01.348-0700] {dagbag.py:588} INFO - Filling up the DagBag from /Users/shwetawani/Documents/XNode Project/XNode_project/.venv/lib/python3.12/site-packages/airflow/example_dags/tutorial_dag.py
[2025-03-20T09:40:01.387-0700] {processor.py:925} INFO - DAG(s) 'tutorial_dag' retrieved from /Users/shwetawani/Documents/XNode Project/XNode_project/.venv/lib/python3.12/site-packages/airflow/example_dags/tutorial_dag.py
[2025-03-20T09:40:01.535-0700] {logging_mixin.py:190} INFO - [2025-03-20T09:40:01.535-0700] {dag.py:3239} INFO - Sync 1 DAGs
[2025-03-20T09:40:01.617-0700] {logging_mixin.py:190} INFO - [2025-03-20T09:40:01.617-0700] {dag.py:4180} INFO - Setting next_dagrun for tutorial_dag to None, run_after=None
[2025-03-20T09:40:01.873-0700] {processor.py:208} INFO - Processing /Users/shwetawani/Documents/XNode Project/XNode_project/.venv/lib/python3.12/site-packages/airflow/example_dags/tutorial_dag.py took 0.533 seconds
[2025-03-20T09:41:34.970-0700] {processor.py:186} INFO - Started process (PID=64164) to work on /Users/shwetawani/Documents/XNode Project/XNode_project/.venv/lib/python3.12/site-packages/airflow/example_dags/tutorial_dag.py
[2025-03-20T09:41:34.972-0700] {processor.py:914} INFO - Processing file /Users/shwetawani/Documents/XNode Project/XNode_project/.venv/lib/python3.12/site-packages/airflow/example_dags/tutorial_dag.py for tasks to queue
[2025-03-20T09:41:34.973-0700] {logging_mixin.py:190} INFO - [2025-03-20T09:41:34.973-0700] {dagbag.py:588} INFO - Filling up the DagBag from /Users/shwetawani/Documents/XNode Project/XNode_project/.venv/lib/python3.12/site-packages/airflow/example_dags/tutorial_dag.py
[2025-03-20T09:41:35.005-0700] {processor.py:925} INFO - DAG(s) 'tutorial_dag' retrieved from /Users/shwetawani/Documents/XNode Project/XNode_project/.venv/lib/python3.12/site-packages/airflow/example_dags/tutorial_dag.py
[2025-03-20T09:41:35.113-0700] {logging_mixin.py:190} INFO - [2025-03-20T09:41:35.113-0700] {dag.py:3239} INFO - Sync 1 DAGs
[2025-03-20T09:41:35.194-0700] {logging_mixin.py:190} INFO - [2025-03-20T09:41:35.194-0700] {dag.py:4180} INFO - Setting next_dagrun for tutorial_dag to None, run_after=None
[2025-03-20T09:41:35.215-0700] {processor.py:208} INFO - Processing /Users/shwetawani/Documents/XNode Project/XNode_project/.venv/lib/python3.12/site-packages/airflow/example_dags/tutorial_dag.py took 0.248 seconds
[2025-03-20T09:44:28.361-0700] {processor.py:186} INFO - Started process (PID=64324) to work on /Users/shwetawani/Documents/XNode Project/XNode_project/.venv/lib/python3.12/site-packages/airflow/example_dags/tutorial_dag.py
[2025-03-20T09:44:28.362-0700] {processor.py:914} INFO - Processing file /Users/shwetawani/Documents/XNode Project/XNode_project/.venv/lib/python3.12/site-packages/airflow/example_dags/tutorial_dag.py for tasks to queue
[2025-03-20T09:44:28.364-0700] {logging_mixin.py:190} INFO - [2025-03-20T09:44:28.363-0700] {dagbag.py:588} INFO - Filling up the DagBag from /Users/shwetawani/Documents/XNode Project/XNode_project/.venv/lib/python3.12/site-packages/airflow/example_dags/tutorial_dag.py
[2025-03-20T09:44:28.388-0700] {processor.py:925} INFO - DAG(s) 'tutorial_dag' retrieved from /Users/shwetawani/Documents/XNode Project/XNode_project/.venv/lib/python3.12/site-packages/airflow/example_dags/tutorial_dag.py
[2025-03-20T09:44:28.477-0700] {logging_mixin.py:190} INFO - [2025-03-20T09:44:28.477-0700] {dag.py:3239} INFO - Sync 1 DAGs
[2025-03-20T09:44:28.548-0700] {logging_mixin.py:190} INFO - [2025-03-20T09:44:28.548-0700] {dag.py:4180} INFO - Setting next_dagrun for tutorial_dag to None, run_after=None
[2025-03-20T09:44:28.568-0700] {processor.py:208} INFO - Processing /Users/shwetawani/Documents/XNode Project/XNode_project/.venv/lib/python3.12/site-packages/airflow/example_dags/tutorial_dag.py took 0.210 seconds
