[2025-03-20T09:38:17.536-0700] {processor.py:186} INFO - Started process (PID=63938) to work on /Users/shwetawani/Documents/XNode Project/XNode_project/.venv/lib/python3.12/site-packages/airflow/example_dags/tutorial_taskflow_api.py
[2025-03-20T09:38:17.536-0700] {processor.py:914} INFO - Processing file /Users/shwetawani/Documents/XNode Project/XNode_project/.venv/lib/python3.12/site-packages/airflow/example_dags/tutorial_taskflow_api.py for tasks to queue
[2025-03-20T09:38:17.537-0700] {logging_mixin.py:190} INFO - [2025-03-20T09:38:17.537-0700] {dagbag.py:588} INFO - Filling up the DagBag from /Users/shwetawani/Documents/XNode Project/XNode_project/.venv/lib/python3.12/site-packages/airflow/example_dags/tutorial_taskflow_api.py
[2025-03-20T09:38:17.570-0700] {processor.py:925} INFO - DAG(s) 'tutorial_taskflow_api' retrieved from /Users/shwetawani/Documents/XNode Project/XNode_project/.venv/lib/python3.12/site-packages/airflow/example_dags/tutorial_taskflow_api.py
[2025-03-20T09:38:17.791-0700] {logging_mixin.py:190} INFO - [2025-03-20T09:38:17.791-0700] {override.py:1930} INFO - Created Permission View: can edit on DAG:tutorial_taskflow_api
[2025-03-20T09:38:17.800-0700] {logging_mixin.py:190} INFO - [2025-03-20T09:38:17.800-0700] {override.py:1930} INFO - Created Permission View: can read on DAG:tutorial_taskflow_api
[2025-03-20T09:38:17.806-0700] {logging_mixin.py:190} INFO - [2025-03-20T09:38:17.806-0700] {override.py:1930} INFO - Created Permission View: can delete on DAG:tutorial_taskflow_api
[2025-03-20T09:38:17.812-0700] {logging_mixin.py:190} INFO - [2025-03-20T09:38:17.812-0700] {override.py:1930} INFO - Created Permission View: menu access on DAG Run:tutorial_taskflow_api
[2025-03-20T09:38:17.818-0700] {logging_mixin.py:190} INFO - [2025-03-20T09:38:17.818-0700] {override.py:1930} INFO - Created Permission View: can create on DAG Run:tutorial_taskflow_api
[2025-03-20T09:38:17.824-0700] {logging_mixin.py:190} INFO - [2025-03-20T09:38:17.823-0700] {override.py:1930} INFO - Created Permission View: can read on DAG Run:tutorial_taskflow_api
[2025-03-20T09:38:17.828-0700] {logging_mixin.py:190} INFO - [2025-03-20T09:38:17.828-0700] {override.py:1930} INFO - Created Permission View: can delete on DAG Run:tutorial_taskflow_api
[2025-03-20T09:38:17.829-0700] {logging_mixin.py:190} INFO - [2025-03-20T09:38:17.829-0700] {dag.py:3239} INFO - Sync 1 DAGs
[2025-03-20T09:38:17.841-0700] {logging_mixin.py:190} INFO - [2025-03-20T09:38:17.841-0700] {dag.py:3262} INFO - Creating ORM DAG for tutorial_taskflow_api
[2025-03-20T09:38:17.842-0700] {logging_mixin.py:190} INFO - [2025-03-20T09:38:17.842-0700] {dag.py:4180} INFO - Setting next_dagrun for tutorial_taskflow_api to None, run_after=None
[2025-03-20T09:38:17.857-0700] {processor.py:208} INFO - Processing /Users/shwetawani/Documents/XNode Project/XNode_project/.venv/lib/python3.12/site-packages/airflow/example_dags/tutorial_taskflow_api.py took 0.324 seconds
[2025-03-20T09:39:54.279-0700] {processor.py:186} INFO - Started process (PID=64048) to work on /Users/shwetawani/Documents/XNode Project/XNode_project/.venv/lib/python3.12/site-packages/airflow/example_dags/tutorial_taskflow_api.py
[2025-03-20T09:39:54.281-0700] {processor.py:914} INFO - Processing file /Users/shwetawani/Documents/XNode Project/XNode_project/.venv/lib/python3.12/site-packages/airflow/example_dags/tutorial_taskflow_api.py for tasks to queue
[2025-03-20T09:39:54.282-0700] {logging_mixin.py:190} INFO - [2025-03-20T09:39:54.282-0700] {dagbag.py:588} INFO - Filling up the DagBag from /Users/shwetawani/Documents/XNode Project/XNode_project/.venv/lib/python3.12/site-packages/airflow/example_dags/tutorial_taskflow_api.py
[2025-03-20T09:39:54.318-0700] {processor.py:925} INFO - DAG(s) 'tutorial_taskflow_api' retrieved from /Users/shwetawani/Documents/XNode Project/XNode_project/.venv/lib/python3.12/site-packages/airflow/example_dags/tutorial_taskflow_api.py
[2025-03-20T09:39:54.487-0700] {logging_mixin.py:190} INFO - [2025-03-20T09:39:54.486-0700] {dag.py:3239} INFO - Sync 1 DAGs
[2025-03-20T09:39:54.499-0700] {logging_mixin.py:190} INFO - [2025-03-20T09:39:54.499-0700] {dag.py:4180} INFO - Setting next_dagrun for tutorial_taskflow_api to None, run_after=None
[2025-03-20T09:39:54.520-0700] {processor.py:208} INFO - Processing /Users/shwetawani/Documents/XNode Project/XNode_project/.venv/lib/python3.12/site-packages/airflow/example_dags/tutorial_taskflow_api.py took 0.244 seconds
[2025-03-20T09:41:28.656-0700] {processor.py:186} INFO - Started process (PID=64152) to work on /Users/shwetawani/Documents/XNode Project/XNode_project/.venv/lib/python3.12/site-packages/airflow/example_dags/tutorial_taskflow_api.py
[2025-03-20T09:41:28.658-0700] {processor.py:914} INFO - Processing file /Users/shwetawani/Documents/XNode Project/XNode_project/.venv/lib/python3.12/site-packages/airflow/example_dags/tutorial_taskflow_api.py for tasks to queue
[2025-03-20T09:41:28.659-0700] {logging_mixin.py:190} INFO - [2025-03-20T09:41:28.659-0700] {dagbag.py:588} INFO - Filling up the DagBag from /Users/shwetawani/Documents/XNode Project/XNode_project/.venv/lib/python3.12/site-packages/airflow/example_dags/tutorial_taskflow_api.py
[2025-03-20T09:41:28.700-0700] {processor.py:925} INFO - DAG(s) 'tutorial_taskflow_api' retrieved from /Users/shwetawani/Documents/XNode Project/XNode_project/.venv/lib/python3.12/site-packages/airflow/example_dags/tutorial_taskflow_api.py
[2025-03-20T09:41:28.886-0700] {logging_mixin.py:190} INFO - [2025-03-20T09:41:28.886-0700] {dag.py:3239} INFO - Sync 1 DAGs
[2025-03-20T09:41:28.899-0700] {logging_mixin.py:190} INFO - [2025-03-20T09:41:28.899-0700] {dag.py:4180} INFO - Setting next_dagrun for tutorial_taskflow_api to None, run_after=None
[2025-03-20T09:41:28.919-0700] {processor.py:208} INFO - Processing /Users/shwetawani/Documents/XNode Project/XNode_project/.venv/lib/python3.12/site-packages/airflow/example_dags/tutorial_taskflow_api.py took 0.266 seconds
[2025-03-20T09:44:21.330-0700] {processor.py:186} INFO - Started process (PID=64316) to work on /Users/shwetawani/Documents/XNode Project/XNode_project/.venv/lib/python3.12/site-packages/airflow/example_dags/tutorial_taskflow_api.py
[2025-03-20T09:44:21.331-0700] {processor.py:914} INFO - Processing file /Users/shwetawani/Documents/XNode Project/XNode_project/.venv/lib/python3.12/site-packages/airflow/example_dags/tutorial_taskflow_api.py for tasks to queue
[2025-03-20T09:44:21.333-0700] {logging_mixin.py:190} INFO - [2025-03-20T09:44:21.333-0700] {dagbag.py:588} INFO - Filling up the DagBag from /Users/shwetawani/Documents/XNode Project/XNode_project/.venv/lib/python3.12/site-packages/airflow/example_dags/tutorial_taskflow_api.py
[2025-03-20T09:44:21.373-0700] {processor.py:925} INFO - DAG(s) 'tutorial_taskflow_api' retrieved from /Users/shwetawani/Documents/XNode Project/XNode_project/.venv/lib/python3.12/site-packages/airflow/example_dags/tutorial_taskflow_api.py
[2025-03-20T09:44:21.540-0700] {logging_mixin.py:190} INFO - [2025-03-20T09:44:21.539-0700] {dag.py:3239} INFO - Sync 1 DAGs
[2025-03-20T09:44:21.551-0700] {logging_mixin.py:190} INFO - [2025-03-20T09:44:21.551-0700] {dag.py:4180} INFO - Setting next_dagrun for tutorial_taskflow_api to None, run_after=None
[2025-03-20T09:44:21.568-0700] {processor.py:208} INFO - Processing /Users/shwetawani/Documents/XNode Project/XNode_project/.venv/lib/python3.12/site-packages/airflow/example_dags/tutorial_taskflow_api.py took 0.242 seconds
